2016-06-03 04:39:30 sys_log : [INFO] click -> //UIAApplication[1]/UIAWindow[1]/UIAScrollView[1]/UIAButton[1]
2016-06-03 04:39:35 sys_log : [INFO] click -> //UIAApplication[1]/UIAWindow[1]/UIAButton[3]
2016-06-03 04:39:48 sys_log : [INFO] click -> //UIAApplication[1]/UIAWindow[1]/UIAScrollView[1]/UIAButton[2]
2016-06-03 04:39:52 sys_log : [INFO] input -> //UIAApplication[1]/UIAWindow[1]/UIAScrollView[1]/UIATextField[1], sendKeys -> 15618971003
2016-06-03 04:40:04 sys_log : [INFO] input -> //UIAApplication[1]/UIAWindow[1]/UIAScrollView[1]/UIASecureTextField[1], sendKeys -> qwer2015
2016-06-03 04:40:15 sys_log : [INFO] click -> //UIAApplication[1]/UIAWindow[1]/UIAScrollView[1]/UIAButton[1]
2016-06-03 04:40:20 sys_log : [INFO] gesture -> //UIAButton[@name='blue circle']
2016-06-03 04:42:09 sys_log : [INFO] ########################### 开始执行探索性遍历测试 ###########################
2016-06-03 04:42:14 sys_log : [INFO] 报告主人,有1个节点任务出栈并加入黑名单 -> 现在还有23个任务待运行, [UIAImage,home_bg_night,,,/0/0/4], 187ea068ebc93a06192abbb8b02caca5-0,0-320,519-//UIAApplication[1]/UIAWindow[1]/UIAImage[2]
2016-06-03 04:42:19 sys_log : [INFO] 当前节点任务所属窗口是否就是当前窗口 -> false
2016-06-03 04:42:19 sys_log : [INFO] 187ea068ebc93a06192abbb8b02caca5 >> 207671ea47676d5677555f7f09affeb9, 窗口迁移至新窗口......
2016-06-03 04:42:19 sys_log : [INFO] 相同窗口执行次数 -> 1
2016-06-03 04:42:25 sys_log : [INFO] 25个新任务准备入栈......
2016-06-03 04:42:25 sys_log : [INFO] 20个新任务允许入栈......
2016-06-03 04:42:25 sys_log : [INFO] 任务栈已更新, 20个新任务允许入栈, 现在还有44个任务待运行......
2016-06-03 04:42:25 sys_log : [INFO] 任务栈已更新,现在还有43个任务待运行......
2016-06-03 04:42:25 sys_log : [INFO] [UIAButton,,,,/0/0/4/17], 207671ea47676d5677555f7f09affeb9 >> 开始执行节点任务......
2016-06-03 04:42:31 sys_log : [INFO] click -> [info = UIAButton,,,,/0/0/4/17], [depth = 2]207671ea47676d5677555f7f09affeb9-122.5,60-75,53.5-//UIAApplication[1]/UIAWindow[1]/UIATableView[1]/UIAButton[4]
2016-06-03 04:42:35 sys_log : [INFO] 报告主人,有1个节点任务出栈并加入黑名单 -> 现在还有42个任务待运行, [UIATableCell,,,,/0/0/4/21], 207671ea47676d5677555f7f09affeb9-0,190.00100708007812-320,255-//UIAApplication[1]/UIAWindow[1]/UIATableView[1]/UIATableCell[1]
2016-06-03 04:42:37 sys_log : [INFO] 当前节点任务所属窗口是否就是当前窗口 -> false
2016-06-03 04:42:37 sys_log : [INFO] 207671ea47676d5677555f7f09affeb9 >> ed5dde683a88ed5f703f5e279644bd42, 窗口迁移至新窗口......
2016-06-03 04:42:37 sys_log : [INFO] 相同窗口执行次数 -> 0
2016-06-03 04:42:39 sys_log : [INFO] 6个新任务准备入栈......
2016-06-03 04:42:39 sys_log : [INFO] 6个新任务允许入栈......
2016-06-03 04:42:39 sys_log : [INFO] 任务栈已更新, 6个新任务允许入栈, 现在还有49个任务待运行......
2016-06-03 04:42:39 sys_log : [INFO] 任务栈已更新,现在还有48个任务待运行......
2016-06-03 04:42:39 sys_log : [INFO] [UIAButton,add rightbuttonItem,add rightbuttonItem,,/0/0/0/4], ed5dde683a88ed5f703f5e279644bd42 >> 开始执行节点任务......
2016-06-03 04:42:42 sys_log : [INFO] click -> [info = UIAButton,add rightbuttonItem,add rightbuttonItem,,/0/0/0/4], [depth = 3]ed5dde683a88ed5f703f5e279644bd42-273,26-42,30-//UIAApplication[1]/UIAWindow[1]/UIANavigationBar[1]/UIAButton[3]
2016-06-03 04:42:46 sys_log : [INFO] 报告主人,有1个节点任务出栈并加入黑名单 -> 现在还有47个任务待运行, [UIAButton,,,1,/0/0/6/6], ed5dde683a88ed5f703f5e279644bd42-191,337-23,23-//UIAApplication[1]/UIAWindow[1]/UIATableView[1]/UIAButton[4]
2016-06-03 04:42:48 sys_log : [INFO] 当前节点任务所属窗口是否就是当前窗口 -> false
2016-06-03 04:42:48 sys_log : [INFO] ed5dde683a88ed5f703f5e279644bd42 >> 1514f19034cb7fe59b23a3ecbf5e7e75, 窗口迁移至新窗口......
2016-06-03 04:42:48 sys_log : [INFO] 相同窗口执行次数 -> 0
2016-06-03 04:42:48 sys_log : [INFO] [UIAButton,,,1,/0/0/6/6], ed5dde683a88ed5f703f5e279644bd42 >> 1514f19034cb7fe59b23a3ecbf5e7e75, 窗口虽然发生迁移,但已达到最大遍历深度 -> 3, 点击返回......
2016-06-03 04:43:01 sys_log : [ERROR]   节点任务 -> [info = UIAButton,,,1,/0/0/6/6], 发生未知异常, 弹出下一个节点任务, ed5dde683a88ed5f703f5e279644bd42-191,337-23,23-//UIAApplication[1]/UIAWindow[1]/UIATableView[1]/UIAButton[4]
2016-06-03 04:43:02 sys_log : [ERROR]   org.openqa.selenium.remote.UnreachableBrowserException: Error communicating with the remote browser. It may have died.
Build info: version: '2.53.0', revision: '35ae25b', time: '2016-03-15 17:00:58'
System info: host: 'macdeMBP', ip: '192.168.1.7', os.name: 'Mac OS X', os.arch: 'x86_64', os.version: '10.10.5', java.version: '1.8.0_74'
Driver info: driver.version: unknown
Capabilities [{app=/Users/mac/Desktop/apk/PANewToapAPP.app, networkConnectionEnabled=false, noReset=false, warnings={}, appiumVersion=1.0, bundleId=com.pingan.yizhangtong, language=zh-Hans, databaseEnabled=false, deviceName=iPhone 5, platform=MAC, desired={app=/Users/mac/Desktop/apk/PANewToapAPP.app, noReset=false, autoLaunch=true, appiumVersion=1.0, platformVersion=8.2, bundleId=com.pingan.yizhangtong, language=zh-Hans, udid=d32975a39224bc409796bcdc75956cd6530edbdb, platformName=iOS, deviceName=iPhone 5, autoAcceptAlerts=true}, autoLaunch=true, platformVersion=8.2, webStorageEnabled=false, locationContextEnabled=false, browserName=iOS, takesScreenshot=true, javascriptEnabled=true, udid=d32975a39224bc409796bcdc75956cd6530edbdb, platformName=iOS, autoAcceptAlerts=true}]
Session ID: dd37c4f6-519e-482c-b17c-1bc8ade3f601
2016-06-03 04:43:02 sys_log : [INFO] 报告主人,有1个节点任务出栈并加入黑名单 -> 现在还有46个任务待运行, [UIAButton,,,,/0/0/6/8], ed5dde683a88ed5f703f5e279644bd42-191,375-23,23-//UIAApplication[1]/UIAWindow[1]/UIATableView[1]/UIAButton[5]
2016-06-03 04:43:02 sys_log : [ERROR]   节点任务 -> [info = UIAButton,,,,/0/0/6/8], 发生未知异常, 弹出下一个节点任务, ed5dde683a88ed5f703f5e279644bd42-191,375-23,23-//UIAApplication[1]/UIAWindow[1]/UIATableView[1]/UIAButton[5]
2016-06-03 04:43:02 sys_log : [ERROR]   org.openqa.selenium.remote.UnreachableBrowserException: Error communicating with the remote browser. It may have died.
Build info: version: '2.53.0', revision: '35ae25b', time: '2016-03-15 17:00:58'
System info: host: 'macdeMBP', ip: '192.168.1.7', os.name: 'Mac OS X', os.arch: 'x86_64', os.version: '10.10.5', java.version: '1.8.0_74'
Driver info: driver.version: unknown
Capabilities [{app=/Users/mac/Desktop/apk/PANewToapAPP.app, networkConnectionEnabled=false, noReset=false, warnings={}, appiumVersion=1.0, bundleId=com.pingan.yizhangtong, language=zh-Hans, databaseEnabled=false, deviceName=iPhone 5, platform=MAC, desired={app=/Users/mac/Desktop/apk/PANewToapAPP.app, noReset=false, autoLaunch=true, appiumVersion=1.0, platformVersion=8.2, bundleId=com.pingan.yizhangtong, language=zh-Hans, udid=d32975a39224bc409796bcdc75956cd6530edbdb, platformName=iOS, deviceName=iPhone 5, autoAcceptAlerts=true}, autoLaunch=true, platformVersion=8.2, webStorageEnabled=false, locationContextEnabled=false, browserName=iOS, takesScreenshot=true, javascriptEnabled=true, udid=d32975a39224bc409796bcdc75956cd6530edbdb, platformName=iOS, autoAcceptAlerts=true}]
Session ID: dd37c4f6-519e-482c-b17c-1bc8ade3f601
2016-06-03 04:43:02 sys_log : [INFO] 报告主人,有1个节点任务出栈并加入黑名单 -> 现在还有45个任务待运行, [UIAButton,,,,/0/0/6/10], ed5dde683a88ed5f703f5e279644bd42-191,413-23,23-//UIAApplication[1]/UIAWindow[1]/UIATableView[1]/UIAButton[6]
2016-06-03 04:43:03 sys_log : [ERROR]   节点任务 -> [info = UIAButton,,,,/0/0/6/10], 发生未知异常, 弹出下一个节点任务, ed5dde683a88ed5f703f5e279644bd42-191,413-23,23-//UIAApplication[1]/UIAWindow[1]/UIATableView[1]/UIAButton[6]
2016-06-03 04:43:03 sys_log : [ERROR]   org.openqa.selenium.remote.UnreachableBrowserException: Error communicating with the remote browser. It may have died.
Build info: version: '2.53.0', revision: '35ae25b', time: '2016-03-15 17:00:58'
System info: host: 'macdeMBP', ip: '192.168.1.7', os.name: 'Mac OS X', os.arch: 'x86_64', os.version: '10.10.5', java.version: '1.8.0_74'
Driver info: driver.version: unknown
Capabilities [{app=/Users/mac/Desktop/apk/PANewToapAPP.app, networkConnectionEnabled=false, noReset=false, warnings={}, appiumVersion=1.0, bundleId=com.pingan.yizhangtong, language=zh-Hans, databaseEnabled=false, deviceName=iPhone 5, platform=MAC, desired={app=/Users/mac/Desktop/apk/PANewToapAPP.app, noReset=false, autoLaunch=true, appiumVersion=1.0, platformVersion=8.2, bundleId=com.pingan.yizhangtong, language=zh-Hans, udid=d32975a39224bc409796bcdc75956cd6530edbdb, platformName=iOS, deviceName=iPhone 5, autoAcceptAlerts=true}, autoLaunch=true, platformVersion=8.2, webStorageEnabled=false, locationContextEnabled=false, browserName=iOS, takesScreenshot=true, javascriptEnabled=true, udid=d32975a39224bc409796bcdc75956cd6530edbdb, platformName=iOS, autoAcceptAlerts=true}]
Session ID: dd37c4f6-519e-482c-b17c-1bc8ade3f601
2016-06-03 04:43:03 sys_log : [INFO] 报告主人,有1个节点任务出栈并加入黑名单 -> 现在还有44个任务待运行, [UIATableCell,添加账户了解资产，获得合理的投资建议,,,/0/0/6/13], ed5dde683a88ed5f703f5e279644bd42-0,470-320,80-//UIAApplication[1]/UIAWindow[1]/UIATableView[1]/UIATableCell[1]
2016-06-03 04:43:03 sys_log : [ERROR]   节点任务 -> [info = UIATableCell,添加账户了解资产，获得合理的投资建议,,,/0/0/6/13], 发生未知异常, 弹出下一个节点任务, ed5dde683a88ed5f703f5e279644bd42-0,470-320,80-//UIAApplication[1]/UIAWindow[1]/UIATableView[1]/UIATableCell[1]
2016-06-03 04:43:03 sys_log : [ERROR]   org.openqa.selenium.remote.UnreachableBrowserException: Error communicating with the remote browser. It may have died.
Build info: version: '2.53.0', revision: '35ae25b', time: '2016-03-15 17:00:58'
System info: host: 'macdeMBP', ip: '192.168.1.7', os.name: 'Mac OS X', os.arch: 'x86_64', os.version: '10.10.5', java.version: '1.8.0_74'
Driver info: driver.version: unknown
Capabilities [{app=/Users/mac/Desktop/apk/PANewToapAPP.app, networkConnectionEnabled=false, noReset=false, warnings={}, appiumVersion=1.0, bundleId=com.pingan.yizhangtong, language=zh-Hans, databaseEnabled=false, deviceName=iPhone 5, platform=MAC, desired={app=/Users/mac/Desktop/apk/PANewToapAPP.app, noReset=false, autoLaunch=true, appiumVersion=1.0, platformVersion=8.2, bundleId=com.pingan.yizhangtong, language=zh-Hans, udid=d32975a39224bc409796bcdc75956cd6530edbdb, platformName=iOS, deviceName=iPhone 5, autoAcceptAlerts=true}, autoLaunch=true, platformVersion=8.2, webStorageEnabled=false, locationContextEnabled=false, browserName=iOS, takesScreenshot=true, javascriptEnabled=true, udid=d32975a39224bc409796bcdc75956cd6530edbdb, platformName=iOS, autoAcceptAlerts=true}]
Session ID: dd37c4f6-519e-482c-b17c-1bc8ade3f601
2016-06-03 04:43:03 sys_log : [INFO] 报告主人,有1个节点任务出栈并加入黑名单 -> 现在还有43个任务待运行, [UIATableCell,资产,,,/0/0/6/16], ed5dde683a88ed5f703f5e279644bd42-0,560.010009765625-320,33-//UIAApplication[1]/UIAWindow[1]/UIATableView[1]/UIATableCell[2]
2016-06-03 04:43:03 sys_log : [ERROR]   节点任务 -> [info = UIATableCell,资产,,,/0/0/6/16], 发生未知异常, 弹出下一个节点任务, ed5dde683a88ed5f703f5e279644bd42-0,560.010009765625-320,33-//UIAApplication[1]/UIAWindow[1]/UIATableView[1]/UIATableCell[2]
2016-06-03 04:43:03 sys_log : [ERROR]   org.openqa.selenium.remote.UnreachableBrowserException: Error communicating with the remote browser. It may have died.
Build info: version: '2.53.0', revision: '35ae25b', time: '2016-03-15 17:00:58'
System info: host: 'macdeMBP', ip: '192.168.1.7', os.name: 'Mac OS X', os.arch: 'x86_64', os.version: '10.10.5', java.version: '1.8.0_74'
Driver info: driver.version: unknown
Capabilities [{app=/Users/mac/Desktop/apk/PANewToapAPP.app, networkConnectionEnabled=false, noReset=false, warnings={}, appiumVersion=1.0, bundleId=com.pingan.yizhangtong, language=zh-Hans, databaseEnabled=false, deviceName=iPhone 5, platform=MAC, desired={app=/Users/mac/Desktop/apk/PANewToapAPP.app, noReset=false, autoLaunch=true, appiumVersion=1.0, platformVersion=8.2, bundleId=com.pingan.yizhangtong, language=zh-Hans, udid=d32975a39224bc409796bcdc75956cd6530edbdb, platformName=iOS, deviceName=iPhone 5, autoAcceptAlerts=true}, autoLaunch=true, platformVersion=8.2, webStorageEnabled=false, locationContextEnabled=false, browserName=iOS, takesScreenshot=true, javascriptEnabled=true, udid=d32975a39224bc409796bcdc75956cd6530edbdb, platformName=iOS, autoAcceptAlerts=true}]
Session ID: dd37c4f6-519e-482c-b17c-1bc8ade3f601
2016-06-03 04:43:03 sys_log : [INFO] 报告主人,有1个节点任务出栈并加入黑名单 -> 现在还有42个任务待运行, [UIATableCell,,,,/0/0/4/21], 207671ea47676d5677555f7f09affeb9-0,190.00100708007812-320,255-//UIAApplication[1]/UIAWindow[1]/UIATableView[1]/UIATableCell[1]
2016-06-03 04:43:04 sys_log : [ERROR]   节点任务 -> [info = UIATableCell,,,,/0/0/4/21], 发生未知异常, 弹出下一个节点任务, 207671ea47676d5677555f7f09affeb9-0,190.00100708007812-320,255-//UIAApplication[1]/UIAWindow[1]/UIATableView[1]/UIATableCell[1]
2016-06-03 04:43:04 sys_log : [ERROR]   org.openqa.selenium.remote.UnreachableBrowserException: Error communicating with the remote browser. It may have died.
Build info: version: '2.53.0', revision: '35ae25b', time: '2016-03-15 17:00:58'
System info: host: 'macdeMBP', ip: '192.168.1.7', os.name: 'Mac OS X', os.arch: 'x86_64', os.version: '10.10.5', java.version: '1.8.0_74'
Driver info: driver.version: unknown
Capabilities [{app=/Users/mac/Desktop/apk/PANewToapAPP.app, networkConnectionEnabled=false, noReset=false, warnings={}, appiumVersion=1.0, bundleId=com.pingan.yizhangtong, language=zh-Hans, databaseEnabled=false, deviceName=iPhone 5, platform=MAC, desired={app=/Users/mac/Desktop/apk/PANewToapAPP.app, noReset=false, autoLaunch=true, appiumVersion=1.0, platformVersion=8.2, bundleId=com.pingan.yizhangtong, language=zh-Hans, udid=d32975a39224bc409796bcdc75956cd6530edbdb, platformName=iOS, deviceName=iPhone 5, autoAcceptAlerts=true}, autoLaunch=true, platformVersion=8.2, webStorageEnabled=false, locationContextEnabled=false, browserName=iOS, takesScreenshot=true, javascriptEnabled=true, udid=d32975a39224bc409796bcdc75956cd6530edbdb, platformName=iOS, autoAcceptAlerts=true}]
Session ID: dd37c4f6-519e-482c-b17c-1bc8ade3f601
2016-06-03 04:43:04 sys_log : [INFO] 报告主人,有1个节点任务出栈并加入黑名单 -> 现在还有41个任务待运行, [UIACollectionCell,信用卡,,0,/0/0/4/21/0/0], 207671ea47676d5677555f7f09affeb9-0.75,190.00100708007812-158.75,84.5-//UIAApplication[1]/UIAWindow[1]/UIATableView[1]/UIATableCell[1]/UIACollectionView[1]/UIACollectionCell[1]
2016-06-03 04:43:04 sys_log : [ERROR]   节点任务 -> [info = UIACollectionCell,信用卡,,0,/0/0/4/21/0/0], 发生未知异常, 弹出下一个节点任务, 207671ea47676d5677555f7f09affeb9-0.75,190.00100708007812-158.75,84.5-//UIAApplication[1]/UIAWindow[1]/UIATableView[1]/UIATableCell[1]/UIACollectionView[1]/UIACollectionCell[1]
2016-06-03 04:43:04 sys_log : [ERROR]   org.openqa.selenium.remote.UnreachableBrowserException: Error communicating with the remote browser. It may have died.
Build info: version: '2.53.0', revision: '35ae25b', time: '2016-03-15 17:00:58'
System info: host: 'macdeMBP', ip: '192.168.1.7', os.name: 'Mac OS X', os.arch: 'x86_64', os.version: '10.10.5', java.version: '1.8.0_74'
Driver info: driver.version: unknown
Capabilities [{app=/Users/mac/Desktop/apk/PANewToapAPP.app, networkConnectionEnabled=false, noReset=false, warnings={}, appiumVersion=1.0, bundleId=com.pingan.yizhangtong, language=zh-Hans, databaseEnabled=false, deviceName=iPhone 5, platform=MAC, desired={app=/Users/mac/Desktop/apk/PANewToapAPP.app, noReset=false, autoLaunch=true, appiumVersion=1.0, platformVersion=8.2, bundleId=com.pingan.yizhangtong, language=zh-Hans, udid=d32975a39224bc409796bcdc75956cd6530edbdb, platformName=iOS, deviceName=iPhone 5, autoAcceptAlerts=true}, autoLaunch=true, platformVersion=8.2, webStorageEnabled=false, locationContextEnabled=false, browserName=iOS, takesScreenshot=true, javascriptEnabled=true, udid=d32975a39224bc409796bcdc75956cd6530edbdb, platformName=iOS, autoAcceptAlerts=true}]
Session ID: dd37c4f6-519e-482c-b17c-1bc8ade3f601
2016-06-03 04:43:04 sys_log : [INFO] 报告主人,有1个节点任务出栈并加入黑名单 -> 现在还有40个任务待运行, [UIACollectionCell,车·车险,,0,/0/0/4/21/0/1], 207671ea47676d5677555f7f09affeb9-160,190.00100708007812-158.75,84.5-//UIAApplication[1]/UIAWindow[1]/UIATableView[1]/UIATableCell[1]/UIACollectionView[1]/UIACollectionCell[2]
2016-06-03 04:43:04 sys_log : [ERROR]   节点任务 -> [info = UIACollectionCell,车·车险,,0,/0/0/4/21/0/1], 发生未知异常, 弹出下一个节点任务, 207671ea47676d5677555f7f09affeb9-160,190.00100708007812-158.75,84.5-//UIAApplication[1]/UIAWindow[1]/UIATableView[1]/UIATableCell[1]/UIACollectionView[1]/UIACollectionCell[2]
2016-06-03 04:43:04 sys_log : [ERROR]   org.openqa.selenium.remote.UnreachableBrowserException: Error communicating with the remote browser. It may have died.
Build info: version: '2.53.0', revision: '35ae25b', time: '2016-03-15 17:00:58'
System info: host: 'macdeMBP', ip: '192.168.1.7', os.name: 'Mac OS X', os.arch: 'x86_64', os.version: '10.10.5', java.version: '1.8.0_74'
Driver info: driver.version: unknown
Capabilities [{app=/Users/mac/Desktop/apk/PANewToapAPP.app, networkConnectionEnabled=false, noReset=false, warnings={}, appiumVersion=1.0, bundleId=com.pingan.yizhangtong, language=zh-Hans, databaseEnabled=false, deviceName=iPhone 5, platform=MAC, desired={app=/Users/mac/Desktop/apk/PANewToapAPP.app, noReset=false, autoLaunch=true, appiumVersion=1.0, platformVersion=8.2, bundleId=com.pingan.yizhangtong, language=zh-Hans, udid=d32975a39224bc409796bcdc75956cd6530edbdb, platformName=iOS, deviceName=iPhone 5, autoAcceptAlerts=true}, autoLaunch=true, platformVersion=8.2, webStorageEnabled=false, locationContextEnabled=false, browserName=iOS, takesScreenshot=true, javascriptEnabled=true, udid=d32975a39224bc409796bcdc75956cd6530edbdb, platformName=iOS, autoAcceptAlerts=true}]
Session ID: dd37c4f6-519e-482c-b17c-1bc8ade3f601
2016-06-03 04:43:04 sys_log : [INFO] 报告主人,有1个节点任务出栈并加入黑名单 -> 现在还有39个任务待运行, [UIACollectionCell,理财·基金,,0,/0/0/4/21/0/2], 207671ea47676d5677555f7f09affeb9-0.75,275.0010070800781-79.125,84.5-//UIAApplication[1]/UIAWindow[1]/UIATableView[1]/UIATableCell[1]/UIACollectionView[1]/UIACollectionCell[3]
2016-06-03 04:43:05 sys_log : [ERROR]   节点任务 -> [info = UIACollectionCell,理财·基金,,0,/0/0/4/21/0/2], 发生未知异常, 弹出下一个节点任务, 207671ea47676d5677555f7f09affeb9-0.75,275.0010070800781-79.125,84.5-//UIAApplication[1]/UIAWindow[1]/UIATableView[1]/UIATableCell[1]/UIACollectionView[1]/UIACollectionCell[3]
2016-06-03 04:43:05 sys_log : [ERROR]   org.openqa.selenium.remote.UnreachableBrowserException: Error communicating with the remote browser. It may have died.
Build info: version: '2.53.0', revision: '35ae25b', time: '2016-03-15 17:00:58'
System info: host: 'macdeMBP', ip: '192.168.1.7', os.name: 'Mac OS X', os.arch: 'x86_64', os.version: '10.10.5', java.version: '1.8.0_74'
Driver info: driver.version: unknown
Capabilities [{app=/Users/mac/Desktop/apk/PANewToapAPP.app, networkConnectionEnabled=false, noReset=false, warnings={}, appiumVersion=1.0, bundleId=com.pingan.yizhangtong, language=zh-Hans, databaseEnabled=false, deviceName=iPhone 5, platform=MAC, desired={app=/Users/mac/Desktop/apk/PANewToapAPP.app, noReset=false, autoLaunch=true, appiumVersion=1.0, platformVersion=8.2, bundleId=com.pingan.yizhangtong, language=zh-Hans, udid=d32975a39224bc409796bcdc75956cd6530edbdb, platformName=iOS, deviceName=iPhone 5, autoAcceptAlerts=true}, autoLaunch=true, platformVersion=8.2, webStorageEnabled=false, locationContextEnabled=false, browserName=iOS, takesScreenshot=true, javascriptEnabled=true, udid=d32975a39224bc409796bcdc75956cd6530edbdb, platformName=iOS, autoAcceptAlerts=true}]
Session ID: dd37c4f6-519e-482c-b17c-1bc8ade3f601
2016-06-03 04:43:05 sys_log : [INFO] 报告主人,有1个节点任务出栈并加入黑名单 -> 现在还有38个任务待运行, [UIACollectionCell,选股宝,,0,/0/0/4/21/0/3], 207671ea47676d5677555f7f09affeb9-80.375,275.0010070800781-79.125,84.5-//UIAApplication[1]/UIAWindow[1]/UIATableView[1]/UIATableCell[1]/UIACollectionView[1]/UIACollectionCell[4]
2016-06-03 04:43:06 sys_log : [ERROR]   节点任务 -> [info = UIACollectionCell,选股宝,,0,/0/0/4/21/0/3], 发生未知异常, 弹出下一个节点任务, 207671ea47676d5677555f7f09affeb9-80.375,275.0010070800781-79.125,84.5-//UIAApplication[1]/UIAWindow[1]/UIATableView[1]/UIATableCell[1]/UIACollectionView[1]/UIACollectionCell[4]
2016-06-03 04:43:06 sys_log : [ERROR]   org.openqa.selenium.remote.UnreachableBrowserException: Error communicating with the remote browser. It may have died.
Build info: version: '2.53.0', revision: '35ae25b', time: '2016-03-15 17:00:58'
System info: host: 'macdeMBP', ip: '192.168.1.7', os.name: 'Mac OS X', os.arch: 'x86_64', os.version: '10.10.5', java.version: '1.8.0_74'
Driver info: driver.version: unknown
Capabilities [{app=/Users/mac/Desktop/apk/PANewToapAPP.app, networkConnectionEnabled=false, noReset=false, warnings={}, appiumVersion=1.0, bundleId=com.pingan.yizhangtong, language=zh-Hans, databaseEnabled=false, deviceName=iPhone 5, platform=MAC, desired={app=/Users/mac/Desktop/apk/PANewToapAPP.app, noReset=false, autoLaunch=true, appiumVersion=1.0, platformVersion=8.2, bundleId=com.pingan.yizhangtong, language=zh-Hans, udid=d32975a39224bc409796bcdc75956cd6530edbdb, platformName=iOS, deviceName=iPhone 5, autoAcceptAlerts=true}, autoLaunch=true, platformVersion=8.2, webStorageEnabled=false, locationContextEnabled=false, browserName=iOS, takesScreenshot=true, javascriptEnabled=true, udid=d32975a39224bc409796bcdc75956cd6530edbdb, platformName=iOS, autoAcceptAlerts=true}]
Session ID: dd37c4f6-519e-482c-b17c-1bc8ade3f601
2016-06-03 04:43:06 sys_log : [INFO] 报告主人,有1个节点任务出栈并加入黑名单 -> 现在还有37个任务待运行, [UIACollectionCell,保险,,0,/0/0/4/21/0/4], 207671ea47676d5677555f7f09affeb9-160,275.0010070800781-79.125,84.5-//UIAApplication[1]/UIAWindow[1]/UIATableView[1]/UIATableCell[1]/UIACollectionView[1]/UIACollectionCell[5]
2016-06-03 04:43:06 sys_log : [ERROR]   节点任务 -> [info = UIACollectionCell,保险,,0,/0/0/4/21/0/4], 发生未知异常, 弹出下一个节点任务, 207671ea47676d5677555f7f09affeb9-160,275.0010070800781-79.125,84.5-//UIAApplication[1]/UIAWindow[1]/UIATableView[1]/UIATableCell[1]/UIACollectionView[1]/UIACollectionCell[5]
2016-06-03 04:43:06 sys_log : [ERROR]   org.openqa.selenium.remote.UnreachableBrowserException: Error communicating with the remote browser. It may have died.
Build info: version: '2.53.0', revision: '35ae25b', time: '2016-03-15 17:00:58'
System info: host: 'macdeMBP', ip: '192.168.1.7', os.name: 'Mac OS X', os.arch: 'x86_64', os.version: '10.10.5', java.version: '1.8.0_74'
Driver info: driver.version: unknown
Capabilities [{app=/Users/mac/Desktop/apk/PANewToapAPP.app, networkConnectionEnabled=false, noReset=false, warnings={}, appiumVersion=1.0, bundleId=com.pingan.yizhangtong, language=zh-Hans, databaseEnabled=false, deviceName=iPhone 5, platform=MAC, desired={app=/Users/mac/Desktop/apk/PANewToapAPP.app, noReset=false, autoLaunch=true, appiumVersion=1.0, platformVersion=8.2, bundleId=com.pingan.yizhangtong, language=zh-Hans, udid=d32975a39224bc409796bcdc75956cd6530edbdb, platformName=iOS, deviceName=iPhone 5, autoAcceptAlerts=true}, autoLaunch=true, platformVersion=8.2, webStorageEnabled=false, locationContextEnabled=false, browserName=iOS, takesScreenshot=true, javascriptEnabled=true, udid=d32975a39224bc409796bcdc75956cd6530edbdb, platformName=iOS, autoAcceptAlerts=true}]
Session ID: dd37c4f6-519e-482c-b17c-1bc8ade3f601
2016-06-03 04:43:06 sys_log : [INFO] 报告主人,有1个节点任务出栈并加入黑名单 -> 现在还有36个任务待运行, [UIACollectionCell,健康,,0,/0/0/4/21/0/5], 207671ea47676d5677555f7f09affeb9-239.625,275.0010070800781-79.125,84.5-//UIAApplication[1]/UIAWindow[1]/UIATableView[1]/UIATableCell[1]/UIACollectionView[1]/UIACollectionCell[6]
2016-06-03 04:43:07 sys_log : [ERROR]   节点任务 -> [info = UIACollectionCell,健康,,0,/0/0/4/21/0/5], 发生未知异常, 弹出下一个节点任务, 207671ea47676d5677555f7f09affeb9-239.625,275.0010070800781-79.125,84.5-//UIAApplication[1]/UIAWindow[1]/UIATableView[1]/UIATableCell[1]/UIACollectionView[1]/UIACollectionCell[6]
2016-06-03 04:43:07 sys_log : [ERROR]   org.openqa.selenium.remote.UnreachableBrowserException: Error communicating with the remote browser. It may have died.
Build info: version: '2.53.0', revision: '35ae25b', time: '2016-03-15 17:00:58'
System info: host: 'macdeMBP', ip: '192.168.1.7', os.name: 'Mac OS X', os.arch: 'x86_64', os.version: '10.10.5', java.version: '1.8.0_74'
Driver info: driver.version: unknown
Capabilities [{app=/Users/mac/Desktop/apk/PANewToapAPP.app, networkConnectionEnabled=false, noReset=false, warnings={}, appiumVersion=1.0, bundleId=com.pingan.yizhangtong, language=zh-Hans, databaseEnabled=false, deviceName=iPhone 5, platform=MAC, desired={app=/Users/mac/Desktop/apk/PANewToapAPP.app, noReset=false, autoLaunch=true, appiumVersion=1.0, platformVersion=8.2, bundleId=com.pingan.yizhangtong, language=zh-Hans, udid=d32975a39224bc409796bcdc75956cd6530edbdb, platformName=iOS, deviceName=iPhone 5, autoAcceptAlerts=true}, autoLaunch=true, platformVersion=8.2, webStorageEnabled=false, locationContextEnabled=false, browserName=iOS, takesScreenshot=true, javascriptEnabled=true, udid=d32975a39224bc409796bcdc75956cd6530edbdb, platformName=iOS, autoAcceptAlerts=true}]
Session ID: dd37c4f6-519e-482c-b17c-1bc8ade3f601
2016-06-03 04:43:07 sys_log : [INFO] 报告主人,有1个节点任务出栈并加入黑名单 -> 现在还有35个任务待运行, [UIACollectionCell,存款,,0,/0/0/4/21/0/6], 207671ea47676d5677555f7f09affeb9-0.75,360.0010070800781-79.125,84.5-//UIAApplication[1]/UIAWindow[1]/UIATableView[1]/UIATableCell[1]/UIACollectionView[1]/UIACollectionCell[7]
2016-06-03 04:43:07 sys_log : [ERROR]   节点任务 -> [info = UIACollectionCell,存款,,0,/0/0/4/21/0/6], 发生未知异常, 弹出下一个节点任务, 207671ea47676d5677555f7f09affeb9-0.75,360.0010070800781-79.125,84.5-//UIAApplication[1]/UIAWindow[1]/UIATableView[1]/UIATableCell[1]/UIACollectionView[1]/UIACollectionCell[7]
2016-06-03 04:43:07 sys_log : [ERROR]   org.openqa.selenium.remote.UnreachableBrowserException: Error communicating with the remote browser. It may have died.
Build info: version: '2.53.0', revision: '35ae25b', time: '2016-03-15 17:00:58'
System info: host: 'macdeMBP', ip: '192.168.1.7', os.name: 'Mac OS X', os.arch: 'x86_64', os.version: '10.10.5', java.version: '1.8.0_74'
Driver info: driver.version: unknown
Capabilities [{app=/Users/mac/Desktop/apk/PANewToapAPP.app, networkConnectionEnabled=false, noReset=false, warnings={}, appiumVersion=1.0, bundleId=com.pingan.yizhangtong, language=zh-Hans, databaseEnabled=false, deviceName=iPhone 5, platform=MAC, desired={app=/Users/mac/Desktop/apk/PANewToapAPP.app, noReset=false, autoLaunch=true, appiumVersion=1.0, platformVersion=8.2, bundleId=com.pingan.yizhangtong, language=zh-Hans, udid=d32975a39224bc409796bcdc75956cd6530edbdb, platformName=iOS, deviceName=iPhone 5, autoAcceptAlerts=true}, autoLaunch=true, platformVersion=8.2, webStorageEnabled=false, locationContextEnabled=false, browserName=iOS, takesScreenshot=true, javascriptEnabled=true, udid=d32975a39224bc409796bcdc75956cd6530edbdb, platformName=iOS, autoAcceptAlerts=true}]
Session ID: dd37c4f6-519e-482c-b17c-1bc8ade3f601
2016-06-03 04:43:07 sys_log : [INFO] 报告主人,有1个节点任务出栈并加入黑名单 -> 现在还有34个任务待运行, [UIACollectionCell,贷款,,0,/0/0/4/21/0/7], 207671ea47676d5677555f7f09affeb9-80.375,360.0010070800781-79.125,84.5-//UIAApplication[1]/UIAWindow[1]/UIATableView[1]/UIATableCell[1]/UIACollectionView[1]/UIACollectionCell[8]
2016-06-03 04:43:07 sys_log : [ERROR]   节点任务 -> [info = UIACollectionCell,贷款,,0,/0/0/4/21/0/7], 发生未知异常, 弹出下一个节点任务, 207671ea47676d5677555f7f09affeb9-80.375,360.0010070800781-79.125,84.5-//UIAApplication[1]/UIAWindow[1]/UIATableView[1]/UIATableCell[1]/UIACollectionView[1]/UIACollectionCell[8]
2016-06-03 04:43:07 sys_log : [ERROR]   org.openqa.selenium.remote.UnreachableBrowserException: Error communicating with the remote browser. It may have died.
Build info: version: '2.53.0', revision: '35ae25b', time: '2016-03-15 17:00:58'
System info: host: 'macdeMBP', ip: '192.168.1.7', os.name: 'Mac OS X', os.arch: 'x86_64', os.version: '10.10.5', java.version: '1.8.0_74'
Driver info: driver.version: unknown
Capabilities [{app=/Users/mac/Desktop/apk/PANewToapAPP.app, networkConnectionEnabled=false, noReset=false, warnings={}, appiumVersion=1.0, bundleId=com.pingan.yizhangtong, language=zh-Hans, databaseEnabled=false, deviceName=iPhone 5, platform=MAC, desired={app=/Users/mac/Desktop/apk/PANewToapAPP.app, noReset=false, autoLaunch=true, appiumVersion=1.0, platformVersion=8.2, bundleId=com.pingan.yizhangtong, language=zh-Hans, udid=d32975a39224bc409796bcdc75956cd6530edbdb, platformName=iOS, deviceName=iPhone 5, autoAcceptAlerts=true}, autoLaunch=true, platformVersion=8.2, webStorageEnabled=false, locationContextEnabled=false, browserName=iOS, takesScreenshot=true, javascriptEnabled=true, udid=d32975a39224bc409796bcdc75956cd6530edbdb, platformName=iOS, autoAcceptAlerts=true}]
Session ID: dd37c4f6-519e-482c-b17c-1bc8ade3f601
2016-06-03 04:43:07 sys_log : [INFO] 报告主人,有1个节点任务出栈并加入黑名单 -> 现在还有33个任务待运行, [UIACollectionCell,信用,,0,/0/0/4/21/0/8], 207671ea47676d5677555f7f09affeb9-160,360.0010070800781-79.125,84.5-//UIAApplication[1]/UIAWindow[1]/UIATableView[1]/UIATableCell[1]/UIACollectionView[1]/UIACollectionCell[9]
2016-06-03 04:43:08 sys_log : [ERROR]   节点任务 -> [info = UIACollectionCell,信用,,0,/0/0/4/21/0/8], 发生未知异常, 弹出下一个节点任务, 207671ea47676d5677555f7f09affeb9-160,360.0010070800781-79.125,84.5-//UIAApplication[1]/UIAWindow[1]/UIATableView[1]/UIATableCell[1]/UIACollectionView[1]/UIACollectionCell[9]
2016-06-03 04:43:08 sys_log : [ERROR]   org.openqa.selenium.remote.UnreachableBrowserException: Error communicating with the remote browser. It may have died.
Build info: version: '2.53.0', revision: '35ae25b', time: '2016-03-15 17:00:58'
System info: host: 'macdeMBP', ip: '192.168.1.7', os.name: 'Mac OS X', os.arch: 'x86_64', os.version: '10.10.5', java.version: '1.8.0_74'
Driver info: driver.version: unknown
Capabilities [{app=/Users/mac/Desktop/apk/PANewToapAPP.app, networkConnectionEnabled=false, noReset=false, warnings={}, appiumVersion=1.0, bundleId=com.pingan.yizhangtong, language=zh-Hans, databaseEnabled=false, deviceName=iPhone 5, platform=MAC, desired={app=/Users/mac/Desktop/apk/PANewToapAPP.app, noReset=false, autoLaunch=true, appiumVersion=1.0, platformVersion=8.2, bundleId=com.pingan.yizhangtong, language=zh-Hans, udid=d32975a39224bc409796bcdc75956cd6530edbdb, platformName=iOS, deviceName=iPhone 5, autoAcceptAlerts=true}, autoLaunch=true, platformVersion=8.2, webStorageEnabled=false, locationContextEnabled=false, browserName=iOS, takesScreenshot=true, javascriptEnabled=true, udid=d32975a39224bc409796bcdc75956cd6530edbdb, platformName=iOS, autoAcceptAlerts=true}]
Session ID: dd37c4f6-519e-482c-b17c-1bc8ade3f601
2016-06-03 04:43:08 sys_log : [INFO] 报告主人,有1个节点任务出栈并加入黑名单 -> 现在还有32个任务待运行, [UIACollectionCell,房产,,0,/0/0/4/21/0/9], 207671ea47676d5677555f7f09affeb9-239.625,360.0010070800781-79.125,84.5-//UIAApplication[1]/UIAWindow[1]/UIATableView[1]/UIATableCell[1]/UIACollectionView[1]/UIACollectionCell[10]
2016-06-03 04:43:08 sys_log : [ERROR]   节点任务 -> [info = UIACollectionCell,房产,,0,/0/0/4/21/0/9], 发生未知异常, 弹出下一个节点任务, 207671ea47676d5677555f7f09affeb9-239.625,360.0010070800781-79.125,84.5-//UIAApplication[1]/UIAWindow[1]/UIATableView[1]/UIATableCell[1]/UIACollectionView[1]/UIACollectionCell[10]
2016-06-03 04:43:08 sys_log : [ERROR]   org.openqa.selenium.remote.UnreachableBrowserException: Error communicating with the remote browser. It may have died.
Build info: version: '2.53.0', revision: '35ae25b', time: '2016-03-15 17:00:58'
System info: host: 'macdeMBP', ip: '192.168.1.7', os.name: 'Mac OS X', os.arch: 'x86_64', os.version: '10.10.5', java.version: '1.8.0_74'
Driver info: driver.version: unknown
Capabilities [{app=/Users/mac/Desktop/apk/PANewToapAPP.app, networkConnectionEnabled=false, noReset=false, warnings={}, appiumVersion=1.0, bundleId=com.pingan.yizhangtong, language=zh-Hans, databaseEnabled=false, deviceName=iPhone 5, platform=MAC, desired={app=/Users/mac/Desktop/apk/PANewToapAPP.app, noReset=false, autoLaunch=true, appiumVersion=1.0, platformVersion=8.2, bundleId=com.pingan.yizhangtong, language=zh-Hans, udid=d32975a39224bc409796bcdc75956cd6530edbdb, platformName=iOS, deviceName=iPhone 5, autoAcceptAlerts=true}, autoLaunch=true, platformVersion=8.2, webStorageEnabled=false, locationContextEnabled=false, browserName=iOS, takesScreenshot=true, javascriptEnabled=true, udid=d32975a39224bc409796bcdc75956cd6530edbdb, platformName=iOS, autoAcceptAlerts=true}]
Session ID: dd37c4f6-519e-482c-b17c-1bc8ade3f601
2016-06-03 04:43:08 sys_log : [INFO] 报告主人,有1个节点任务出栈并加入黑名单 -> 现在还有31个任务待运行, [UIATableCell,,,,/0/0/4/24], 207671ea47676d5677555f7f09affeb9-0,450.00201416015625-320,85-//UIAApplication[1]/UIAWindow[1]/UIATableView[1]/UIATableCell[2]
2016-06-03 04:43:08 sys_log : [ERROR]   节点任务 -> [info = UIATableCell,,,,/0/0/4/24], 发生未知异常, 弹出下一个节点任务, 207671ea47676d5677555f7f09affeb9-0,450.00201416015625-320,85-//UIAApplication[1]/UIAWindow[1]/UIATableView[1]/UIATableCell[2]
2016-06-03 04:43:08 sys_log : [ERROR]   org.openqa.selenium.remote.UnreachableBrowserException: Error communicating with the remote browser. It may have died.
Build info: version: '2.53.0', revision: '35ae25b', time: '2016-03-15 17:00:58'
System info: host: 'macdeMBP', ip: '192.168.1.7', os.name: 'Mac OS X', os.arch: 'x86_64', os.version: '10.10.5', java.version: '1.8.0_74'
Driver info: driver.version: unknown
Capabilities [{app=/Users/mac/Desktop/apk/PANewToapAPP.app, networkConnectionEnabled=false, noReset=false, warnings={}, appiumVersion=1.0, bundleId=com.pingan.yizhangtong, language=zh-Hans, databaseEnabled=false, deviceName=iPhone 5, platform=MAC, desired={app=/Users/mac/Desktop/apk/PANewToapAPP.app, noReset=false, autoLaunch=true, appiumVersion=1.0, platformVersion=8.2, bundleId=com.pingan.yizhangtong, language=zh-Hans, udid=d32975a39224bc409796bcdc75956cd6530edbdb, platformName=iOS, deviceName=iPhone 5, autoAcceptAlerts=true}, autoLaunch=true, platformVersion=8.2, webStorageEnabled=false, locationContextEnabled=false, browserName=iOS, takesScreenshot=true, javascriptEnabled=true, udid=d32975a39224bc409796bcdc75956cd6530edbdb, platformName=iOS, autoAcceptAlerts=true}]
Session ID: dd37c4f6-519e-482c-b17c-1bc8ade3f601
2016-06-03 04:43:08 sys_log : [INFO] 报告主人,有1个节点任务出栈并加入黑名单 -> 现在还有30个任务待运行, [UIACollectionCell,信托,,0,/0/0/4/24/0/0], 207671ea47676d5677555f7f09affeb9-0,450.00201416015625-320,84.5-//UIAApplication[1]/UIAWindow[1]/UIATableView[1]/UIATableCell[2]/UIACollectionView[1]/UIACollectionCell[1]
2016-06-03 04:43:09 sys_log : [ERROR]   节点任务 -> [info = UIACollectionCell,信托,,0,/0/0/4/24/0/0], 发生未知异常, 弹出下一个节点任务, 207671ea47676d5677555f7f09affeb9-0,450.00201416015625-320,84.5-//UIAApplication[1]/UIAWindow[1]/UIATableView[1]/UIATableCell[2]/UIACollectionView[1]/UIACollectionCell[1]
2016-06-03 04:43:09 sys_log : [ERROR]   org.openqa.selenium.remote.UnreachableBrowserException: Error communicating with the remote browser. It may have died.
Build info: version: '2.53.0', revision: '35ae25b', time: '2016-03-15 17:00:58'
System info: host: 'macdeMBP', ip: '192.168.1.7', os.name: 'Mac OS X', os.arch: 'x86_64', os.version: '10.10.5', java.version: '1.8.0_74'
Driver info: driver.version: unknown
Capabilities [{app=/Users/mac/Desktop/apk/PANewToapAPP.app, networkConnectionEnabled=false, noReset=false, warnings={}, appiumVersion=1.0, bundleId=com.pingan.yizhangtong, language=zh-Hans, databaseEnabled=false, deviceName=iPhone 5, platform=MAC, desired={app=/Users/mac/Desktop/apk/PANewToapAPP.app, noReset=false, autoLaunch=true, appiumVersion=1.0, platformVersion=8.2, bundleId=com.pingan.yizhangtong, language=zh-Hans, udid=d32975a39224bc409796bcdc75956cd6530edbdb, platformName=iOS, deviceName=iPhone 5, autoAcceptAlerts=true}, autoLaunch=true, platformVersion=8.2, webStorageEnabled=false, locationContextEnabled=false, browserName=iOS, takesScreenshot=true, javascriptEnabled=true, udid=d32975a39224bc409796bcdc75956cd6530edbdb, platformName=iOS, autoAcceptAlerts=true}]
Session ID: dd37c4f6-519e-482c-b17c-1bc8ade3f601
2016-06-03 04:43:09 sys_log : [INFO] 报告主人,有1个节点任务出栈并加入黑名单 -> 现在还有29个任务待运行, [UIAImage,home_bg_night,,,/0/0/5], 207671ea47676d5677555f7f09affeb9-0,0-320,519-//UIAApplication[1]/UIAWindow[1]/UIAImage[2]
2016-06-03 04:43:09 sys_log : [ERROR]   节点任务 -> [info = UIAImage,home_bg_night,,,/0/0/5], 发生未知异常, 弹出下一个节点任务, 207671ea47676d5677555f7f09affeb9-0,0-320,519-//UIAApplication[1]/UIAWindow[1]/UIAImage[2]
2016-06-03 04:43:09 sys_log : [ERROR]   org.openqa.selenium.remote.UnreachableBrowserException: Error communicating with the remote browser. It may have died.
Build info: version: '2.53.0', revision: '35ae25b', time: '2016-03-15 17:00:58'
System info: host: 'macdeMBP', ip: '192.168.1.7', os.name: 'Mac OS X', os.arch: 'x86_64', os.version: '10.10.5', java.version: '1.8.0_74'
Driver info: driver.version: unknown
Capabilities [{app=/Users/mac/Desktop/apk/PANewToapAPP.app, networkConnectionEnabled=false, noReset=false, warnings={}, appiumVersion=1.0, bundleId=com.pingan.yizhangtong, language=zh-Hans, databaseEnabled=false, deviceName=iPhone 5, platform=MAC, desired={app=/Users/mac/Desktop/apk/PANewToapAPP.app, noReset=false, autoLaunch=true, appiumVersion=1.0, platformVersion=8.2, bundleId=com.pingan.yizhangtong, language=zh-Hans, udid=d32975a39224bc409796bcdc75956cd6530edbdb, platformName=iOS, deviceName=iPhone 5, autoAcceptAlerts=true}, autoLaunch=true, platformVersion=8.2, webStorageEnabled=false, locationContextEnabled=false, browserName=iOS, takesScreenshot=true, javascriptEnabled=true, udid=d32975a39224bc409796bcdc75956cd6530edbdb, platformName=iOS, autoAcceptAlerts=true}]
Session ID: dd37c4f6-519e-482c-b17c-1bc8ade3f601
2016-06-03 04:43:09 sys_log : [INFO] 报告主人,有1个节点任务出栈并加入黑名单 -> 现在还有28个任务待运行, [UIAButton,PA01100000001_02_WDCX,PA01100000001_02_WDCX,,/0/0/6/0/2], 207671ea47676d5677555f7f09affeb9-31.5,435-84,84-//UIAApplication[1]/UIAWindow[1]/UIAScrollView[1]/UIAScrollView[1]/UIAButton[1]
2016-06-03 04:43:10 sys_log : [ERROR]   节点任务 -> [info = UIAButton,PA01100000001_02_WDCX,PA01100000001_02_WDCX,,/0/0/6/0/2], 发生未知异常, 弹出下一个节点任务, 207671ea47676d5677555f7f09affeb9-31.5,435-84,84-//UIAApplication[1]/UIAWindow[1]/UIAScrollView[1]/UIAScrollView[1]/UIAButton[1]
2016-06-03 04:43:10 sys_log : [ERROR]   org.openqa.selenium.remote.UnreachableBrowserException: Error communicating with the remote browser. It may have died.
Build info: version: '2.53.0', revision: '35ae25b', time: '2016-03-15 17:00:58'
System info: host: 'macdeMBP', ip: '192.168.1.7', os.name: 'Mac OS X', os.arch: 'x86_64', os.version: '10.10.5', java.version: '1.8.0_74'
Driver info: driver.version: unknown
Capabilities [{app=/Users/mac/Desktop/apk/PANewToapAPP.app, networkConnectionEnabled=false, noReset=false, warnings={}, appiumVersion=1.0, bundleId=com.pingan.yizhangtong, language=zh-Hans, databaseEnabled=false, deviceName=iPhone 5, platform=MAC, desired={app=/Users/mac/Desktop/apk/PANewToapAPP.app, noReset=false, autoLaunch=true, appiumVersion=1.0, platformVersion=8.2, bundleId=com.pingan.yizhangtong, language=zh-Hans, udid=d32975a39224bc409796bcdc75956cd6530edbdb, platformName=iOS, deviceName=iPhone 5, autoAcceptAlerts=true}, autoLaunch=true, platformVersion=8.2, webStorageEnabled=false, locationContextEnabled=false, browserName=iOS, takesScreenshot=true, javascriptEnabled=true, udid=d32975a39224bc409796bcdc75956cd6530edbdb, platformName=iOS, autoAcceptAlerts=true}]
Session ID: dd37c4f6-519e-482c-b17c-1bc8ade3f601
2016-06-03 04:43:10 sys_log : [INFO] 报告主人,有1个节点任务出栈并加入黑名单 -> 现在还有27个任务待运行, [UIAButton,PA02100000001_02_JF,PA02100000001_02_JF,,/0/0/6/0/8], 207671ea47676d5677555f7f09affeb9-116.9000015258789,435-83.99999237060547,84-//UIAApplication[1]/UIAWindow[1]/UIAScrollView[1]/UIAScrollView[1]/UIAButton[2]
2016-06-03 04:43:10 sys_log : [ERROR]   节点任务 -> [info = UIAButton,PA02100000001_02_JF,PA02100000001_02_JF,,/0/0/6/0/8], 发生未知异常, 弹出下一个节点任务, 207671ea47676d5677555f7f09affeb9-116.9000015258789,435-83.99999237060547,84-//UIAApplication[1]/UIAWindow[1]/UIAScrollView[1]/UIAScrollView[1]/UIAButton[2]
2016-06-03 04:43:10 sys_log : [ERROR]   org.openqa.selenium.remote.UnreachableBrowserException: Error communicating with the remote browser. It may have died.
Build info: version: '2.53.0', revision: '35ae25b', time: '2016-03-15 17:00:58'
System info: host: 'macdeMBP', ip: '192.168.1.7', os.name: 'Mac OS X', os.arch: 'x86_64', os.version: '10.10.5', java.version: '1.8.0_74'
Driver info: driver.version: unknown
Capabilities [{app=/Users/mac/Desktop/apk/PANewToapAPP.app, networkConnectionEnabled=false, noReset=false, warnings={}, appiumVersion=1.0, bundleId=com.pingan.yizhangtong, language=zh-Hans, databaseEnabled=false, deviceName=iPhone 5, platform=MAC, desired={app=/Users/mac/Desktop/apk/PANewToapAPP.app, noReset=false, autoLaunch=true, appiumVersion=1.0, platformVersion=8.2, bundleId=com.pingan.yizhangtong, language=zh-Hans, udid=d32975a39224bc409796bcdc75956cd6530edbdb, platformName=iOS, deviceName=iPhone 5, autoAcceptAlerts=true}, autoLaunch=true, platformVersion=8.2, webStorageEnabled=false, locationContextEnabled=false, browserName=iOS, takesScreenshot=true, javascriptEnabled=true, udid=d32975a39224bc409796bcdc75956cd6530edbdb, platformName=iOS, autoAcceptAlerts=true}]
Session ID: dd37c4f6-519e-482c-b17c-1bc8ade3f601
2016-06-03 04:43:10 sys_log : [INFO] 报告主人,有1个节点任务出栈并加入黑名单 -> 现在还有26个任务待运行, [UIAButton,SZDBK00000000_02_ZHCX,SZDBK00000000_02_ZHCX,,/0/0/6/0/15], 207671ea47676d5677555f7f09affeb9-202.3000030517578,435-83.99998474121094,84-//UIAApplication[1]/UIAWindow[1]/UIAScrollView[1]/UIAScrollView[1]/UIAButton[3]
2016-06-03 04:43:10 sys_log : [ERROR]   节点任务 -> [info = UIAButton,SZDBK00000000_02_ZHCX,SZDBK00000000_02_ZHCX,,/0/0/6/0/15], 发生未知异常, 弹出下一个节点任务, 207671ea47676d5677555f7f09affeb9-202.3000030517578,435-83.99998474121094,84-//UIAApplication[1]/UIAWindow[1]/UIAScrollView[1]/UIAScrollView[1]/UIAButton[3]
2016-06-03 04:43:10 sys_log : [ERROR]   org.openqa.selenium.remote.UnreachableBrowserException: Error communicating with the remote browser. It may have died.
Build info: version: '2.53.0', revision: '35ae25b', time: '2016-03-15 17:00:58'
System info: host: 'macdeMBP', ip: '192.168.1.7', os.name: 'Mac OS X', os.arch: 'x86_64', os.version: '10.10.5', java.version: '1.8.0_74'
Driver info: driver.version: unknown
Capabilities [{app=/Users/mac/Desktop/apk/PANewToapAPP.app, networkConnectionEnabled=false, noReset=false, warnings={}, appiumVersion=1.0, bundleId=com.pingan.yizhangtong, language=zh-Hans, databaseEnabled=false, deviceName=iPhone 5, platform=MAC, desired={app=/Users/mac/Desktop/apk/PANewToapAPP.app, noReset=false, autoLaunch=true, appiumVersion=1.0, platformVersion=8.2, bundleId=com.pingan.yizhangtong, language=zh-Hans, udid=d32975a39224bc409796bcdc75956cd6530edbdb, platformName=iOS, deviceName=iPhone 5, autoAcceptAlerts=true}, autoLaunch=true, platformVersion=8.2, webStorageEnabled=false, locationContextEnabled=false, browserName=iOS, takesScreenshot=true, javascriptEnabled=true, udid=d32975a39224bc409796bcdc75956cd6530edbdb, platformName=iOS, autoAcceptAlerts=true}]
Session ID: dd37c4f6-519e-482c-b17c-1bc8ade3f601
2016-06-03 04:43:10 sys_log : [INFO] 报告主人,有1个节点任务出栈并加入黑名单 -> 现在还有25个任务待运行, [UIAButton,SZDBK00000000_02_XYKWS,SZDBK00000000_02_XYKWS,,/0/0/6/0/20], 207671ea47676d5677555f7f09affeb9-287.70001220703125,435-84,84-//UIAApplication[1]/UIAWindow[1]/UIAScrollView[1]/UIAScrollView[1]/UIAButton[4]
