2016-06-03 04:43:01 sys_log : [ERROR]   节点任务 -> [info = UIAButton,,,1,/0/0/6/6], 发生未知异常, 弹出下一个节点任务, ed5dde683a88ed5f703f5e279644bd42-191,337-23,23-//UIAApplication[1]/UIAWindow[1]/UIATableView[1]/UIAButton[4]
2016-06-03 04:43:02 sys_log : [ERROR]   org.openqa.selenium.remote.UnreachableBrowserException: Error communicating with the remote browser. It may have died.
Build info: version: '2.53.0', revision: '35ae25b', time: '2016-03-15 17:00:58'
System info: host: 'macdeMBP', ip: '192.168.1.7', os.name: 'Mac OS X', os.arch: 'x86_64', os.version: '10.10.5', java.version: '1.8.0_74'
Driver info: driver.version: unknown
Capabilities [{app=/Users/mac/Desktop/apk/PANewToapAPP.app, networkConnectionEnabled=false, noReset=false, warnings={}, appiumVersion=1.0, bundleId=com.pingan.yizhangtong, language=zh-Hans, databaseEnabled=false, deviceName=iPhone 5, platform=MAC, desired={app=/Users/mac/Desktop/apk/PANewToapAPP.app, noReset=false, autoLaunch=true, appiumVersion=1.0, platformVersion=8.2, bundleId=com.pingan.yizhangtong, language=zh-Hans, udid=d32975a39224bc409796bcdc75956cd6530edbdb, platformName=iOS, deviceName=iPhone 5, autoAcceptAlerts=true}, autoLaunch=true, platformVersion=8.2, webStorageEnabled=false, locationContextEnabled=false, browserName=iOS, takesScreenshot=true, javascriptEnabled=true, udid=d32975a39224bc409796bcdc75956cd6530edbdb, platformName=iOS, autoAcceptAlerts=true}]
Session ID: dd37c4f6-519e-482c-b17c-1bc8ade3f601
2016-06-03 04:43:02 sys_log : [ERROR]   节点任务 -> [info = UIAButton,,,,/0/0/6/8], 发生未知异常, 弹出下一个节点任务, ed5dde683a88ed5f703f5e279644bd42-191,375-23,23-//UIAApplication[1]/UIAWindow[1]/UIATableView[1]/UIAButton[5]
2016-06-03 04:43:02 sys_log : [ERROR]   org.openqa.selenium.remote.UnreachableBrowserException: Error communicating with the remote browser. It may have died.
Build info: version: '2.53.0', revision: '35ae25b', time: '2016-03-15 17:00:58'
System info: host: 'macdeMBP', ip: '192.168.1.7', os.name: 'Mac OS X', os.arch: 'x86_64', os.version: '10.10.5', java.version: '1.8.0_74'
Driver info: driver.version: unknown
Capabilities [{app=/Users/mac/Desktop/apk/PANewToapAPP.app, networkConnectionEnabled=false, noReset=false, warnings={}, appiumVersion=1.0, bundleId=com.pingan.yizhangtong, language=zh-Hans, databaseEnabled=false, deviceName=iPhone 5, platform=MAC, desired={app=/Users/mac/Desktop/apk/PANewToapAPP.app, noReset=false, autoLaunch=true, appiumVersion=1.0, platformVersion=8.2, bundleId=com.pingan.yizhangtong, language=zh-Hans, udid=d32975a39224bc409796bcdc75956cd6530edbdb, platformName=iOS, deviceName=iPhone 5, autoAcceptAlerts=true}, autoLaunch=true, platformVersion=8.2, webStorageEnabled=false, locationContextEnabled=false, browserName=iOS, takesScreenshot=true, javascriptEnabled=true, udid=d32975a39224bc409796bcdc75956cd6530edbdb, platformName=iOS, autoAcceptAlerts=true}]
Session ID: dd37c4f6-519e-482c-b17c-1bc8ade3f601
2016-06-03 04:43:03 sys_log : [ERROR]   节点任务 -> [info = UIAButton,,,,/0/0/6/10], 发生未知异常, 弹出下一个节点任务, ed5dde683a88ed5f703f5e279644bd42-191,413-23,23-//UIAApplication[1]/UIAWindow[1]/UIATableView[1]/UIAButton[6]
2016-06-03 04:43:03 sys_log : [ERROR]   org.openqa.selenium.remote.UnreachableBrowserException: Error communicating with the remote browser. It may have died.
Build info: version: '2.53.0', revision: '35ae25b', time: '2016-03-15 17:00:58'
System info: host: 'macdeMBP', ip: '192.168.1.7', os.name: 'Mac OS X', os.arch: 'x86_64', os.version: '10.10.5', java.version: '1.8.0_74'
Driver info: driver.version: unknown
Capabilities [{app=/Users/mac/Desktop/apk/PANewToapAPP.app, networkConnectionEnabled=false, noReset=false, warnings={}, appiumVersion=1.0, bundleId=com.pingan.yizhangtong, language=zh-Hans, databaseEnabled=false, deviceName=iPhone 5, platform=MAC, desired={app=/Users/mac/Desktop/apk/PANewToapAPP.app, noReset=false, autoLaunch=true, appiumVersion=1.0, platformVersion=8.2, bundleId=com.pingan.yizhangtong, language=zh-Hans, udid=d32975a39224bc409796bcdc75956cd6530edbdb, platformName=iOS, deviceName=iPhone 5, autoAcceptAlerts=true}, autoLaunch=true, platformVersion=8.2, webStorageEnabled=false, locationContextEnabled=false, browserName=iOS, takesScreenshot=true, javascriptEnabled=true, udid=d32975a39224bc409796bcdc75956cd6530edbdb, platformName=iOS, autoAcceptAlerts=true}]
Session ID: dd37c4f6-519e-482c-b17c-1bc8ade3f601
2016-06-03 04:43:03 sys_log : [ERROR]   节点任务 -> [info = UIATableCell,添加账户了解资产，获得合理的投资建议,,,/0/0/6/13], 发生未知异常, 弹出下一个节点任务, ed5dde683a88ed5f703f5e279644bd42-0,470-320,80-//UIAApplication[1]/UIAWindow[1]/UIATableView[1]/UIATableCell[1]
2016-06-03 04:43:03 sys_log : [ERROR]   org.openqa.selenium.remote.UnreachableBrowserException: Error communicating with the remote browser. It may have died.
Build info: version: '2.53.0', revision: '35ae25b', time: '2016-03-15 17:00:58'
System info: host: 'macdeMBP', ip: '192.168.1.7', os.name: 'Mac OS X', os.arch: 'x86_64', os.version: '10.10.5', java.version: '1.8.0_74'
Driver info: driver.version: unknown
Capabilities [{app=/Users/mac/Desktop/apk/PANewToapAPP.app, networkConnectionEnabled=false, noReset=false, warnings={}, appiumVersion=1.0, bundleId=com.pingan.yizhangtong, language=zh-Hans, databaseEnabled=false, deviceName=iPhone 5, platform=MAC, desired={app=/Users/mac/Desktop/apk/PANewToapAPP.app, noReset=false, autoLaunch=true, appiumVersion=1.0, platformVersion=8.2, bundleId=com.pingan.yizhangtong, language=zh-Hans, udid=d32975a39224bc409796bcdc75956cd6530edbdb, platformName=iOS, deviceName=iPhone 5, autoAcceptAlerts=true}, autoLaunch=true, platformVersion=8.2, webStorageEnabled=false, locationContextEnabled=false, browserName=iOS, takesScreenshot=true, javascriptEnabled=true, udid=d32975a39224bc409796bcdc75956cd6530edbdb, platformName=iOS, autoAcceptAlerts=true}]
Session ID: dd37c4f6-519e-482c-b17c-1bc8ade3f601
2016-06-03 04:43:03 sys_log : [ERROR]   节点任务 -> [info = UIATableCell,资产,,,/0/0/6/16], 发生未知异常, 弹出下一个节点任务, ed5dde683a88ed5f703f5e279644bd42-0,560.010009765625-320,33-//UIAApplication[1]/UIAWindow[1]/UIATableView[1]/UIATableCell[2]
2016-06-03 04:43:03 sys_log : [ERROR]   org.openqa.selenium.remote.UnreachableBrowserException: Error communicating with the remote browser. It may have died.
Build info: version: '2.53.0', revision: '35ae25b', time: '2016-03-15 17:00:58'
System info: host: 'macdeMBP', ip: '192.168.1.7', os.name: 'Mac OS X', os.arch: 'x86_64', os.version: '10.10.5', java.version: '1.8.0_74'
Driver info: driver.version: unknown
Capabilities [{app=/Users/mac/Desktop/apk/PANewToapAPP.app, networkConnectionEnabled=false, noReset=false, warnings={}, appiumVersion=1.0, bundleId=com.pingan.yizhangtong, language=zh-Hans, databaseEnabled=false, deviceName=iPhone 5, platform=MAC, desired={app=/Users/mac/Desktop/apk/PANewToapAPP.app, noReset=false, autoLaunch=true, appiumVersion=1.0, platformVersion=8.2, bundleId=com.pingan.yizhangtong, language=zh-Hans, udid=d32975a39224bc409796bcdc75956cd6530edbdb, platformName=iOS, deviceName=iPhone 5, autoAcceptAlerts=true}, autoLaunch=true, platformVersion=8.2, webStorageEnabled=false, locationContextEnabled=false, browserName=iOS, takesScreenshot=true, javascriptEnabled=true, udid=d32975a39224bc409796bcdc75956cd6530edbdb, platformName=iOS, autoAcceptAlerts=true}]
Session ID: dd37c4f6-519e-482c-b17c-1bc8ade3f601
2016-06-03 04:43:04 sys_log : [ERROR]   节点任务 -> [info = UIATableCell,,,,/0/0/4/21], 发生未知异常, 弹出下一个节点任务, 207671ea47676d5677555f7f09affeb9-0,190.00100708007812-320,255-//UIAApplication[1]/UIAWindow[1]/UIATableView[1]/UIATableCell[1]
2016-06-03 04:43:04 sys_log : [ERROR]   org.openqa.selenium.remote.UnreachableBrowserException: Error communicating with the remote browser. It may have died.
Build info: version: '2.53.0', revision: '35ae25b', time: '2016-03-15 17:00:58'
System info: host: 'macdeMBP', ip: '192.168.1.7', os.name: 'Mac OS X', os.arch: 'x86_64', os.version: '10.10.5', java.version: '1.8.0_74'
Driver info: driver.version: unknown
Capabilities [{app=/Users/mac/Desktop/apk/PANewToapAPP.app, networkConnectionEnabled=false, noReset=false, warnings={}, appiumVersion=1.0, bundleId=com.pingan.yizhangtong, language=zh-Hans, databaseEnabled=false, deviceName=iPhone 5, platform=MAC, desired={app=/Users/mac/Desktop/apk/PANewToapAPP.app, noReset=false, autoLaunch=true, appiumVersion=1.0, platformVersion=8.2, bundleId=com.pingan.yizhangtong, language=zh-Hans, udid=d32975a39224bc409796bcdc75956cd6530edbdb, platformName=iOS, deviceName=iPhone 5, autoAcceptAlerts=true}, autoLaunch=true, platformVersion=8.2, webStorageEnabled=false, locationContextEnabled=false, browserName=iOS, takesScreenshot=true, javascriptEnabled=true, udid=d32975a39224bc409796bcdc75956cd6530edbdb, platformName=iOS, autoAcceptAlerts=true}]
Session ID: dd37c4f6-519e-482c-b17c-1bc8ade3f601
2016-06-03 04:43:04 sys_log : [ERROR]   节点任务 -> [info = UIACollectionCell,信用卡,,0,/0/0/4/21/0/0], 发生未知异常, 弹出下一个节点任务, 207671ea47676d5677555f7f09affeb9-0.75,190.00100708007812-158.75,84.5-//UIAApplication[1]/UIAWindow[1]/UIATableView[1]/UIATableCell[1]/UIACollectionView[1]/UIACollectionCell[1]
2016-06-03 04:43:04 sys_log : [ERROR]   org.openqa.selenium.remote.UnreachableBrowserException: Error communicating with the remote browser. It may have died.
Build info: version: '2.53.0', revision: '35ae25b', time: '2016-03-15 17:00:58'
System info: host: 'macdeMBP', ip: '192.168.1.7', os.name: 'Mac OS X', os.arch: 'x86_64', os.version: '10.10.5', java.version: '1.8.0_74'
Driver info: driver.version: unknown
Capabilities [{app=/Users/mac/Desktop/apk/PANewToapAPP.app, networkConnectionEnabled=false, noReset=false, warnings={}, appiumVersion=1.0, bundleId=com.pingan.yizhangtong, language=zh-Hans, databaseEnabled=false, deviceName=iPhone 5, platform=MAC, desired={app=/Users/mac/Desktop/apk/PANewToapAPP.app, noReset=false, autoLaunch=true, appiumVersion=1.0, platformVersion=8.2, bundleId=com.pingan.yizhangtong, language=zh-Hans, udid=d32975a39224bc409796bcdc75956cd6530edbdb, platformName=iOS, deviceName=iPhone 5, autoAcceptAlerts=true}, autoLaunch=true, platformVersion=8.2, webStorageEnabled=false, locationContextEnabled=false, browserName=iOS, takesScreenshot=true, javascriptEnabled=true, udid=d32975a39224bc409796bcdc75956cd6530edbdb, platformName=iOS, autoAcceptAlerts=true}]
Session ID: dd37c4f6-519e-482c-b17c-1bc8ade3f601
2016-06-03 04:43:04 sys_log : [ERROR]   节点任务 -> [info = UIACollectionCell,车·车险,,0,/0/0/4/21/0/1], 发生未知异常, 弹出下一个节点任务, 207671ea47676d5677555f7f09affeb9-160,190.00100708007812-158.75,84.5-//UIAApplication[1]/UIAWindow[1]/UIATableView[1]/UIATableCell[1]/UIACollectionView[1]/UIACollectionCell[2]
2016-06-03 04:43:04 sys_log : [ERROR]   org.openqa.selenium.remote.UnreachableBrowserException: Error communicating with the remote browser. It may have died.
Build info: version: '2.53.0', revision: '35ae25b', time: '2016-03-15 17:00:58'
System info: host: 'macdeMBP', ip: '192.168.1.7', os.name: 'Mac OS X', os.arch: 'x86_64', os.version: '10.10.5', java.version: '1.8.0_74'
Driver info: driver.version: unknown
Capabilities [{app=/Users/mac/Desktop/apk/PANewToapAPP.app, networkConnectionEnabled=false, noReset=false, warnings={}, appiumVersion=1.0, bundleId=com.pingan.yizhangtong, language=zh-Hans, databaseEnabled=false, deviceName=iPhone 5, platform=MAC, desired={app=/Users/mac/Desktop/apk/PANewToapAPP.app, noReset=false, autoLaunch=true, appiumVersion=1.0, platformVersion=8.2, bundleId=com.pingan.yizhangtong, language=zh-Hans, udid=d32975a39224bc409796bcdc75956cd6530edbdb, platformName=iOS, deviceName=iPhone 5, autoAcceptAlerts=true}, autoLaunch=true, platformVersion=8.2, webStorageEnabled=false, locationContextEnabled=false, browserName=iOS, takesScreenshot=true, javascriptEnabled=true, udid=d32975a39224bc409796bcdc75956cd6530edbdb, platformName=iOS, autoAcceptAlerts=true}]
Session ID: dd37c4f6-519e-482c-b17c-1bc8ade3f601
2016-06-03 04:43:05 sys_log : [ERROR]   节点任务 -> [info = UIACollectionCell,理财·基金,,0,/0/0/4/21/0/2], 发生未知异常, 弹出下一个节点任务, 207671ea47676d5677555f7f09affeb9-0.75,275.0010070800781-79.125,84.5-//UIAApplication[1]/UIAWindow[1]/UIATableView[1]/UIATableCell[1]/UIACollectionView[1]/UIACollectionCell[3]
2016-06-03 04:43:05 sys_log : [ERROR]   org.openqa.selenium.remote.UnreachableBrowserException: Error communicating with the remote browser. It may have died.
Build info: version: '2.53.0', revision: '35ae25b', time: '2016-03-15 17:00:58'
System info: host: 'macdeMBP', ip: '192.168.1.7', os.name: 'Mac OS X', os.arch: 'x86_64', os.version: '10.10.5', java.version: '1.8.0_74'
Driver info: driver.version: unknown
Capabilities [{app=/Users/mac/Desktop/apk/PANewToapAPP.app, networkConnectionEnabled=false, noReset=false, warnings={}, appiumVersion=1.0, bundleId=com.pingan.yizhangtong, language=zh-Hans, databaseEnabled=false, deviceName=iPhone 5, platform=MAC, desired={app=/Users/mac/Desktop/apk/PANewToapAPP.app, noReset=false, autoLaunch=true, appiumVersion=1.0, platformVersion=8.2, bundleId=com.pingan.yizhangtong, language=zh-Hans, udid=d32975a39224bc409796bcdc75956cd6530edbdb, platformName=iOS, deviceName=iPhone 5, autoAcceptAlerts=true}, autoLaunch=true, platformVersion=8.2, webStorageEnabled=false, locationContextEnabled=false, browserName=iOS, takesScreenshot=true, javascriptEnabled=true, udid=d32975a39224bc409796bcdc75956cd6530edbdb, platformName=iOS, autoAcceptAlerts=true}]
Session ID: dd37c4f6-519e-482c-b17c-1bc8ade3f601
2016-06-03 04:43:06 sys_log : [ERROR]   节点任务 -> [info = UIACollectionCell,选股宝,,0,/0/0/4/21/0/3], 发生未知异常, 弹出下一个节点任务, 207671ea47676d5677555f7f09affeb9-80.375,275.0010070800781-79.125,84.5-//UIAApplication[1]/UIAWindow[1]/UIATableView[1]/UIATableCell[1]/UIACollectionView[1]/UIACollectionCell[4]
2016-06-03 04:43:06 sys_log : [ERROR]   org.openqa.selenium.remote.UnreachableBrowserException: Error communicating with the remote browser. It may have died.
Build info: version: '2.53.0', revision: '35ae25b', time: '2016-03-15 17:00:58'
System info: host: 'macdeMBP', ip: '192.168.1.7', os.name: 'Mac OS X', os.arch: 'x86_64', os.version: '10.10.5', java.version: '1.8.0_74'
Driver info: driver.version: unknown
Capabilities [{app=/Users/mac/Desktop/apk/PANewToapAPP.app, networkConnectionEnabled=false, noReset=false, warnings={}, appiumVersion=1.0, bundleId=com.pingan.yizhangtong, language=zh-Hans, databaseEnabled=false, deviceName=iPhone 5, platform=MAC, desired={app=/Users/mac/Desktop/apk/PANewToapAPP.app, noReset=false, autoLaunch=true, appiumVersion=1.0, platformVersion=8.2, bundleId=com.pingan.yizhangtong, language=zh-Hans, udid=d32975a39224bc409796bcdc75956cd6530edbdb, platformName=iOS, deviceName=iPhone 5, autoAcceptAlerts=true}, autoLaunch=true, platformVersion=8.2, webStorageEnabled=false, locationContextEnabled=false, browserName=iOS, takesScreenshot=true, javascriptEnabled=true, udid=d32975a39224bc409796bcdc75956cd6530edbdb, platformName=iOS, autoAcceptAlerts=true}]
Session ID: dd37c4f6-519e-482c-b17c-1bc8ade3f601
2016-06-03 04:43:06 sys_log : [ERROR]   节点任务 -> [info = UIACollectionCell,保险,,0,/0/0/4/21/0/4], 发生未知异常, 弹出下一个节点任务, 207671ea47676d5677555f7f09affeb9-160,275.0010070800781-79.125,84.5-//UIAApplication[1]/UIAWindow[1]/UIATableView[1]/UIATableCell[1]/UIACollectionView[1]/UIACollectionCell[5]
2016-06-03 04:43:06 sys_log : [ERROR]   org.openqa.selenium.remote.UnreachableBrowserException: Error communicating with the remote browser. It may have died.
Build info: version: '2.53.0', revision: '35ae25b', time: '2016-03-15 17:00:58'
System info: host: 'macdeMBP', ip: '192.168.1.7', os.name: 'Mac OS X', os.arch: 'x86_64', os.version: '10.10.5', java.version: '1.8.0_74'
Driver info: driver.version: unknown
Capabilities [{app=/Users/mac/Desktop/apk/PANewToapAPP.app, networkConnectionEnabled=false, noReset=false, warnings={}, appiumVersion=1.0, bundleId=com.pingan.yizhangtong, language=zh-Hans, databaseEnabled=false, deviceName=iPhone 5, platform=MAC, desired={app=/Users/mac/Desktop/apk/PANewToapAPP.app, noReset=false, autoLaunch=true, appiumVersion=1.0, platformVersion=8.2, bundleId=com.pingan.yizhangtong, language=zh-Hans, udid=d32975a39224bc409796bcdc75956cd6530edbdb, platformName=iOS, deviceName=iPhone 5, autoAcceptAlerts=true}, autoLaunch=true, platformVersion=8.2, webStorageEnabled=false, locationContextEnabled=false, browserName=iOS, takesScreenshot=true, javascriptEnabled=true, udid=d32975a39224bc409796bcdc75956cd6530edbdb, platformName=iOS, autoAcceptAlerts=true}]
Session ID: dd37c4f6-519e-482c-b17c-1bc8ade3f601
2016-06-03 04:43:07 sys_log : [ERROR]   节点任务 -> [info = UIACollectionCell,健康,,0,/0/0/4/21/0/5], 发生未知异常, 弹出下一个节点任务, 207671ea47676d5677555f7f09affeb9-239.625,275.0010070800781-79.125,84.5-//UIAApplication[1]/UIAWindow[1]/UIATableView[1]/UIATableCell[1]/UIACollectionView[1]/UIACollectionCell[6]
2016-06-03 04:43:07 sys_log : [ERROR]   org.openqa.selenium.remote.UnreachableBrowserException: Error communicating with the remote browser. It may have died.
Build info: version: '2.53.0', revision: '35ae25b', time: '2016-03-15 17:00:58'
System info: host: 'macdeMBP', ip: '192.168.1.7', os.name: 'Mac OS X', os.arch: 'x86_64', os.version: '10.10.5', java.version: '1.8.0_74'
Driver info: driver.version: unknown
Capabilities [{app=/Users/mac/Desktop/apk/PANewToapAPP.app, networkConnectionEnabled=false, noReset=false, warnings={}, appiumVersion=1.0, bundleId=com.pingan.yizhangtong, language=zh-Hans, databaseEnabled=false, deviceName=iPhone 5, platform=MAC, desired={app=/Users/mac/Desktop/apk/PANewToapAPP.app, noReset=false, autoLaunch=true, appiumVersion=1.0, platformVersion=8.2, bundleId=com.pingan.yizhangtong, language=zh-Hans, udid=d32975a39224bc409796bcdc75956cd6530edbdb, platformName=iOS, deviceName=iPhone 5, autoAcceptAlerts=true}, autoLaunch=true, platformVersion=8.2, webStorageEnabled=false, locationContextEnabled=false, browserName=iOS, takesScreenshot=true, javascriptEnabled=true, udid=d32975a39224bc409796bcdc75956cd6530edbdb, platformName=iOS, autoAcceptAlerts=true}]
Session ID: dd37c4f6-519e-482c-b17c-1bc8ade3f601
2016-06-03 04:43:07 sys_log : [ERROR]   节点任务 -> [info = UIACollectionCell,存款,,0,/0/0/4/21/0/6], 发生未知异常, 弹出下一个节点任务, 207671ea47676d5677555f7f09affeb9-0.75,360.0010070800781-79.125,84.5-//UIAApplication[1]/UIAWindow[1]/UIATableView[1]/UIATableCell[1]/UIACollectionView[1]/UIACollectionCell[7]
2016-06-03 04:43:07 sys_log : [ERROR]   org.openqa.selenium.remote.UnreachableBrowserException: Error communicating with the remote browser. It may have died.
Build info: version: '2.53.0', revision: '35ae25b', time: '2016-03-15 17:00:58'
System info: host: 'macdeMBP', ip: '192.168.1.7', os.name: 'Mac OS X', os.arch: 'x86_64', os.version: '10.10.5', java.version: '1.8.0_74'
Driver info: driver.version: unknown
Capabilities [{app=/Users/mac/Desktop/apk/PANewToapAPP.app, networkConnectionEnabled=false, noReset=false, warnings={}, appiumVersion=1.0, bundleId=com.pingan.yizhangtong, language=zh-Hans, databaseEnabled=false, deviceName=iPhone 5, platform=MAC, desired={app=/Users/mac/Desktop/apk/PANewToapAPP.app, noReset=false, autoLaunch=true, appiumVersion=1.0, platformVersion=8.2, bundleId=com.pingan.yizhangtong, language=zh-Hans, udid=d32975a39224bc409796bcdc75956cd6530edbdb, platformName=iOS, deviceName=iPhone 5, autoAcceptAlerts=true}, autoLaunch=true, platformVersion=8.2, webStorageEnabled=false, locationContextEnabled=false, browserName=iOS, takesScreenshot=true, javascriptEnabled=true, udid=d32975a39224bc409796bcdc75956cd6530edbdb, platformName=iOS, autoAcceptAlerts=true}]
Session ID: dd37c4f6-519e-482c-b17c-1bc8ade3f601
2016-06-03 04:43:07 sys_log : [ERROR]   节点任务 -> [info = UIACollectionCell,贷款,,0,/0/0/4/21/0/7], 发生未知异常, 弹出下一个节点任务, 207671ea47676d5677555f7f09affeb9-80.375,360.0010070800781-79.125,84.5-//UIAApplication[1]/UIAWindow[1]/UIATableView[1]/UIATableCell[1]/UIACollectionView[1]/UIACollectionCell[8]
2016-06-03 04:43:07 sys_log : [ERROR]   org.openqa.selenium.remote.UnreachableBrowserException: Error communicating with the remote browser. It may have died.
Build info: version: '2.53.0', revision: '35ae25b', time: '2016-03-15 17:00:58'
System info: host: 'macdeMBP', ip: '192.168.1.7', os.name: 'Mac OS X', os.arch: 'x86_64', os.version: '10.10.5', java.version: '1.8.0_74'
Driver info: driver.version: unknown
Capabilities [{app=/Users/mac/Desktop/apk/PANewToapAPP.app, networkConnectionEnabled=false, noReset=false, warnings={}, appiumVersion=1.0, bundleId=com.pingan.yizhangtong, language=zh-Hans, databaseEnabled=false, deviceName=iPhone 5, platform=MAC, desired={app=/Users/mac/Desktop/apk/PANewToapAPP.app, noReset=false, autoLaunch=true, appiumVersion=1.0, platformVersion=8.2, bundleId=com.pingan.yizhangtong, language=zh-Hans, udid=d32975a39224bc409796bcdc75956cd6530edbdb, platformName=iOS, deviceName=iPhone 5, autoAcceptAlerts=true}, autoLaunch=true, platformVersion=8.2, webStorageEnabled=false, locationContextEnabled=false, browserName=iOS, takesScreenshot=true, javascriptEnabled=true, udid=d32975a39224bc409796bcdc75956cd6530edbdb, platformName=iOS, autoAcceptAlerts=true}]
Session ID: dd37c4f6-519e-482c-b17c-1bc8ade3f601
2016-06-03 04:43:08 sys_log : [ERROR]   节点任务 -> [info = UIACollectionCell,信用,,0,/0/0/4/21/0/8], 发生未知异常, 弹出下一个节点任务, 207671ea47676d5677555f7f09affeb9-160,360.0010070800781-79.125,84.5-//UIAApplication[1]/UIAWindow[1]/UIATableView[1]/UIATableCell[1]/UIACollectionView[1]/UIACollectionCell[9]
2016-06-03 04:43:08 sys_log : [ERROR]   org.openqa.selenium.remote.UnreachableBrowserException: Error communicating with the remote browser. It may have died.
Build info: version: '2.53.0', revision: '35ae25b', time: '2016-03-15 17:00:58'
System info: host: 'macdeMBP', ip: '192.168.1.7', os.name: 'Mac OS X', os.arch: 'x86_64', os.version: '10.10.5', java.version: '1.8.0_74'
Driver info: driver.version: unknown
Capabilities [{app=/Users/mac/Desktop/apk/PANewToapAPP.app, networkConnectionEnabled=false, noReset=false, warnings={}, appiumVersion=1.0, bundleId=com.pingan.yizhangtong, language=zh-Hans, databaseEnabled=false, deviceName=iPhone 5, platform=MAC, desired={app=/Users/mac/Desktop/apk/PANewToapAPP.app, noReset=false, autoLaunch=true, appiumVersion=1.0, platformVersion=8.2, bundleId=com.pingan.yizhangtong, language=zh-Hans, udid=d32975a39224bc409796bcdc75956cd6530edbdb, platformName=iOS, deviceName=iPhone 5, autoAcceptAlerts=true}, autoLaunch=true, platformVersion=8.2, webStorageEnabled=false, locationContextEnabled=false, browserName=iOS, takesScreenshot=true, javascriptEnabled=true, udid=d32975a39224bc409796bcdc75956cd6530edbdb, platformName=iOS, autoAcceptAlerts=true}]
Session ID: dd37c4f6-519e-482c-b17c-1bc8ade3f601
2016-06-03 04:43:08 sys_log : [ERROR]   节点任务 -> [info = UIACollectionCell,房产,,0,/0/0/4/21/0/9], 发生未知异常, 弹出下一个节点任务, 207671ea47676d5677555f7f09affeb9-239.625,360.0010070800781-79.125,84.5-//UIAApplication[1]/UIAWindow[1]/UIATableView[1]/UIATableCell[1]/UIACollectionView[1]/UIACollectionCell[10]
2016-06-03 04:43:08 sys_log : [ERROR]   org.openqa.selenium.remote.UnreachableBrowserException: Error communicating with the remote browser. It may have died.
Build info: version: '2.53.0', revision: '35ae25b', time: '2016-03-15 17:00:58'
System info: host: 'macdeMBP', ip: '192.168.1.7', os.name: 'Mac OS X', os.arch: 'x86_64', os.version: '10.10.5', java.version: '1.8.0_74'
Driver info: driver.version: unknown
Capabilities [{app=/Users/mac/Desktop/apk/PANewToapAPP.app, networkConnectionEnabled=false, noReset=false, warnings={}, appiumVersion=1.0, bundleId=com.pingan.yizhangtong, language=zh-Hans, databaseEnabled=false, deviceName=iPhone 5, platform=MAC, desired={app=/Users/mac/Desktop/apk/PANewToapAPP.app, noReset=false, autoLaunch=true, appiumVersion=1.0, platformVersion=8.2, bundleId=com.pingan.yizhangtong, language=zh-Hans, udid=d32975a39224bc409796bcdc75956cd6530edbdb, platformName=iOS, deviceName=iPhone 5, autoAcceptAlerts=true}, autoLaunch=true, platformVersion=8.2, webStorageEnabled=false, locationContextEnabled=false, browserName=iOS, takesScreenshot=true, javascriptEnabled=true, udid=d32975a39224bc409796bcdc75956cd6530edbdb, platformName=iOS, autoAcceptAlerts=true}]
Session ID: dd37c4f6-519e-482c-b17c-1bc8ade3f601
2016-06-03 04:43:08 sys_log : [ERROR]   节点任务 -> [info = UIATableCell,,,,/0/0/4/24], 发生未知异常, 弹出下一个节点任务, 207671ea47676d5677555f7f09affeb9-0,450.00201416015625-320,85-//UIAApplication[1]/UIAWindow[1]/UIATableView[1]/UIATableCell[2]
2016-06-03 04:43:08 sys_log : [ERROR]   org.openqa.selenium.remote.UnreachableBrowserException: Error communicating with the remote browser. It may have died.
Build info: version: '2.53.0', revision: '35ae25b', time: '2016-03-15 17:00:58'
System info: host: 'macdeMBP', ip: '192.168.1.7', os.name: 'Mac OS X', os.arch: 'x86_64', os.version: '10.10.5', java.version: '1.8.0_74'
Driver info: driver.version: unknown
Capabilities [{app=/Users/mac/Desktop/apk/PANewToapAPP.app, networkConnectionEnabled=false, noReset=false, warnings={}, appiumVersion=1.0, bundleId=com.pingan.yizhangtong, language=zh-Hans, databaseEnabled=false, deviceName=iPhone 5, platform=MAC, desired={app=/Users/mac/Desktop/apk/PANewToapAPP.app, noReset=false, autoLaunch=true, appiumVersion=1.0, platformVersion=8.2, bundleId=com.pingan.yizhangtong, language=zh-Hans, udid=d32975a39224bc409796bcdc75956cd6530edbdb, platformName=iOS, deviceName=iPhone 5, autoAcceptAlerts=true}, autoLaunch=true, platformVersion=8.2, webStorageEnabled=false, locationContextEnabled=false, browserName=iOS, takesScreenshot=true, javascriptEnabled=true, udid=d32975a39224bc409796bcdc75956cd6530edbdb, platformName=iOS, autoAcceptAlerts=true}]
Session ID: dd37c4f6-519e-482c-b17c-1bc8ade3f601
2016-06-03 04:43:09 sys_log : [ERROR]   节点任务 -> [info = UIACollectionCell,信托,,0,/0/0/4/24/0/0], 发生未知异常, 弹出下一个节点任务, 207671ea47676d5677555f7f09affeb9-0,450.00201416015625-320,84.5-//UIAApplication[1]/UIAWindow[1]/UIATableView[1]/UIATableCell[2]/UIACollectionView[1]/UIACollectionCell[1]
2016-06-03 04:43:09 sys_log : [ERROR]   org.openqa.selenium.remote.UnreachableBrowserException: Error communicating with the remote browser. It may have died.
Build info: version: '2.53.0', revision: '35ae25b', time: '2016-03-15 17:00:58'
System info: host: 'macdeMBP', ip: '192.168.1.7', os.name: 'Mac OS X', os.arch: 'x86_64', os.version: '10.10.5', java.version: '1.8.0_74'
Driver info: driver.version: unknown
Capabilities [{app=/Users/mac/Desktop/apk/PANewToapAPP.app, networkConnectionEnabled=false, noReset=false, warnings={}, appiumVersion=1.0, bundleId=com.pingan.yizhangtong, language=zh-Hans, databaseEnabled=false, deviceName=iPhone 5, platform=MAC, desired={app=/Users/mac/Desktop/apk/PANewToapAPP.app, noReset=false, autoLaunch=true, appiumVersion=1.0, platformVersion=8.2, bundleId=com.pingan.yizhangtong, language=zh-Hans, udid=d32975a39224bc409796bcdc75956cd6530edbdb, platformName=iOS, deviceName=iPhone 5, autoAcceptAlerts=true}, autoLaunch=true, platformVersion=8.2, webStorageEnabled=false, locationContextEnabled=false, browserName=iOS, takesScreenshot=true, javascriptEnabled=true, udid=d32975a39224bc409796bcdc75956cd6530edbdb, platformName=iOS, autoAcceptAlerts=true}]
Session ID: dd37c4f6-519e-482c-b17c-1bc8ade3f601
2016-06-03 04:43:09 sys_log : [ERROR]   节点任务 -> [info = UIAImage,home_bg_night,,,/0/0/5], 发生未知异常, 弹出下一个节点任务, 207671ea47676d5677555f7f09affeb9-0,0-320,519-//UIAApplication[1]/UIAWindow[1]/UIAImage[2]
2016-06-03 04:43:09 sys_log : [ERROR]   org.openqa.selenium.remote.UnreachableBrowserException: Error communicating with the remote browser. It may have died.
Build info: version: '2.53.0', revision: '35ae25b', time: '2016-03-15 17:00:58'
System info: host: 'macdeMBP', ip: '192.168.1.7', os.name: 'Mac OS X', os.arch: 'x86_64', os.version: '10.10.5', java.version: '1.8.0_74'
Driver info: driver.version: unknown
Capabilities [{app=/Users/mac/Desktop/apk/PANewToapAPP.app, networkConnectionEnabled=false, noReset=false, warnings={}, appiumVersion=1.0, bundleId=com.pingan.yizhangtong, language=zh-Hans, databaseEnabled=false, deviceName=iPhone 5, platform=MAC, desired={app=/Users/mac/Desktop/apk/PANewToapAPP.app, noReset=false, autoLaunch=true, appiumVersion=1.0, platformVersion=8.2, bundleId=com.pingan.yizhangtong, language=zh-Hans, udid=d32975a39224bc409796bcdc75956cd6530edbdb, platformName=iOS, deviceName=iPhone 5, autoAcceptAlerts=true}, autoLaunch=true, platformVersion=8.2, webStorageEnabled=false, locationContextEnabled=false, browserName=iOS, takesScreenshot=true, javascriptEnabled=true, udid=d32975a39224bc409796bcdc75956cd6530edbdb, platformName=iOS, autoAcceptAlerts=true}]
Session ID: dd37c4f6-519e-482c-b17c-1bc8ade3f601
2016-06-03 04:43:10 sys_log : [ERROR]   节点任务 -> [info = UIAButton,PA01100000001_02_WDCX,PA01100000001_02_WDCX,,/0/0/6/0/2], 发生未知异常, 弹出下一个节点任务, 207671ea47676d5677555f7f09affeb9-31.5,435-84,84-//UIAApplication[1]/UIAWindow[1]/UIAScrollView[1]/UIAScrollView[1]/UIAButton[1]
2016-06-03 04:43:10 sys_log : [ERROR]   org.openqa.selenium.remote.UnreachableBrowserException: Error communicating with the remote browser. It may have died.
Build info: version: '2.53.0', revision: '35ae25b', time: '2016-03-15 17:00:58'
System info: host: 'macdeMBP', ip: '192.168.1.7', os.name: 'Mac OS X', os.arch: 'x86_64', os.version: '10.10.5', java.version: '1.8.0_74'
Driver info: driver.version: unknown
Capabilities [{app=/Users/mac/Desktop/apk/PANewToapAPP.app, networkConnectionEnabled=false, noReset=false, warnings={}, appiumVersion=1.0, bundleId=com.pingan.yizhangtong, language=zh-Hans, databaseEnabled=false, deviceName=iPhone 5, platform=MAC, desired={app=/Users/mac/Desktop/apk/PANewToapAPP.app, noReset=false, autoLaunch=true, appiumVersion=1.0, platformVersion=8.2, bundleId=com.pingan.yizhangtong, language=zh-Hans, udid=d32975a39224bc409796bcdc75956cd6530edbdb, platformName=iOS, deviceName=iPhone 5, autoAcceptAlerts=true}, autoLaunch=true, platformVersion=8.2, webStorageEnabled=false, locationContextEnabled=false, browserName=iOS, takesScreenshot=true, javascriptEnabled=true, udid=d32975a39224bc409796bcdc75956cd6530edbdb, platformName=iOS, autoAcceptAlerts=true}]
Session ID: dd37c4f6-519e-482c-b17c-1bc8ade3f601
2016-06-03 04:43:10 sys_log : [ERROR]   节点任务 -> [info = UIAButton,PA02100000001_02_JF,PA02100000001_02_JF,,/0/0/6/0/8], 发生未知异常, 弹出下一个节点任务, 207671ea47676d5677555f7f09affeb9-116.9000015258789,435-83.99999237060547,84-//UIAApplication[1]/UIAWindow[1]/UIAScrollView[1]/UIAScrollView[1]/UIAButton[2]
2016-06-03 04:43:10 sys_log : [ERROR]   org.openqa.selenium.remote.UnreachableBrowserException: Error communicating with the remote browser. It may have died.
Build info: version: '2.53.0', revision: '35ae25b', time: '2016-03-15 17:00:58'
System info: host: 'macdeMBP', ip: '192.168.1.7', os.name: 'Mac OS X', os.arch: 'x86_64', os.version: '10.10.5', java.version: '1.8.0_74'
Driver info: driver.version: unknown
Capabilities [{app=/Users/mac/Desktop/apk/PANewToapAPP.app, networkConnectionEnabled=false, noReset=false, warnings={}, appiumVersion=1.0, bundleId=com.pingan.yizhangtong, language=zh-Hans, databaseEnabled=false, deviceName=iPhone 5, platform=MAC, desired={app=/Users/mac/Desktop/apk/PANewToapAPP.app, noReset=false, autoLaunch=true, appiumVersion=1.0, platformVersion=8.2, bundleId=com.pingan.yizhangtong, language=zh-Hans, udid=d32975a39224bc409796bcdc75956cd6530edbdb, platformName=iOS, deviceName=iPhone 5, autoAcceptAlerts=true}, autoLaunch=true, platformVersion=8.2, webStorageEnabled=false, locationContextEnabled=false, browserName=iOS, takesScreenshot=true, javascriptEnabled=true, udid=d32975a39224bc409796bcdc75956cd6530edbdb, platformName=iOS, autoAcceptAlerts=true}]
Session ID: dd37c4f6-519e-482c-b17c-1bc8ade3f601
2016-06-03 04:43:10 sys_log : [ERROR]   节点任务 -> [info = UIAButton,SZDBK00000000_02_ZHCX,SZDBK00000000_02_ZHCX,,/0/0/6/0/15], 发生未知异常, 弹出下一个节点任务, 207671ea47676d5677555f7f09affeb9-202.3000030517578,435-83.99998474121094,84-//UIAApplication[1]/UIAWindow[1]/UIAScrollView[1]/UIAScrollView[1]/UIAButton[3]
2016-06-03 04:43:10 sys_log : [ERROR]   org.openqa.selenium.remote.UnreachableBrowserException: Error communicating with the remote browser. It may have died.
Build info: version: '2.53.0', revision: '35ae25b', time: '2016-03-15 17:00:58'
System info: host: 'macdeMBP', ip: '192.168.1.7', os.name: 'Mac OS X', os.arch: 'x86_64', os.version: '10.10.5', java.version: '1.8.0_74'
Driver info: driver.version: unknown
Capabilities [{app=/Users/mac/Desktop/apk/PANewToapAPP.app, networkConnectionEnabled=false, noReset=false, warnings={}, appiumVersion=1.0, bundleId=com.pingan.yizhangtong, language=zh-Hans, databaseEnabled=false, deviceName=iPhone 5, platform=MAC, desired={app=/Users/mac/Desktop/apk/PANewToapAPP.app, noReset=false, autoLaunch=true, appiumVersion=1.0, platformVersion=8.2, bundleId=com.pingan.yizhangtong, language=zh-Hans, udid=d32975a39224bc409796bcdc75956cd6530edbdb, platformName=iOS, deviceName=iPhone 5, autoAcceptAlerts=true}, autoLaunch=true, platformVersion=8.2, webStorageEnabled=false, locationContextEnabled=false, browserName=iOS, takesScreenshot=true, javascriptEnabled=true, udid=d32975a39224bc409796bcdc75956cd6530edbdb, platformName=iOS, autoAcceptAlerts=true}]
Session ID: dd37c4f6-519e-482c-b17c-1bc8ade3f601
