2016-06-02 22:44:30 sys_log : [INFO] click -> //UIAApplication[1]/UIAWindow[1]/UIAScrollView[1]/UIAButton[1]
2016-06-02 22:44:35 sys_log : [INFO] click -> //UIAApplication[1]/UIAWindow[1]/UIAButton[3]
2016-06-02 22:44:48 sys_log : [INFO] click -> //UIAApplication[1]/UIAWindow[1]/UIAScrollView[1]/UIAButton[2]
2016-06-02 22:44:52 sys_log : [INFO] input -> //UIAApplication[1]/UIAWindow[1]/UIAScrollView[1]/UIATextField[1], sendKeys -> 15618971003
2016-06-02 22:45:03 sys_log : [INFO] input -> //UIAApplication[1]/UIAWindow[1]/UIAScrollView[1]/UIASecureTextField[1], sendKeys -> qwer2015
2016-06-02 22:45:15 sys_log : [INFO] click -> //UIAApplication[1]/UIAWindow[1]/UIAScrollView[1]/UIAButton[1]
2016-06-02 22:45:20 sys_log : [INFO] gesture -> //UIAButton[@name='blue circle']
2016-06-02 22:47:02 sys_log : [INFO] ########################### 开始执行探索性遍历测试 ###########################
2016-06-02 22:47:07 sys_log : [INFO] 报告主人,有1个节点任务出栈并加入黑名单 -> 现在还有23个任务待运行, [UIAImage,home_bg_night,,,/0/0/4], 187ea068ebc93a06192abbb8b02caca5-0,0-320,519-//UIAApplication[1]/UIAWindow[1]/UIAImage[2]
2016-06-02 22:47:12 sys_log : [INFO] 当前节点任务所属窗口是否就是当前窗口 -> true
2016-06-02 22:47:12 sys_log : [INFO] [UIAImage,home_bg_night,,,/0/0/4], 187ea068ebc93a06192abbb8b02caca5 >> 开始执行节点任务......
2016-06-02 22:47:18 sys_log : [INFO] click -> [info = UIAImage,home_bg_night,,,/0/0/4], [depth = 1]187ea068ebc93a06192abbb8b02caca5-0,0-320,519-//UIAApplication[1]/UIAWindow[1]/UIAImage[2]
2016-06-02 22:47:23 sys_log : [INFO] 报告主人,有1个节点任务出栈并加入黑名单 -> 现在还有22个任务待运行, [UIAButton,PA01100000001_02_WDCX,PA01100000001_02_WDCX,,/0/0/5/0/2], 187ea068ebc93a06192abbb8b02caca5-31.5,435-84,84-//UIAApplication[1]/UIAWindow[1]/UIAScrollView[1]/UIAScrollView[1]/UIAButton[1]
2016-06-02 22:47:26 sys_log : [INFO] 当前节点任务所属窗口是否就是当前窗口 -> false
2016-06-02 22:47:26 sys_log : [INFO] 187ea068ebc93a06192abbb8b02caca5 >> 61f7caa2e2d39f5dc404a4062946a8c0, 窗口迁移至新窗口......
2016-06-02 22:47:26 sys_log : [INFO] 相同窗口执行次数 -> 0
2016-06-02 22:47:28 sys_log : [INFO] 11个新任务准备入栈......
2016-06-02 22:47:28 sys_log : [INFO] 11个新任务允许入栈......
2016-06-02 22:47:28 sys_log : [INFO] 任务栈已更新, 11个新任务允许入栈, 现在还有34个任务待运行......
2016-06-02 22:47:28 sys_log : [INFO] 任务栈已更新,现在还有33个任务待运行......
2016-06-02 22:47:28 sys_log : [INFO] [UIAButton,add rightbuttonItem,add rightbuttonItem,,/0/0/0/4], 61f7caa2e2d39f5dc404a4062946a8c0 >> 开始执行节点任务......
2016-06-02 22:47:31 sys_log : [INFO] click -> [info = UIAButton,add rightbuttonItem,add rightbuttonItem,,/0/0/0/4], [depth = 2]61f7caa2e2d39f5dc404a4062946a8c0-284,32-20,20-//UIAApplication[1]/UIAWindow[1]/UIANavigationBar[1]/UIAButton[3]
2016-06-02 22:47:35 sys_log : [INFO] 报告主人,有1个节点任务出栈并加入黑名单 -> 现在还有32个任务待运行, [UIACollectionCell,,,0,/0/0/1/0/3/0], 61f7caa2e2d39f5dc404a4062946a8c0-0,185-320,84-//UIAApplication[1]/UIAWindow[1]/UIATableView[1]/UIATableGroup[1]/UIACollectionView[1]/UIACollectionCell[1]
2016-06-02 22:47:51 sys_log : [INFO] 当前节点任务所属窗口是否就是当前窗口 -> true
2016-06-02 22:47:51 sys_log : [INFO] [UIACollectionCell,,,0,/0/0/1/0/3/0], 61f7caa2e2d39f5dc404a4062946a8c0 >> 开始执行节点任务......
2016-06-02 22:47:55 sys_log : [INFO] click -> [info = UIACollectionCell,,,0,/0/0/1/0/3/0], [depth = 2]61f7caa2e2d39f5dc404a4062946a8c0-0,185-320,84-//UIAApplication[1]/UIAWindow[1]/UIATableView[1]/UIATableGroup[1]/UIACollectionView[1]/UIACollectionCell[1]
2016-06-02 22:47:59 sys_log : [INFO] 报告主人,有1个节点任务出栈并加入黑名单 -> 现在还有31个任务待运行, [UIAImage,,,,/0/0/1/0/3/0/0], 61f7caa2e2d39f5dc404a4062946a8c0-0,185-320,84-//UIAApplication[1]/UIAWindow[1]/UIATableView[1]/UIATableGroup[1]/UIACollectionView[1]/UIACollectionCell[1]/UIAImage[1]
2016-06-02 22:48:01 sys_log : [INFO] 当前节点任务所属窗口是否就是当前窗口 -> false
2016-06-02 22:48:01 sys_log : [INFO] 61f7caa2e2d39f5dc404a4062946a8c0 >> a8c67ff1fd804ca23d63d83f43f067e7, 窗口迁移至新窗口......
2016-06-02 22:48:01 sys_log : [INFO] 相同窗口执行次数 -> 0
2016-06-02 22:48:03 sys_log : [INFO] 0个新任务准备入栈......
2016-06-02 22:48:03 sys_log : [INFO] 61f7caa2e2d39f5dc404a4062946a8c0 >> a8c67ff1fd804ca23d63d83f43f067e7, 窗口虽然发生迁移,但没有新任务加入, 并且本窗口节点任务已遍历完毕,点击返回......
2016-06-02 22:48:19 sys_log : [INFO] [UIAImage,,,,/0/0/1/0/3/0/0], 61f7caa2e2d39f5dc404a4062946a8c0 >> 开始执行节点任务......
2016-06-02 22:48:22 sys_log : [INFO] click -> [info = UIAImage,,,,/0/0/1/0/3/0/0], [depth = 2]61f7caa2e2d39f5dc404a4062946a8c0-0,185-320,84-//UIAApplication[1]/UIAWindow[1]/UIATableView[1]/UIATableGroup[1]/UIACollectionView[1]/UIACollectionCell[1]/UIAImage[1]
2016-06-02 22:48:27 sys_log : [INFO] 报告主人,有1个节点任务出栈并加入黑名单 -> 现在还有30个任务待运行, [UIATableCell,开始添加第一辆车,,,/0/0/1/1], 61f7caa2e2d39f5dc404a4062946a8c0-0,279-320,183-//UIAApplication[1]/UIAWindow[1]/UIATableView[1]/UIATableCell[1]
2016-06-02 22:48:29 sys_log : [INFO] 当前节点任务所属窗口是否就是当前窗口 -> false
2016-06-02 22:48:29 sys_log : [INFO] 61f7caa2e2d39f5dc404a4062946a8c0 >> a8c67ff1fd804ca23d63d83f43f067e7, 窗口迁移至新窗口......
2016-06-02 22:48:29 sys_log : [INFO] 相同窗口执行次数 -> 1
2016-06-02 22:48:30 sys_log : [INFO] 0个新任务准备入栈......
2016-06-02 22:48:30 sys_log : [INFO] 61f7caa2e2d39f5dc404a4062946a8c0 >> a8c67ff1fd804ca23d63d83f43f067e7, 窗口虽然发生迁移,但没有新任务加入, 并且本窗口节点任务已遍历完毕,点击返回......
2016-06-02 22:48:47 sys_log : [INFO] [UIATableCell,开始添加第一辆车,,,/0/0/1/1], 61f7caa2e2d39f5dc404a4062946a8c0 >> 开始执行节点任务......
2016-06-02 22:48:50 sys_log : [INFO] click -> [info = UIATableCell,开始添加第一辆车,,,/0/0/1/1], [depth = 2]61f7caa2e2d39f5dc404a4062946a8c0-0,279-320,183-//UIAApplication[1]/UIAWindow[1]/UIATableView[1]/UIATableCell[1]
2016-06-02 22:48:54 sys_log : [INFO] 报告主人,有1个节点任务出栈并加入黑名单 -> 现在还有29个任务待运行, [UIAButton,查违章，立即领10000张京东卡,查违章，立即领10000张京东卡,,/0/0/1/1/1], 61f7caa2e2d39f5dc404a4062946a8c0-14,344-292,30-//UIAApplication[1]/UIAWindow[1]/UIATableView[1]/UIATableCell[1]/UIAButton[2]
2016-06-02 22:48:56 sys_log : [INFO] 当前节点任务所属窗口是否就是当前窗口 -> false
2016-06-02 22:48:56 sys_log : [INFO] 61f7caa2e2d39f5dc404a4062946a8c0 >> 6e070dd7ab5e3a6cfc18bfe5bfad2147, 窗口迁移至新窗口......
2016-06-02 22:48:56 sys_log : [INFO] 相同窗口执行次数 -> 0
2016-06-02 22:48:58 sys_log : [INFO] 2个新任务准备入栈......
2016-06-02 22:48:58 sys_log : [INFO] 2个新任务允许入栈......
2016-06-02 22:48:58 sys_log : [INFO] 任务栈已更新, 2个新任务允许入栈, 现在还有32个任务待运行......
2016-06-02 22:48:58 sys_log : [INFO] 任务栈已更新,现在还有31个任务待运行......
2016-06-02 22:48:58 sys_log : [INFO] [UIAImage,,,,/0/0/1/0/1], 6e070dd7ab5e3a6cfc18bfe5bfad2147 >> 开始执行节点任务......
2016-06-02 22:49:00 sys_log : [INFO] click -> [info = UIAImage,,,,/0/0/1/0/1], [depth = 3]6e070dd7ab5e3a6cfc18bfe5bfad2147-0,214-320,150-//UIAApplication[1]/UIAWindow[1]/UIAScrollView[1]/UIAWebView[1]/UIAImage[2]
2016-06-02 22:49:04 sys_log : [INFO] 报告主人,有1个节点任务出栈并加入黑名单 -> 现在还有30个任务待运行, [UIAImage,,,,/0/0/1/0/2], 6e070dd7ab5e3a6cfc18bfe5bfad2147-0,364-320,150-//UIAApplication[1]/UIAWindow[1]/UIAScrollView[1]/UIAWebView[1]/UIAImage[3]
2016-06-02 22:49:06 sys_log : [INFO] 当前节点任务所属窗口是否就是当前窗口 -> true
2016-06-02 22:49:06 sys_log : [INFO] [UIAImage,,,,/0/0/1/0/2], 6e070dd7ab5e3a6cfc18bfe5bfad2147 >> 开始执行节点任务......
2016-06-02 22:49:09 sys_log : [INFO] click -> [info = UIAImage,,,,/0/0/1/0/2], [depth = 3]6e070dd7ab5e3a6cfc18bfe5bfad2147-0,364-320,150-//UIAApplication[1]/UIAWindow[1]/UIAScrollView[1]/UIAWebView[1]/UIAImage[3]
2016-06-02 22:49:13 sys_log : [INFO] 6e070dd7ab5e3a6cfc18bfe5bfad2147 == 6e070dd7ab5e3a6cfc18bfe5bfad2147, 窗口未发生迁移,并且本窗口节点任务已遍历完毕,点击返回......
2016-06-02 22:49:29 sys_log : [INFO] 报告主人,有1个节点任务出栈并加入黑名单 -> 现在还有29个任务待运行, [UIAButton,查违章，立即领10000张京东卡,查违章，立即领10000张京东卡,,/0/0/1/1/1], 61f7caa2e2d39f5dc404a4062946a8c0-14,344-292,30-//UIAApplication[1]/UIAWindow[1]/UIATableView[1]/UIATableCell[1]/UIAButton[2]
2016-06-02 22:49:31 sys_log : [INFO] 当前节点任务所属窗口是否就是当前窗口 -> true
2016-06-02 22:49:31 sys_log : [INFO] [UIAButton,查违章，立即领10000张京东卡,查违章，立即领10000张京东卡,,/0/0/1/1/1], 61f7caa2e2d39f5dc404a4062946a8c0 >> 开始执行节点任务......
2016-06-02 22:49:34 sys_log : [INFO] click -> [info = UIAButton,查违章，立即领10000张京东卡,查违章，立即领10000张京东卡,,/0/0/1/1/1], [depth = 2]61f7caa2e2d39f5dc404a4062946a8c0-14,344-292,30-//UIAApplication[1]/UIAWindow[1]/UIATableView[1]/UIATableCell[1]/UIAButton[2]
2016-06-02 22:49:38 sys_log : [INFO] 报告主人,有1个节点任务出栈并加入黑名单 -> 现在还有28个任务待运行, [UIAButton,查看示例车辆,查看示例车辆,,/0/0/1/1/2], 61f7caa2e2d39f5dc404a4062946a8c0-14,419.5-292,30-//UIAApplication[1]/UIAWindow[1]/UIATableView[1]/UIATableCell[1]/UIAButton[3]
2016-06-02 22:49:40 sys_log : [INFO] 当前节点任务所属窗口是否就是当前窗口 -> false
2016-06-02 22:49:40 sys_log : [INFO] 61f7caa2e2d39f5dc404a4062946a8c0 >> 6e070dd7ab5e3a6cfc18bfe5bfad2147, 窗口迁移至新窗口......
2016-06-02 22:49:40 sys_log : [INFO] 相同窗口执行次数 -> 1
2016-06-02 22:49:42 sys_log : [INFO] 2个新任务准备入栈......
2016-06-02 22:49:42 sys_log : [INFO] 61f7caa2e2d39f5dc404a4062946a8c0 >> 6e070dd7ab5e3a6cfc18bfe5bfad2147, 窗口虽然发生迁移,但没有新任务加入, 并且本窗口节点任务已遍历完毕,点击返回......
2016-06-02 22:49:57 sys_log : [INFO] [UIAButton,查看示例车辆,查看示例车辆,,/0/0/1/1/2], 61f7caa2e2d39f5dc404a4062946a8c0 >> 开始执行节点任务......
2016-06-02 22:50:01 sys_log : [INFO] click -> [info = UIAButton,查看示例车辆,查看示例车辆,,/0/0/1/1/2], [depth = 2]61f7caa2e2d39f5dc404a4062946a8c0-14,419.5-292,30-//UIAApplication[1]/UIAWindow[1]/UIATableView[1]/UIATableCell[1]/UIAButton[3]
2016-06-02 22:50:05 sys_log : [INFO] 报告主人,有1个节点任务出栈并加入黑名单 -> 现在还有27个任务待运行, [UIATableCell,,,,/0/0/1/4], 61f7caa2e2d39f5dc404a4062946a8c0-0,472.1000061035156-320,191.99996948242188-//UIAApplication[1]/UIAWindow[1]/UIATableView[1]/UIATableCell[2]
2016-06-02 22:50:07 sys_log : [INFO] 当前节点任务所属窗口是否就是当前窗口 -> true
2016-06-02 22:50:07 sys_log : [INFO] [UIATableCell,,,,/0/0/1/4], 61f7caa2e2d39f5dc404a4062946a8c0 >> 开始执行节点任务......
2016-06-02 22:50:10 sys_log : [INFO] click -> [info = UIATableCell,,,,/0/0/1/4], [depth = 2]61f7caa2e2d39f5dc404a4062946a8c0-0,472.1000061035156-320,191.99996948242188-//UIAApplication[1]/UIAWindow[1]/UIATableView[1]/UIATableCell[2]
2016-06-02 22:50:14 sys_log : [INFO] 报告主人,有1个节点任务出栈并加入黑名单 -> 现在还有26个任务待运行, [UIACollectionCell,违章查询,,0,/0/0/1/4/0/0], 61f7caa2e2d39f5dc404a4062946a8c0-0.25,472.1000061035156-159.25,63.499969482421875-//UIAApplication[1]/UIAWindow[1]/UIATableView[1]/UIATableCell[2]/UIACollectionView[1]/UIACollectionCell[1]
2016-06-02 22:50:16 sys_log : [INFO] 当前节点任务所属窗口是否就是当前窗口 -> false
2016-06-02 22:50:16 sys_log : [INFO] 61f7caa2e2d39f5dc404a4062946a8c0 >> c2efc5e655041375f4dbb6990ca00777, 窗口迁移至新窗口......
2016-06-02 22:50:16 sys_log : [INFO] 相同窗口执行次数 -> 0
2016-06-02 22:50:17 sys_log : [INFO] 2个新任务准备入栈......
2016-06-02 22:50:17 sys_log : [INFO] 2个新任务允许入栈......
2016-06-02 22:50:17 sys_log : [INFO] 任务栈已更新, 2个新任务允许入栈, 现在还有29个任务待运行......
2016-06-02 22:50:17 sys_log : [INFO] 任务栈已更新,现在还有28个任务待运行......
2016-06-02 22:50:17 sys_log : [INFO] [UIATableCell,车贷计算器,,,/0/0/1/1], c2efc5e655041375f4dbb6990ca00777 >> 开始执行节点任务......
2016-06-02 22:50:20 sys_log : [INFO] click -> [info = UIATableCell,车贷计算器,,,/0/0/1/1], [depth = 3]c2efc5e655041375f4dbb6990ca00777-0,84-320,44-//UIAApplication[1]/UIAWindow[1]/UIATableView[1]/UIATableCell[1]
2016-06-02 22:50:24 sys_log : [INFO] 报告主人,有1个节点任务出栈并加入黑名单 -> 现在还有27个任务待运行, [UIATableCell,车抵贷计算器,,,/0/0/1/2], c2efc5e655041375f4dbb6990ca00777-0,128-320,44-//UIAApplication[1]/UIAWindow[1]/UIATableView[1]/UIATableCell[2]
2016-06-02 22:50:26 sys_log : [INFO] 当前节点任务所属窗口是否就是当前窗口 -> true
2016-06-02 22:50:26 sys_log : [INFO] [UIATableCell,车抵贷计算器,,,/0/0/1/2], c2efc5e655041375f4dbb6990ca00777 >> 开始执行节点任务......
2016-06-02 22:51:27 sys_log : [ERROR]   节点任务 -> [info = UIATableCell,车抵贷计算器,,,/0/0/1/2], NoSuchElementException, 弹出下一个节点任务, c2efc5e655041375f4dbb6990ca00777-0,128-320,44-//UIAApplication[1]/UIAWindow[1]/UIATableView[1]/UIATableCell[2]
2016-06-02 22:51:27 sys_log : [INFO] 报告主人,有1个节点任务出栈并加入黑名单 -> 现在还有26个任务待运行, [UIACollectionCell,违章查询,,0,/0/0/1/4/0/0], 61f7caa2e2d39f5dc404a4062946a8c0-0.25,472.1000061035156-159.25,63.499969482421875-//UIAApplication[1]/UIAWindow[1]/UIATableView[1]/UIATableCell[2]/UIACollectionView[1]/UIACollectionCell[1]
2016-06-02 22:51:29 sys_log : [INFO] 当前节点任务所属窗口是否就是当前窗口 -> false
2016-06-02 22:51:29 sys_log : [INFO] 61f7caa2e2d39f5dc404a4062946a8c0 >> c2efc5e655041375f4dbb6990ca00777, 窗口迁移至新窗口......
2016-06-02 22:51:29 sys_log : [INFO] 相同窗口执行次数 -> 1
2016-06-02 22:51:30 sys_log : [INFO] 3个新任务准备入栈......
2016-06-02 22:51:30 sys_log : [INFO] 3个新任务允许入栈......
2016-06-02 22:51:30 sys_log : [INFO] 任务栈已更新, 3个新任务允许入栈, 现在还有30个任务待运行......
2016-06-02 22:51:30 sys_log : [INFO] 任务栈已更新,现在还有29个任务待运行......
2016-06-02 22:51:30 sys_log : [INFO] [UIATextField,,,请输入,/0/0/1/1/1], c2efc5e655041375f4dbb6990ca00777 >> 开始执行节点任务......
2016-06-02 22:51:33 sys_log : [INFO] input -> [info = UIATextField,,,请输入,/0/0/1/1/1], [depth = 3], sendKeys -> 8888, c2efc5e655041375f4dbb6990ca00777-156,82-138,28-//UIAApplication[1]/UIAWindow[1]/UIAScrollView[1]/UIAWebView[1]/UIATextField[1]
2016-06-02 22:51:36 sys_log : [INFO] 报告主人,有1个节点任务出栈并加入黑名单 -> 现在还有28个任务待运行, [UIATextField,,,请输入,/0/0/1/1/4], c2efc5e655041375f4dbb6990ca00777-156,133-138,28-//UIAApplication[1]/UIAWindow[1]/UIAScrollView[1]/UIAWebView[1]/UIATextField[2]
2016-06-02 22:51:38 sys_log : [INFO] 当前节点任务所属窗口是否就是当前窗口 -> true
2016-06-02 22:51:38 sys_log : [INFO] [UIATextField,,,请输入,/0/0/1/1/4], c2efc5e655041375f4dbb6990ca00777 >> 开始执行节点任务......
2016-06-02 22:51:41 sys_log : [INFO] input -> [info = UIATextField,,,请输入,/0/0/1/1/4], [depth = 3], sendKeys -> 8888, c2efc5e655041375f4dbb6990ca00777-156,133-138,28-//UIAApplication[1]/UIAWindow[1]/UIAScrollView[1]/UIAWebView[1]/UIATextField[2]
2016-06-02 22:51:44 sys_log : [INFO] 报告主人,有1个节点任务出栈并加入黑名单 -> 现在还有27个任务待运行, [UIATextField,,,请输入,/0/0/1/1/7], c2efc5e655041375f4dbb6990ca00777-156,184-138,28-//UIAApplication[1]/UIAWindow[1]/UIAScrollView[1]/UIAWebView[1]/UIATextField[3]
2016-06-02 22:51:46 sys_log : [INFO] 当前节点任务所属窗口是否就是当前窗口 -> true
2016-06-02 22:51:46 sys_log : [INFO] [UIATextField,,,请输入,/0/0/1/1/7], c2efc5e655041375f4dbb6990ca00777 >> 开始执行节点任务......
2016-06-02 22:51:49 sys_log : [INFO] input -> [info = UIATextField,,,请输入,/0/0/1/1/7], [depth = 3], sendKeys -> 8888, c2efc5e655041375f4dbb6990ca00777-156,184-138,28-//UIAApplication[1]/UIAWindow[1]/UIAScrollView[1]/UIAWebView[1]/UIATextField[3]
2016-06-02 22:51:52 sys_log : [INFO] c2efc5e655041375f4dbb6990ca00777 == c2efc5e655041375f4dbb6990ca00777, 窗口未发生迁移,并且本窗口节点任务已遍历完毕,点击返回......
2016-06-02 22:52:07 sys_log : [INFO] 报告主人,有1个节点任务出栈并加入黑名单 -> 现在还有26个任务待运行, [UIACollectionCell,违章查询,,0,/0/0/1/4/0/0], 61f7caa2e2d39f5dc404a4062946a8c0-0.25,472.1000061035156-159.25,63.499969482421875-//UIAApplication[1]/UIAWindow[1]/UIATableView[1]/UIATableCell[2]/UIACollectionView[1]/UIACollectionCell[1]
2016-06-02 22:52:09 sys_log : [INFO] 当前节点任务所属窗口是否就是当前窗口 -> false
2016-06-02 22:52:09 sys_log : [INFO] 61f7caa2e2d39f5dc404a4062946a8c0 >> c2efc5e655041375f4dbb6990ca00777, 窗口迁移至新窗口......
2016-06-02 22:52:09 sys_log : [INFO] 相同窗口执行次数 -> 2
2016-06-02 22:52:10 sys_log : [INFO] 2个新任务准备入栈......
2016-06-02 22:52:10 sys_log : [INFO] 1个新任务允许入栈......
2016-06-02 22:52:10 sys_log : [INFO] 任务栈已更新, 1个新任务允许入栈, 现在还有28个任务待运行......
2016-06-02 22:52:10 sys_log : [INFO] 任务栈已更新,现在还有27个任务待运行......
2016-06-02 22:52:10 sys_log : [INFO] [UIATableCell,车贷计算器,,1,/0/0/1/1], c2efc5e655041375f4dbb6990ca00777 >> 开始执行节点任务......
2016-06-02 22:52:13 sys_log : [INFO] click -> [info = UIATableCell,车贷计算器,,1,/0/0/1/1], [depth = 3]c2efc5e655041375f4dbb6990ca00777-0,84-320,44-//UIAApplication[1]/UIAWindow[1]/UIATableView[1]/UIATableCell[1]
2016-06-02 22:52:15 sys_log : [ERROR]   节点任务 -> [info = UIATableCell,车贷计算器,,1,/0/0/1/1], 发生未知异常, 弹出下一个节点任务, c2efc5e655041375f4dbb6990ca00777-0,84-320,44-//UIAApplication[1]/UIAWindow[1]/UIATableView[1]/UIATableCell[1]
2016-06-02 22:52:15 sys_log : [ERROR]   org.openqa.selenium.WebDriverException: An unknown server-side error occurred while processing the command. (WARNING: The server did not provide any stacktrace information)
Command duration or timeout: 2.01 seconds
Build info: version: '2.53.0', revision: '35ae25b', time: '2016-03-15 17:00:58'
System info: host: 'macdeMBP', ip: '192.168.1.7', os.name: 'Mac OS X', os.arch: 'x86_64', os.version: '10.10.5', java.version: '1.8.0_74'
Driver info: io.appium.java_client.ios.IOSDriver
Capabilities [{app=/Users/mac/Desktop/apk/PANewToapAPP.app, networkConnectionEnabled=false, noReset=false, warnings={}, appiumVersion=1.0, bundleId=com.pingan.yizhangtong, language=zh-Hans, databaseEnabled=false, deviceName=iPhone 5, platform=MAC, desired={app=/Users/mac/Desktop/apk/PANewToapAPP.app, noReset=false, autoLaunch=true, appiumVersion=1.0, platformVersion=8.2, bundleId=com.pingan.yizhangtong, language=zh-Hans, udid=d32975a39224bc409796bcdc75956cd6530edbdb, platformName=iOS, deviceName=iPhone 5, autoAcceptAlerts=true}, autoLaunch=true, platformVersion=8.2, webStorageEnabled=false, locationContextEnabled=false, browserName=iOS, takesScreenshot=true, javascriptEnabled=true, udid=d32975a39224bc409796bcdc75956cd6530edbdb, platformName=iOS, autoAcceptAlerts=true}]
Session ID: efee75fc-5658-46bd-b51a-61e5e28fbe15
2016-06-02 22:52:15 sys_log : [INFO] 报告主人,有1个节点任务出栈并加入黑名单 -> 现在还有26个任务待运行, [UIACollectionCell,违章查询,,0,/0/0/1/4/0/0], 61f7caa2e2d39f5dc404a4062946a8c0-0.25,472.1000061035156-159.25,63.499969482421875-//UIAApplication[1]/UIAWindow[1]/UIATableView[1]/UIATableCell[2]/UIACollectionView[1]/UIACollectionCell[1]
2016-06-02 22:52:18 sys_log : [INFO] 当前节点任务所属窗口是否就是当前窗口 -> false
2016-06-02 22:52:18 sys_log : [INFO] 61f7caa2e2d39f5dc404a4062946a8c0 >> c2efc5e655041375f4dbb6990ca00777, 窗口迁移至新窗口......
2016-06-02 22:52:18 sys_log : [INFO] 相同窗口执行次数 -> 3
2016-06-02 22:52:19 sys_log : [ERROR]   节点任务 -> [info = UIACollectionCell,违章查询,,0,/0/0/1/4/0/0], 发生未知异常, 弹出下一个节点任务, 61f7caa2e2d39f5dc404a4062946a8c0-0.25,472.1000061035156-159.25,63.499969482421875-//UIAApplication[1]/UIAWindow[1]/UIATableView[1]/UIATableCell[2]/UIACollectionView[1]/UIACollectionCell[1]
2016-06-02 22:52:19 sys_log : [ERROR]   org.openqa.selenium.WebDriverException: Instruments died while responding to command, please check appium logs (WARNING: The server did not provide any stacktrace information)
Command duration or timeout: 299 milliseconds
Build info: version: '2.53.0', revision: '35ae25b', time: '2016-03-15 17:00:58'
System info: host: 'macdeMBP', ip: '192.168.1.7', os.name: 'Mac OS X', os.arch: 'x86_64', os.version: '10.10.5', java.version: '1.8.0_74'
Driver info: io.appium.java_client.ios.IOSDriver
Capabilities [{app=/Users/mac/Desktop/apk/PANewToapAPP.app, networkConnectionEnabled=false, noReset=false, warnings={}, appiumVersion=1.0, bundleId=com.pingan.yizhangtong, language=zh-Hans, databaseEnabled=false, deviceName=iPhone 5, platform=MAC, desired={app=/Users/mac/Desktop/apk/PANewToapAPP.app, noReset=false, autoLaunch=true, appiumVersion=1.0, platformVersion=8.2, bundleId=com.pingan.yizhangtong, language=zh-Hans, udid=d32975a39224bc409796bcdc75956cd6530edbdb, platformName=iOS, deviceName=iPhone 5, autoAcceptAlerts=true}, autoLaunch=true, platformVersion=8.2, webStorageEnabled=false, locationContextEnabled=false, browserName=iOS, takesScreenshot=true, javascriptEnabled=true, udid=d32975a39224bc409796bcdc75956cd6530edbdb, platformName=iOS, autoAcceptAlerts=true}]
Session ID: efee75fc-5658-46bd-b51a-61e5e28fbe15
2016-06-02 22:52:19 sys_log : [INFO] 报告主人,有1个节点任务出栈并加入黑名单 -> 现在还有25个任务待运行, [UIACollectionCell,买车险,,0,/0/0/1/4/0/1], 61f7caa2e2d39f5dc404a4062946a8c0-160,472.1000061035156-159.25,63.499969482421875-//UIAApplication[1]/UIAWindow[1]/UIATableView[1]/UIATableCell[2]/UIACollectionView[1]/UIACollectionCell[2]
2016-06-02 22:52:19 sys_log : [ERROR]   会话丢失,退出 >> 节点任务 -> [info = UIACollectionCell,买车险,,0,/0/0/1/4/0/1], NoSuchSessionException, 弹出下一个节点任务, 61f7caa2e2d39f5dc404a4062946a8c0-160,472.1000061035156-159.25,63.499969482421875-//UIAApplication[1]/UIAWindow[1]/UIATableView[1]/UIATableCell[2]/UIACollectionView[1]/UIACollectionCell[2]
2016-06-02 22:52:20 sys_log : [INFO] 开始创建视频......
