2016-06-03 10:03:50 sys_log : [ERROR]   节点任务 -> [info = android.widget.LinearLayout,,,], 发生未知异常, 弹出下一个节点任务, 43df9fc57a428380949bcbac11c0ace3-0,312-720,442-//android.widget.FrameLayout[1]/android.widget.LinearLayout[1]/android.widget.FrameLayout[1]/android.widget.LinearLayout[1]/android.widget.ListView[1]/android.widget.LinearLayout[3]
2016-06-03 10:03:50 sys_log : [ERROR]   org.openqa.selenium.WebDriverException: An unknown server-side error occurred while processing the command. (WARNING: The server did not provide any stacktrace information)
Command duration or timeout: 7 milliseconds
Build info: version: '2.53.0', revision: '35ae25b', time: '2016-03-15 17:00:58'
System info: host: 'macdeMacBook-Pro.local', ip: '172.18.17.224', os.name: 'Mac OS X', os.arch: 'x86_64', os.version: '10.10.5', java.version: '1.8.0_74'
Driver info: io.appium.java_client.android.AndroidDriver
Capabilities [{app=/Users/mac/Desktop/apk/yizhangtong.apk, appPackage=com.pingan.yzt, networkConnectionEnabled=true, noReset=false, noSign=true, warnings={}, appiumVersion=1.0, language=zh-Hans, databaseEnabled=false, deviceName=eccb30368643, platform=LINUX, appActivity=com.pingan.yzt.SplashActivityPro, desired={app=/Users/mac/Desktop/apk/yizhangtong.apk, appPackage=com.pingan.yzt, noReset=false, noSign=true, appiumVersion=1.0, language=zh-Hans, deviceName=Mi4, appActivity=com.pingan.yzt.SplashActivityPro, autoLaunch=true, platformVersion=4.3, unicodeKeyboard=true, udid=eccb30368643, platformName=Android, resetKeyboard=true}, autoLaunch=true, platformVersion=4.3, webStorageEnabled=false, locationContextEnabled=false, browserName=Android, takesScreenshot=true, javascriptEnabled=true, unicodeKeyboard=true, udid=eccb30368643, platformName=Android, resetKeyboard=true}]
Session ID: aa9d88c7-688c-4631-9043-e1c2b62f40f0
2016-06-03 10:03:51 sys_log : [ERROR]   节点任务 -> [info = android.widget.LinearLayout,,,com.pingan.yzt:id/item_ll_assets_add], 发生未知异常, 弹出下一个节点任务, 43df9fc57a428380949bcbac11c0ace3-0,312-720,440-//android.widget.FrameLayout[1]/android.widget.LinearLayout[1]/android.widget.FrameLayout[1]/android.widget.LinearLayout[1]/android.widget.ListView[1]/android.widget.LinearLayout[3]/android.widget.LinearLayout[1]
2016-06-03 10:03:51 sys_log : [ERROR]   org.openqa.selenium.WebDriverException: An unknown server-side error occurred while processing the command. (WARNING: The server did not provide any stacktrace information)
Command duration or timeout: 5 milliseconds
Build info: version: '2.53.0', revision: '35ae25b', time: '2016-03-15 17:00:58'
System info: host: 'macdeMacBook-Pro.local', ip: '172.18.17.224', os.name: 'Mac OS X', os.arch: 'x86_64', os.version: '10.10.5', java.version: '1.8.0_74'
Driver info: io.appium.java_client.android.AndroidDriver
Capabilities [{app=/Users/mac/Desktop/apk/yizhangtong.apk, appPackage=com.pingan.yzt, networkConnectionEnabled=true, noReset=false, noSign=true, warnings={}, appiumVersion=1.0, language=zh-Hans, databaseEnabled=false, deviceName=eccb30368643, platform=LINUX, appActivity=com.pingan.yzt.SplashActivityPro, desired={app=/Users/mac/Desktop/apk/yizhangtong.apk, appPackage=com.pingan.yzt, noReset=false, noSign=true, appiumVersion=1.0, language=zh-Hans, deviceName=Mi4, appActivity=com.pingan.yzt.SplashActivityPro, autoLaunch=true, platformVersion=4.3, unicodeKeyboard=true, udid=eccb30368643, platformName=Android, resetKeyboard=true}, autoLaunch=true, platformVersion=4.3, webStorageEnabled=false, locationContextEnabled=false, browserName=Android, takesScreenshot=true, javascriptEnabled=true, unicodeKeyboard=true, udid=eccb30368643, platformName=Android, resetKeyboard=true}]
Session ID: aa9d88c7-688c-4631-9043-e1c2b62f40f0
2016-06-03 10:03:53 sys_log : [ERROR]   节点任务 -> [info = android.widget.LinearLayout,,,], 发生未知异常, 弹出下一个节点任务, 43df9fc57a428380949bcbac11c0ace3-0,442-720,572-//android.widget.FrameLayout[1]/android.widget.LinearLayout[1]/android.widget.FrameLayout[1]/android.widget.LinearLayout[1]/android.widget.ListView[1]/android.widget.LinearLayout[4]
2016-06-03 10:03:53 sys_log : [ERROR]   org.openqa.selenium.WebDriverException: An unknown server-side error occurred while processing the command. (WARNING: The server did not provide any stacktrace information)
Command duration or timeout: 5 milliseconds
Build info: version: '2.53.0', revision: '35ae25b', time: '2016-03-15 17:00:58'
System info: host: 'macdeMacBook-Pro.local', ip: '172.18.17.224', os.name: 'Mac OS X', os.arch: 'x86_64', os.version: '10.10.5', java.version: '1.8.0_74'
Driver info: io.appium.java_client.android.AndroidDriver
Capabilities [{app=/Users/mac/Desktop/apk/yizhangtong.apk, appPackage=com.pingan.yzt, networkConnectionEnabled=true, noReset=false, noSign=true, warnings={}, appiumVersion=1.0, language=zh-Hans, databaseEnabled=false, deviceName=eccb30368643, platform=LINUX, appActivity=com.pingan.yzt.SplashActivityPro, desired={app=/Users/mac/Desktop/apk/yizhangtong.apk, appPackage=com.pingan.yzt, noReset=false, noSign=true, appiumVersion=1.0, language=zh-Hans, deviceName=Mi4, appActivity=com.pingan.yzt.SplashActivityPro, autoLaunch=true, platformVersion=4.3, unicodeKeyboard=true, udid=eccb30368643, platformName=Android, resetKeyboard=true}, autoLaunch=true, platformVersion=4.3, webStorageEnabled=false, locationContextEnabled=false, browserName=Android, takesScreenshot=true, javascriptEnabled=true, unicodeKeyboard=true, udid=eccb30368643, platformName=Android, resetKeyboard=true}]
Session ID: aa9d88c7-688c-4631-9043-e1c2b62f40f0
