2016-06-02 22:54:33 sys_log : [INFO] click -> //UIAApplication[1]/UIAWindow[1]/UIAScrollView[1]/UIAButton[1]
2016-06-02 22:54:38 sys_log : [INFO] click -> //UIAApplication[1]/UIAWindow[1]/UIAButton[3]
2016-06-02 22:54:51 sys_log : [INFO] click -> //UIAApplication[1]/UIAWindow[1]/UIAScrollView[1]/UIAButton[2]
2016-06-02 22:54:56 sys_log : [INFO] input -> //UIAApplication[1]/UIAWindow[1]/UIAScrollView[1]/UIATextField[1], sendKeys -> 15618971003
2016-06-02 22:55:07 sys_log : [INFO] input -> //UIAApplication[1]/UIAWindow[1]/UIAScrollView[1]/UIASecureTextField[1], sendKeys -> qwer2015
2016-06-02 22:55:18 sys_log : [INFO] click -> //UIAApplication[1]/UIAWindow[1]/UIAScrollView[1]/UIAButton[1]
2016-06-02 22:55:23 sys_log : [INFO] gesture -> //UIAButton[@name='blue circle']
2016-06-02 22:57:05 sys_log : [INFO] ########################### 开始执行探索性遍历测试 ###########################
2016-06-02 22:57:10 sys_log : [INFO] 报告主人,有1个节点任务出栈并加入黑名单 -> 现在还有11个任务待运行, [UIAImage,home_bg_night,,,/0/0/4], 187ea068ebc93a06192abbb8b02caca5-0,0-320,519-//UIAApplication[1]/UIAWindow[1]/UIAImage[2]
2016-06-02 22:57:17 sys_log : [INFO] 当前节点任务所属窗口是否就是当前窗口 -> false
2016-06-02 22:57:17 sys_log : [INFO] 187ea068ebc93a06192abbb8b02caca5 >> 207671ea47676d5677555f7f09affeb9, 窗口迁移至新窗口......
2016-06-02 22:57:17 sys_log : [INFO] 相同窗口执行次数 -> 1
2016-06-02 22:57:19 sys_log : [ERROR]   节点任务 -> [info = UIAImage,home_bg_night,,,/0/0/4], 发生未知异常, 弹出下一个节点任务, 187ea068ebc93a06192abbb8b02caca5-0,0-320,519-//UIAApplication[1]/UIAWindow[1]/UIAImage[2]
2016-06-02 22:57:19 sys_log : [ERROR]   org.openqa.selenium.WebDriverException: Instruments died while responding to command, please check appium logs (WARNING: The server did not provide any stacktrace information)
Command duration or timeout: 1.70 seconds
Build info: version: '2.53.0', revision: '35ae25b', time: '2016-03-15 17:00:58'
System info: host: 'macdeMBP', ip: '192.168.1.7', os.name: 'Mac OS X', os.arch: 'x86_64', os.version: '10.10.5', java.version: '1.8.0_74'
Driver info: io.appium.java_client.ios.IOSDriver
Capabilities [{app=/Users/mac/Desktop/apk/PANewToapAPP.app, networkConnectionEnabled=false, noReset=false, warnings={}, appiumVersion=1.0, bundleId=com.pingan.yizhangtong, language=zh-Hans, databaseEnabled=false, deviceName=iPhone 5, platform=MAC, desired={app=/Users/mac/Desktop/apk/PANewToapAPP.app, noReset=false, autoLaunch=true, appiumVersion=1.0, platformVersion=8.2, bundleId=com.pingan.yizhangtong, language=zh-Hans, udid=d32975a39224bc409796bcdc75956cd6530edbdb, platformName=iOS, deviceName=iPhone 5, autoAcceptAlerts=true}, autoLaunch=true, platformVersion=8.2, webStorageEnabled=false, locationContextEnabled=false, browserName=iOS, takesScreenshot=true, javascriptEnabled=true, udid=d32975a39224bc409796bcdc75956cd6530edbdb, platformName=iOS, autoAcceptAlerts=true}]
Session ID: ca3eee56-eee6-4c27-9621-c3b8e94ad4c8
2016-06-02 22:57:19 sys_log : [INFO] 报告主人,有1个节点任务出栈并加入黑名单 -> 现在还有10个任务待运行, [UIAButton,PA01100000001_02_WDCX,PA01100000001_02_WDCX,,/0/0/5/0/2], 187ea068ebc93a06192abbb8b02caca5-31.5,435-84,84-//UIAApplication[1]/UIAWindow[1]/UIAScrollView[1]/UIAScrollView[1]/UIAButton[1]
2016-06-02 22:57:19 sys_log : [ERROR]   会话丢失,退出 >> 节点任务 -> [info = UIAButton,PA01100000001_02_WDCX,PA01100000001_02_WDCX,,/0/0/5/0/2], NoSuchSessionException, 弹出下一个节点任务, 187ea068ebc93a06192abbb8b02caca5-31.5,435-84,84-//UIAApplication[1]/UIAWindow[1]/UIAScrollView[1]/UIAScrollView[1]/UIAButton[1]
2016-06-02 22:57:20 sys_log : [INFO] 开始创建视频......
