2016-06-03 05:04:25 sys_log : [ERROR]   节点任务 -> [info = UIACollectionCell,车·车险,,0,/0/0/4/21/0/1], NoSuchElementException, 弹出下一个节点任务, 207671ea47676d5677555f7f09affeb9-160,190.00100708007812-158.75,84.5-//UIAApplication[1]/UIAWindow[1]/UIATableView[1]/UIATableCell[1]/UIACollectionView[1]/UIACollectionCell[2]
2016-06-03 05:07:24 sys_log : [ERROR]   节点任务 -> [info = UIACollectionCell,一账通宝,,0,/0/0/1/9/0/0], NoSuchElementException, 弹出下一个节点任务, 16a7bfb0c976c6a62b9cc87e809ef9c-0.25,432.010009765625-159.25,63.5-//UIAApplication[1]/UIAWindow[1]/UIATableView[1]/UIATableCell[2]/UIACollectionView[1]/UIACollectionCell[1]
2016-06-03 05:08:41 sys_log : [ERROR]   节点任务 -> [info = UIACollectionCell,理财计算器,,0,/0/0/1/9/0/1], NoSuchElementException, 弹出下一个节点任务, 16a7bfb0c976c6a62b9cc87e809ef9c-160,432.010009765625-159.25,63.5-//UIAApplication[1]/UIAWindow[1]/UIATableView[1]/UIATableCell[2]/UIACollectionView[1]/UIACollectionCell[2]
2016-06-03 05:10:03 sys_log : [ERROR]   节点任务 -> [info = UIACollectionCell,智能投资顾问,,0,/0/0/1/9/0/2], NoSuchElementException, 弹出下一个节点任务, 16a7bfb0c976c6a62b9cc87e809ef9c-0.25,496.010009765625-159.25,63.5-//UIAApplication[1]/UIAWindow[1]/UIATableView[1]/UIATableCell[2]/UIACollectionView[1]/UIACollectionCell[3]
2016-06-03 05:11:20 sys_log : [ERROR]   节点任务 -> [info = UIACollectionCell,专家咨询,,0,/0/0/1/9/0/3], NoSuchElementException, 弹出下一个节点任务, 16a7bfb0c976c6a62b9cc87e809ef9c-160,496.010009765625-159.25,63.5-//UIAApplication[1]/UIAWindow[1]/UIATableView[1]/UIATableCell[2]/UIACollectionView[1]/UIACollectionCell[4]
2016-06-03 05:12:41 sys_log : [ERROR]   节点任务 -> [info = UIACollectionCell,财经直播,,0,/0/0/1/9/0/5], NoSuchElementException, 弹出下一个节点任务, 16a7bfb0c976c6a62b9cc87e809ef9c-160,560.010009765625-159.25,63.5-//UIAApplication[1]/UIAWindow[1]/UIATableView[1]/UIATableCell[2]/UIACollectionView[1]/UIACollectionCell[6]
2016-06-03 05:14:33 sys_log : [ERROR]   节点任务 -> [info = UIACollectionCell,,,0,/0/0/1/0/0/4], NoSuchElementException, 弹出下一个节点任务, ab98f013561862a27b4c0d3de848898c-0,74-320,100-//UIAApplication[1]/UIAWindow[1]/UIATableView[1]/UIATableGroup[1]/UIACollectionView[1]/UIACollectionCell[5]
2016-06-03 05:16:07 sys_log : [ERROR]   节点任务 -> [info = UIAImage,,,,/0/0/1/0/0/4/0], NoSuchElementException, 弹出下一个节点任务, ab98f013561862a27b4c0d3de848898c-0,74-320,100-//UIAApplication[1]/UIAWindow[1]/UIATableView[1]/UIATableGroup[1]/UIACollectionView[1]/UIACollectionCell[5]/UIAImage[1]
2016-06-03 05:17:42 sys_log : [ERROR]   节点任务 -> [info = UIAButton,更多,更多,,/0/0/1/2/2], NoSuchElementException, 弹出下一个节点任务, ab98f013561862a27b4c0d3de848898c-266,184.10000610351562-40,33-//UIAApplication[1]/UIAWindow[1]/UIATableView[1]/UIATableGroup[3]/UIAButton[1]
2016-06-03 05:21:02 sys_log : [ERROR]   节点任务 -> [info = UIACollectionCell,选股宝,,0,/0/0/4/21/0/3], NoSuchElementException, 弹出下一个节点任务, 207671ea47676d5677555f7f09affeb9-80.375,275.0010070800781-79.125,84.5-//UIAApplication[1]/UIAWindow[1]/UIATableView[1]/UIATableCell[1]/UIACollectionView[1]/UIACollectionCell[4]
2016-06-03 05:21:29 sys_log : [ERROR]   节点任务 -> [info = UIACollectionCell,保险,,0,/0/0/4/21/0/4], 发生未知异常, 弹出下一个节点任务, 207671ea47676d5677555f7f09affeb9-160,275.0010070800781-79.125,84.5-//UIAApplication[1]/UIAWindow[1]/UIATableView[1]/UIATableCell[1]/UIACollectionView[1]/UIACollectionCell[5]
2016-06-03 05:21:29 sys_log : [ERROR]   org.openqa.selenium.WebDriverException: An unknown server-side error occurred while processing the command. (WARNING: The server did not provide any stacktrace information)
Command duration or timeout: 3.98 seconds
Build info: version: '2.53.0', revision: '35ae25b', time: '2016-03-15 17:00:58'
System info: host: 'macdeMBP', ip: '192.168.1.7', os.name: 'Mac OS X', os.arch: 'x86_64', os.version: '10.10.5', java.version: '1.8.0_74'
Driver info: io.appium.java_client.ios.IOSDriver
Capabilities [{app=/Users/mac/Desktop/apk/PANewToapAPP.app, networkConnectionEnabled=false, noReset=false, warnings={}, appiumVersion=1.0, bundleId=com.pingan.yizhangtong, language=zh-Hans, databaseEnabled=false, deviceName=iPhone 5, platform=MAC, desired={app=/Users/mac/Desktop/apk/PANewToapAPP.app, noReset=false, autoLaunch=true, appiumVersion=1.0, platformVersion=8.2, bundleId=com.pingan.yizhangtong, language=zh-Hans, udid=d32975a39224bc409796bcdc75956cd6530edbdb, platformName=iOS, deviceName=iPhone 5, autoAcceptAlerts=true}, autoLaunch=true, platformVersion=8.2, webStorageEnabled=false, locationContextEnabled=false, browserName=iOS, takesScreenshot=true, javascriptEnabled=true, udid=d32975a39224bc409796bcdc75956cd6530edbdb, platformName=iOS, autoAcceptAlerts=true}]
Session ID: ad23791f-3b62-47fb-b92c-aabef16cb750
2016-06-03 05:25:46 sys_log : [ERROR]   节点任务 -> [info = UIACollectionCell,贷款,,0,/0/0/4/21/0/7], NoSuchElementException, 弹出下一个节点任务, 207671ea47676d5677555f7f09affeb9-80.375,360.0010070800781-79.125,84.5-//UIAApplication[1]/UIAWindow[1]/UIATableView[1]/UIATableCell[1]/UIACollectionView[1]/UIACollectionCell[8]
2016-06-03 05:27:14 sys_log : [ERROR]   节点任务 -> [info = UIACollectionCell,信用,,0,/0/0/4/21/0/8], NoSuchElementException, 弹出下一个节点任务, 207671ea47676d5677555f7f09affeb9-160,360.0010070800781-79.125,84.5-//UIAApplication[1]/UIAWindow[1]/UIATableView[1]/UIATableCell[1]/UIACollectionView[1]/UIACollectionCell[9]
2016-06-03 05:28:33 sys_log : [ERROR]   节点任务 -> [info = UIACollectionCell,房产,,0,/0/0/4/21/0/9], NoSuchElementException, 弹出下一个节点任务, 207671ea47676d5677555f7f09affeb9-239.625,360.0010070800781-79.125,84.5-//UIAApplication[1]/UIAWindow[1]/UIATableView[1]/UIATableCell[1]/UIACollectionView[1]/UIACollectionCell[10]
2016-06-03 05:30:02 sys_log : [ERROR]   节点任务 -> [info = UIACollectionCell,信托,,0,/0/0/4/24/0/0], NoSuchElementException, 弹出下一个节点任务, 207671ea47676d5677555f7f09affeb9-0,450.00201416015625-320,84.5-//UIAApplication[1]/UIAWindow[1]/UIATableView[1]/UIATableCell[2]/UIACollectionView[1]/UIACollectionCell[1]
2016-06-03 05:35:22 sys_log : [ERROR]   节点任务 -> [info = UIATableCell,车抵贷计算器,,,/0/0/1/2], NoSuchElementException, 弹出下一个节点任务, c2efc5e655041375f4dbb6990ca00777-0,128-320,44-//UIAApplication[1]/UIAWindow[1]/UIATableView[1]/UIATableCell[2]
2016-06-03 05:37:46 sys_log : [ERROR]   节点任务 -> [info = UIAButton,PA01100000001_02_WDCX,PA01100000001_02_WDCX,,/0/0/6/0/2], NoSuchElementException, 弹出下一个节点任务, 207671ea47676d5677555f7f09affeb9-31.5,435-84,84-//UIAApplication[1]/UIAWindow[1]/UIAScrollView[1]/UIAScrollView[1]/UIAButton[1]
2016-06-03 05:46:30 sys_log : [ERROR]   节点任务 -> [info = UIAButton,PA02100000001_02_JF,PA02100000001_02_JF,,/0/0/6/0/8], NoSuchElementException, 弹出下一个节点任务, 207671ea47676d5677555f7f09affeb9-116.9000015258789,435-83.99999237060547,84-//UIAApplication[1]/UIAWindow[1]/UIAScrollView[1]/UIAScrollView[1]/UIAButton[2]
2016-06-03 05:51:49 sys_log : [ERROR]   节点任务 -> [info = UIAButton,SZDBK00000000_02_ZHCX,SZDBK00000000_02_ZHCX,,/0/0/6/0/15], NoSuchElementException, 弹出下一个节点任务, 207671ea47676d5677555f7f09affeb9-202.3000030517578,435-83.99998474121094,84-//UIAApplication[1]/UIAWindow[1]/UIAScrollView[1]/UIAScrollView[1]/UIAButton[3]
2016-06-03 06:43:30 sys_log : [ERROR]   节点任务 -> [info = UIAImage,home_bg_night,,,/0/0/4], NoSuchElementException, 弹出下一个节点任务, 187ea068ebc93a06192abbb8b02caca5-0,0-320,519-//UIAApplication[1]/UIAWindow[1]/UIAImage[2]
2016-06-03 06:44:44 sys_log : [ERROR]   节点任务 -> [info = UIAButton,PA01100000001_02_WDCX,PA01100000001_02_WDCX,,/0/0/5/0/2], NoSuchElementException, 弹出下一个节点任务, 187ea068ebc93a06192abbb8b02caca5-31.5,435-84,84-//UIAApplication[1]/UIAWindow[1]/UIAScrollView[1]/UIAScrollView[1]/UIAButton[1]
2016-06-03 06:45:58 sys_log : [ERROR]   节点任务 -> [info = UIAButton,PA02100000001_02_JF,PA02100000001_02_JF,,/0/0/5/0/8], NoSuchElementException, 弹出下一个节点任务, 187ea068ebc93a06192abbb8b02caca5-116.9000015258789,435-83.99999237060547,84-//UIAApplication[1]/UIAWindow[1]/UIAScrollView[1]/UIAScrollView[1]/UIAButton[2]
2016-06-03 06:47:12 sys_log : [ERROR]   节点任务 -> [info = UIAButton,SZDBK00000000_02_ZHCX,SZDBK00000000_02_ZHCX,,/0/0/5/0/15], NoSuchElementException, 弹出下一个节点任务, 187ea068ebc93a06192abbb8b02caca5-202.3000030517578,435-83.99998474121094,84-//UIAApplication[1]/UIAWindow[1]/UIAScrollView[1]/UIAScrollView[1]/UIAButton[3]
2016-06-03 06:48:26 sys_log : [ERROR]   节点任务 -> [info = UIAButton,SZDBK00000000_02_XYKWS,SZDBK00000000_02_XYKWS,,/0/0/5/0/20], NoSuchElementException, 弹出下一个节点任务, 187ea068ebc93a06192abbb8b02caca5-287.70001220703125,435-84,84-//UIAApplication[1]/UIAWindow[1]/UIAScrollView[1]/UIAScrollView[1]/UIAButton[4]
2016-06-03 06:49:41 sys_log : [ERROR]   节点任务 -> [info = UIAButton,,,,/0/0/5/3], NoSuchElementException, 弹出下一个节点任务, 187ea068ebc93a06192abbb8b02caca5-19.974987030029297,464.92498779296875-24.14999771118164,24.149993896484375-//UIAApplication[1]/UIAWindow[1]/UIAScrollView[1]/UIAButton[1]
2016-06-03 06:50:55 sys_log : [ERROR]   节点任务 -> [info = UIAButton,,,,/0/0/6/17], NoSuchElementException, 弹出下一个节点任务, 187ea068ebc93a06192abbb8b02caca5-122.5,124-75,53.5-//UIAApplication[1]/UIAWindow[1]/UIATableView[1]/UIAButton[4]
2016-06-03 06:53:34 sys_log : [ERROR]   节点任务 -> [info = UIACollectionCell,信用卡,,0,/0/0/6/21/0/0], NoSuchElementException, 弹出下一个节点任务, 187ea068ebc93a06192abbb8b02caca5-0.75,254.00100708007812-158.75,84.5-//UIAApplication[1]/UIAWindow[1]/UIATableView[1]/UIATableCell[1]/UIACollectionView[1]/UIACollectionCell[1]
2016-06-03 06:54:50 sys_log : [ERROR]   节点任务 -> [info = UIACollectionCell,车·车险,,0,/0/0/6/21/0/1], NoSuchElementException, 弹出下一个节点任务, 187ea068ebc93a06192abbb8b02caca5-160,254.00100708007812-158.75,84.5-//UIAApplication[1]/UIAWindow[1]/UIATableView[1]/UIATableCell[1]/UIACollectionView[1]/UIACollectionCell[2]
2016-06-03 06:56:04 sys_log : [ERROR]   节点任务 -> [info = UIACollectionCell,理财·基金,,0,/0/0/6/21/0/2], NoSuchElementException, 弹出下一个节点任务, 187ea068ebc93a06192abbb8b02caca5-0.75,339.0010070800781-79.125,84.5-//UIAApplication[1]/UIAWindow[1]/UIATableView[1]/UIATableCell[1]/UIACollectionView[1]/UIACollectionCell[3]
2016-06-03 06:57:20 sys_log : [ERROR]   节点任务 -> [info = UIACollectionCell,选股宝,,0,/0/0/6/21/0/3], NoSuchElementException, 弹出下一个节点任务, 187ea068ebc93a06192abbb8b02caca5-80.375,339.0010070800781-79.125,84.5-//UIAApplication[1]/UIAWindow[1]/UIATableView[1]/UIATableCell[1]/UIACollectionView[1]/UIACollectionCell[4]
2016-06-03 07:01:10 sys_log : [ERROR]   节点任务 -> [info = UIACollectionCell,保险,,0,/0/0/6/21/0/4], 发生未知异常, 弹出下一个节点任务, 187ea068ebc93a06192abbb8b02caca5-160,339.0010070800781-79.125,84.5-//UIAApplication[1]/UIAWindow[1]/UIATableView[1]/UIATableCell[1]/UIACollectionView[1]/UIACollectionCell[5]
2016-06-03 07:01:10 sys_log : [ERROR]   org.openqa.selenium.WebDriverException: Instruments died while responding to command, please check appium logs (WARNING: The server did not provide any stacktrace information)
Command duration or timeout: 216.04 seconds
Build info: version: '2.53.0', revision: '35ae25b', time: '2016-03-15 17:00:58'
System info: host: 'macdeMBP', ip: '192.168.1.7', os.name: 'Mac OS X', os.arch: 'x86_64', os.version: '10.10.5', java.version: '1.8.0_74'
Driver info: io.appium.java_client.ios.IOSDriver
Capabilities [{app=/Users/mac/Desktop/apk/PANewToapAPP.app, networkConnectionEnabled=false, noReset=false, warnings={}, appiumVersion=1.0, bundleId=com.pingan.yizhangtong, language=zh-Hans, databaseEnabled=false, deviceName=iPhone 5, platform=MAC, desired={app=/Users/mac/Desktop/apk/PANewToapAPP.app, noReset=false, autoLaunch=true, appiumVersion=1.0, platformVersion=8.2, bundleId=com.pingan.yizhangtong, language=zh-Hans, udid=d32975a39224bc409796bcdc75956cd6530edbdb, platformName=iOS, deviceName=iPhone 5, autoAcceptAlerts=true}, autoLaunch=true, platformVersion=8.2, webStorageEnabled=false, locationContextEnabled=false, browserName=iOS, takesScreenshot=true, javascriptEnabled=true, udid=d32975a39224bc409796bcdc75956cd6530edbdb, platformName=iOS, autoAcceptAlerts=true}]
Session ID: ad23791f-3b62-47fb-b92c-aabef16cb750
*** Element info: {Using=xpath, value=//UIAApplication[1]/UIAWindow[1]/UIATableView[1]/UIATableCell[1]/UIACollectionView[1]/UIACollectionCell[5]}
2016-06-03 07:01:10 sys_log : [ERROR]   会话丢失,退出 >> 节点任务 -> [info = UIACollectionCell,健康,,0,/0/0/6/21/0/5], NoSuchSessionException, 弹出下一个节点任务, 187ea068ebc93a06192abbb8b02caca5-239.625,339.0010070800781-79.125,84.5-//UIAApplication[1]/UIAWindow[1]/UIATableView[1]/UIATableCell[1]/UIACollectionView[1]/UIACollectionCell[6]
