2016-06-03 00:00:08 sys_log : [ERROR]   节点任务 -> [info = UIAButton,PA02100000001_02_JF,PA02100000001_02_JF,,/0/0/6/0/8], NoSuchElementException, 弹出下一个节点任务, 207671ea47676d5677555f7f09affeb9-116.9000015258789,435-83.99999237060547,84-//UIAApplication[1]/UIAWindow[1]/UIAScrollView[1]/UIAScrollView[1]/UIAButton[2]
2016-06-03 00:00:08 sys_log : [INFO] 报告主人,有1个节点任务出栈并加入黑名单 -> 现在还有14个任务待运行, [UIAButton,SZDBK00000000_02_ZHCX,SZDBK00000000_02_ZHCX,,/0/0/6/0/15], 207671ea47676d5677555f7f09affeb9-202.3000030517578,435-83.99998474121094,84-//UIAApplication[1]/UIAWindow[1]/UIAScrollView[1]/UIAScrollView[1]/UIAButton[3]
2016-06-03 00:00:10 sys_log : [INFO] 当前节点任务所属窗口是否就是当前窗口 -> false
2016-06-03 00:00:10 sys_log : [INFO] 207671ea47676d5677555f7f09affeb9 >> feb18b869b4fa4412c0ad2fabceaa3a7, 窗口迁移至新窗口......
2016-06-03 00:00:10 sys_log : [INFO] 相同窗口执行次数 -> 1
2016-06-03 00:00:12 sys_log : [INFO] 6个新任务准备入栈......
2016-06-03 00:00:12 sys_log : [INFO] 1个新任务允许入栈......
2016-06-03 00:00:12 sys_log : [INFO] 任务栈已更新, 1个新任务允许入栈, 现在还有16个任务待运行......
2016-06-03 00:00:12 sys_log : [INFO] 任务栈已更新,现在还有15个任务待运行......
2016-06-03 00:00:12 sys_log : [INFO] [UIACollectionCell,1haodian2,,1,/0/0/1/1/0], 64125d8f67db3c6b7894134af4227096 >> 开始执行节点任务......
2016-06-03 00:00:14 sys_log : [INFO] click -> [info = UIACollectionCell,1haodian2,,1,/0/0/1/1/0], [depth = 3]64125d8f67db3c6b7894134af4227096-15,127.5-290,139-//UIAApplication[1]/UIAWindow[1]/UIAImage[1]/UIACollectionView[1]/UIACollectionCell[1]
2016-06-03 00:00:18 sys_log : [INFO] 64125d8f67db3c6b7894134af4227096 == 64125d8f67db3c6b7894134af4227096, 窗口未发生迁移,并且本窗口节点任务已遍历完毕,点击返回......
2016-06-03 00:01:32 sys_log : [INFO] 报告主人,有1个节点任务出栈并加入黑名单 -> 现在还有14个任务待运行, [UIAButton,SZDBK00000000_02_ZHCX,SZDBK00000000_02_ZHCX,,/0/0/6/0/15], 207671ea47676d5677555f7f09affeb9-202.3000030517578,435-83.99998474121094,84-//UIAApplication[1]/UIAWindow[1]/UIAScrollView[1]/UIAScrollView[1]/UIAButton[3]
2016-06-03 00:01:34 sys_log : [INFO] 当前节点任务所属窗口是否就是当前窗口 -> false
2016-06-03 00:01:34 sys_log : [INFO] 207671ea47676d5677555f7f09affeb9 >> 6e8d1e06320e6047f6717cac26bc2402, 窗口迁移至新窗口......
2016-06-03 00:01:34 sys_log : [INFO] 相同窗口执行次数 -> 0
2016-06-03 00:01:36 sys_log : [INFO] 16个新任务准备入栈......
2016-06-03 00:01:36 sys_log : [INFO] 1个新任务允许入栈......
2016-06-03 00:01:36 sys_log : [INFO] 任务栈已更新, 1个新任务允许入栈, 现在还有16个任务待运行......
2016-06-03 00:01:36 sys_log : [INFO] 任务栈已更新,现在还有15个任务待运行......
2016-06-03 00:01:36 sys_log : [INFO] [UIAImage,1haodian2,,,/0/0/2/1], 6e8d1e06320e6047f6717cac26bc2402 >> 开始执行节点任务......
2016-06-03 00:01:38 sys_log : [INFO] click -> [info = UIAImage,1haodian2,,,/0/0/2/1], [depth = 3]6e8d1e06320e6047f6717cac26bc2402-49.75,164-220.5,139-//UIAApplication[1]/UIAWindow[1]/UIAImage[1]/UIAImage[1]
2016-06-03 00:01:42 sys_log : [INFO] 6e8d1e06320e6047f6717cac26bc2402 == 6e8d1e06320e6047f6717cac26bc2402, 窗口未发生迁移,并且本窗口节点任务已遍历完毕,点击返回......
2016-06-03 00:02:57 sys_log : [INFO] 报告主人,有1个节点任务出栈并加入黑名单 -> 现在还有14个任务待运行, [UIAButton,SZDBK00000000_02_ZHCX,SZDBK00000000_02_ZHCX,,/0/0/6/0/15], 207671ea47676d5677555f7f09affeb9-202.3000030517578,435-83.99998474121094,84-//UIAApplication[1]/UIAWindow[1]/UIAScrollView[1]/UIAScrollView[1]/UIAButton[3]
2016-06-03 00:03:00 sys_log : [INFO] 当前节点任务所属窗口是否就是当前窗口 -> false
2016-06-03 00:03:00 sys_log : [INFO] 207671ea47676d5677555f7f09affeb9 >> 61f7caa2e2d39f5dc404a4062946a8c0, 窗口迁移至新窗口......
2016-06-03 00:03:00 sys_log : [INFO] 相同窗口执行次数 -> 0
2016-06-03 00:03:02 sys_log : [INFO] 10个新任务准备入栈......
2016-06-03 00:03:02 sys_log : [INFO] 1个新任务允许入栈......
2016-06-03 00:03:02 sys_log : [INFO] 任务栈已更新, 1个新任务允许入栈, 现在还有16个任务待运行......
2016-06-03 00:03:02 sys_log : [INFO] 任务栈已更新,现在还有15个任务待运行......
2016-06-03 00:03:02 sys_log : [INFO] [UIACollectionCell,车主信用卡,,1,/0/0/1/4/0/5], 61f7caa2e2d39f5dc404a4062946a8c0 >> 开始执行节点任务......
2016-06-03 00:03:05 sys_log : [INFO] click -> [info = UIACollectionCell,车主信用卡,,1,/0/0/1/4/0/5], [depth = 3]61f7caa2e2d39f5dc404a4062946a8c0-160,504.0999755859375-159.25,63.5-//UIAApplication[1]/UIAWindow[1]/UIATableView[1]/UIATableCell[2]/UIACollectionView[1]/UIACollectionCell[6]
2016-06-03 00:03:09 sys_log : [INFO] 报告主人,有1个节点任务出栈并加入黑名单 -> 现在还有14个任务待运行, [UIAButton,SZDBK00000000_02_ZHCX,SZDBK00000000_02_ZHCX,,/0/0/6/0/15], 207671ea47676d5677555f7f09affeb9-202.3000030517578,435-83.99998474121094,84-//UIAApplication[1]/UIAWindow[1]/UIAScrollView[1]/UIAScrollView[1]/UIAButton[3]
2016-06-03 00:03:11 sys_log : [INFO] 当前节点任务所属窗口是否就是当前窗口 -> false
2016-06-03 00:03:11 sys_log : [INFO] 207671ea47676d5677555f7f09affeb9 >> 6e8d1e06320e6047f6717cac26bc2402, 窗口迁移至新窗口......
2016-06-03 00:03:11 sys_log : [INFO] 相同窗口执行次数 -> 0
2016-06-03 00:03:13 sys_log : [INFO] 16个新任务准备入栈......
2016-06-03 00:03:13 sys_log : [INFO] 207671ea47676d5677555f7f09affeb9 >> 6e8d1e06320e6047f6717cac26bc2402, 窗口虽然发生迁移,但没有新任务加入, 并且本窗口节点任务已遍历完毕,点击返回......
2016-06-03 00:04:29 sys_log : [INFO] [UIAButton,SZDBK00000000_02_ZHCX,SZDBK00000000_02_ZHCX,,/0/0/6/0/15], 207671ea47676d5677555f7f09affeb9 >> 开始执行节点任务......
2016-06-03 00:05:30 sys_log : [ERROR]   节点任务 -> [info = UIAButton,SZDBK00000000_02_ZHCX,SZDBK00000000_02_ZHCX,,/0/0/6/0/15], NoSuchElementException, 弹出下一个节点任务, 207671ea47676d5677555f7f09affeb9-202.3000030517578,435-83.99998474121094,84-//UIAApplication[1]/UIAWindow[1]/UIAScrollView[1]/UIAScrollView[1]/UIAButton[3]
2016-06-03 00:05:30 sys_log : [INFO] 报告主人,有1个节点任务出栈并加入黑名单 -> 现在还有13个任务待运行, [UIAButton,SZDBK00000000_02_XYKWS,SZDBK00000000_02_XYKWS,,/0/0/6/0/20], 207671ea47676d5677555f7f09affeb9-287.70001220703125,435-84,84-//UIAApplication[1]/UIAWindow[1]/UIAScrollView[1]/UIAScrollView[1]/UIAButton[4]
2016-06-03 00:05:33 sys_log : [INFO] 当前节点任务所属窗口是否就是当前窗口 -> false
2016-06-03 00:05:33 sys_log : [INFO] 207671ea47676d5677555f7f09affeb9 >> 6e8d1e06320e6047f6717cac26bc2402, 窗口迁移至新窗口......
2016-06-03 00:05:33 sys_log : [INFO] 相同窗口执行次数 -> 1
2016-06-03 00:05:35 sys_log : [INFO] 10个新任务准备入栈......
2016-06-03 00:05:35 sys_log : [INFO] 207671ea47676d5677555f7f09affeb9 >> 61f7caa2e2d39f5dc404a4062946a8c0, 窗口虽然发生迁移,但没有新任务加入, 并且本窗口节点任务已遍历完毕,点击返回......
2016-06-03 00:06:57 sys_log : [INFO] [UIAButton,SZDBK00000000_02_XYKWS,SZDBK00000000_02_XYKWS,,/0/0/6/0/20], 207671ea47676d5677555f7f09affeb9 >> 开始执行节点任务......
2016-06-03 00:07:03 sys_log : [INFO] click -> [info = UIAButton,SZDBK00000000_02_XYKWS,SZDBK00000000_02_XYKWS,,/0/0/6/0/20], [depth = 2]207671ea47676d5677555f7f09affeb9-287.70001220703125,435-84,84-//UIAApplication[1]/UIAWindow[1]/UIAScrollView[1]/UIAScrollView[1]/UIAButton[4]
2016-06-03 00:07:07 sys_log : [INFO] 报告主人,有1个节点任务出栈并加入黑名单 -> 现在还有12个任务待运行, [UIAButton,,,,/0/0/6/3], 207671ea47676d5677555f7f09affeb9-19.974987030029297,464.92498779296875-24.14999771118164,24.149993896484375-//UIAApplication[1]/UIAWindow[1]/UIAScrollView[1]/UIAButton[1]
2016-06-03 00:07:16 sys_log : [INFO] 当前节点任务所属窗口是否就是当前窗口 -> false
2016-06-03 00:07:16 sys_log : [INFO] 207671ea47676d5677555f7f09affeb9 >> 57912a6f23e58c2ca66dbebca076a4cc, 窗口迁移至新窗口......
2016-06-03 00:07:16 sys_log : [INFO] 相同窗口执行次数 -> 0
2016-06-03 00:07:18 sys_log : [INFO] 0个新任务准备入栈......
2016-06-03 00:07:18 sys_log : [INFO] 207671ea47676d5677555f7f09affeb9 >> 57912a6f23e58c2ca66dbebca076a4cc, 窗口虽然发生迁移,但没有新任务加入, 并且本窗口节点任务已遍历完毕,点击返回......
2016-06-03 00:07:36 sys_log : [INFO] [UIAButton,,,,/0/0/6/3], 207671ea47676d5677555f7f09affeb9 >> 开始执行节点任务......
2016-06-03 00:07:42 sys_log : [INFO] click -> [info = UIAButton,,,,/0/0/6/3], [depth = 2]207671ea47676d5677555f7f09affeb9-19.974987030029297,464.92498779296875-24.14999771118164,24.149993896484375-//UIAApplication[1]/UIAWindow[1]/UIAScrollView[1]/UIAButton[1]
2016-06-03 00:07:50 sys_log : [INFO] 207671ea47676d5677555f7f09affeb9 == 207671ea47676d5677555f7f09affeb9, 窗口未发生迁移,并且本窗口节点任务已遍历完毕,点击返回......
2016-06-03 00:08:25 sys_log : [INFO] 报告主人,有1个节点任务出栈并加入黑名单 -> 现在还有11个任务待运行, [UIAImage,home_bg_night,,,/0/0/4], 187ea068ebc93a06192abbb8b02caca5-0,0-320,519-//UIAApplication[1]/UIAWindow[1]/UIAImage[2]
2016-06-03 00:08:30 sys_log : [INFO] 当前节点任务所属窗口是否就是当前窗口 -> false
2016-06-03 00:08:30 sys_log : [INFO] 187ea068ebc93a06192abbb8b02caca5 >> 207671ea47676d5677555f7f09affeb9, 窗口迁移至新窗口......
2016-06-03 00:08:30 sys_log : [INFO] 相同窗口执行次数 -> 0
2016-06-03 00:08:35 sys_log : [INFO] 24个新任务准备入栈......
2016-06-03 00:08:35 sys_log : [INFO] 1个新任务允许入栈......
2016-06-03 00:08:35 sys_log : [INFO] 任务栈已更新, 1个新任务允许入栈, 现在还有13个任务待运行......
2016-06-03 00:08:35 sys_log : [INFO] 任务栈已更新,现在还有12个任务待运行......
2016-06-03 00:08:35 sys_log : [INFO] [UIACollectionCell,车·车险,,1,/0/0/4/21/0/1], 207671ea47676d5677555f7f09affeb9 >> 开始执行节点任务......
2016-06-03 00:08:42 sys_log : [INFO] click -> [info = UIACollectionCell,车·车险,,1,/0/0/4/21/0/1], [depth = 2]207671ea47676d5677555f7f09affeb9-160,190.00100708007812-158.75,84.5-//UIAApplication[1]/UIAWindow[1]/UIATableView[1]/UIATableCell[1]/UIACollectionView[1]/UIACollectionCell[2]
2016-06-03 00:08:46 sys_log : [INFO] 报告主人,有1个节点任务出栈并加入黑名单 -> 现在还有11个任务待运行, [UIAImage,home_bg_night,,,/0/0/4], 187ea068ebc93a06192abbb8b02caca5-0,0-320,519-//UIAApplication[1]/UIAWindow[1]/UIAImage[2]
2016-06-03 00:08:49 sys_log : [INFO] 当前节点任务所属窗口是否就是当前窗口 -> false
2016-06-03 00:08:49 sys_log : [INFO] 187ea068ebc93a06192abbb8b02caca5 >> 61f7caa2e2d39f5dc404a4062946a8c0, 窗口迁移至新窗口......
2016-06-03 00:08:49 sys_log : [INFO] 相同窗口执行次数 -> 0
2016-06-03 00:08:51 sys_log : [INFO] 11个新任务准备入栈......
2016-06-03 00:08:51 sys_log : [INFO] 3个新任务允许入栈......
2016-06-03 00:08:51 sys_log : [INFO] 任务栈已更新, 3个新任务允许入栈, 现在还有15个任务待运行......
2016-06-03 00:08:51 sys_log : [INFO] 任务栈已更新,现在还有14个任务待运行......
2016-06-03 00:08:51 sys_log : [INFO] [UIATableCell,BaseDemonstrateCardAddIcon,,,/0/0/1/1], 61f7caa2e2d39f5dc404a4062946a8c0 >> 开始执行节点任务......
2016-06-03 00:08:55 sys_log : [INFO] click -> [info = UIATableCell,BaseDemonstrateCardAddIcon,,,/0/0/1/1], [depth = 2]61f7caa2e2d39f5dc404a4062946a8c0-0,279-320,183-//UIAApplication[1]/UIAWindow[1]/UIATableView[1]/UIATableCell[1]
2016-06-03 00:08:59 sys_log : [INFO] 报告主人,有1个节点任务出栈并加入黑名单 -> 现在还有13个任务待运行, [UIAButton,,,,/0/0/1/1/1], 61f7caa2e2d39f5dc404a4062946a8c0-14,344-292,40-//UIAApplication[1]/UIAWindow[1]/UIATableView[1]/UIATableCell[1]/UIAButton[2]
2016-06-03 00:09:01 sys_log : [INFO] 当前节点任务所属窗口是否就是当前窗口 -> true
2016-06-03 00:09:01 sys_log : [INFO] [UIAButton,,,,/0/0/1/1/1], 61f7caa2e2d39f5dc404a4062946a8c0 >> 开始执行节点任务......
2016-06-03 00:09:05 sys_log : [INFO] click -> [info = UIAButton,,,,/0/0/1/1/1], [depth = 2]61f7caa2e2d39f5dc404a4062946a8c0-14,344-292,40-//UIAApplication[1]/UIAWindow[1]/UIATableView[1]/UIATableCell[1]/UIAButton[2]
2016-06-03 00:09:09 sys_log : [INFO] 报告主人,有1个节点任务出栈并加入黑名单 -> 现在还有12个任务待运行, [UIAButton,,,,/0/0/1/1/2], 61f7caa2e2d39f5dc404a4062946a8c0-14,389-292,30-//UIAApplication[1]/UIAWindow[1]/UIATableView[1]/UIATableCell[1]/UIAButton[3]
2016-06-03 00:09:12 sys_log : [INFO] 当前节点任务所属窗口是否就是当前窗口 -> true
2016-06-03 00:09:12 sys_log : [INFO] [UIAButton,,,,/0/0/1/1/2], 61f7caa2e2d39f5dc404a4062946a8c0 >> 开始执行节点任务......
2016-06-03 00:09:15 sys_log : [INFO] click -> [info = UIAButton,,,,/0/0/1/1/2], [depth = 2]61f7caa2e2d39f5dc404a4062946a8c0-14,389-292,30-//UIAApplication[1]/UIAWindow[1]/UIATableView[1]/UIATableCell[1]/UIAButton[3]
2016-06-03 00:09:20 sys_log : [INFO] 61f7caa2e2d39f5dc404a4062946a8c0 == 61f7caa2e2d39f5dc404a4062946a8c0, 窗口未发生迁移,并且本窗口节点任务已遍历完毕,点击返回......
2016-06-03 00:10:42 sys_log : [INFO] 报告主人,有1个节点任务出栈并加入黑名单 -> 现在还有11个任务待运行, [UIAImage,home_bg_night,,,/0/0/4], 187ea068ebc93a06192abbb8b02caca5-0,0-320,519-//UIAApplication[1]/UIAWindow[1]/UIAImage[2]
2016-06-03 00:10:47 sys_log : [INFO] 当前节点任务所属窗口是否就是当前窗口 -> false
2016-06-03 00:10:47 sys_log : [INFO] 187ea068ebc93a06192abbb8b02caca5 >> 207671ea47676d5677555f7f09affeb9, 窗口迁移至新窗口......
2016-06-03 00:10:47 sys_log : [INFO] 相同窗口执行次数 -> 0
2016-06-03 00:10:53 sys_log : [INFO] 24个新任务准备入栈......
2016-06-03 00:10:53 sys_log : [INFO] 5个新任务允许入栈......
2016-06-03 00:10:53 sys_log : [INFO] 任务栈已更新, 5个新任务允许入栈, 现在还有17个任务待运行......
2016-06-03 00:10:53 sys_log : [INFO] 任务栈已更新,现在还有16个任务待运行......
2016-06-03 00:10:53 sys_log : [INFO] [UIAImage,,,,/0/0/7/1], 207671ea47676d5677555f7f09affeb9 >> 开始执行节点任务......
2016-06-03 00:10:59 sys_log : [INFO] click -> [info = UIAImage,,,,/0/0/7/1], [depth = 2]207671ea47676d5677555f7f09affeb9-0,519-320,49-//UIAApplication[1]/UIAWindow[1]/UIATabBar[1]/UIAImage[2]
2016-06-03 00:11:07 sys_log : [INFO] 报告主人,有1个节点任务出栈并加入黑名单 -> 现在还有15个任务待运行, [UIAButton,首页,首页,1,/0/0/7/2], 207671ea47676d5677555f7f09affeb9-2,520-76,48-//UIAApplication[1]/UIAWindow[1]/UIATabBar[1]/UIAButton[1]
2016-06-03 00:11:12 sys_log : [INFO] 当前节点任务所属窗口是否就是当前窗口 -> true
2016-06-03 00:11:12 sys_log : [INFO] [UIAButton,首页,首页,1,/0/0/7/2], 207671ea47676d5677555f7f09affeb9 >> 开始执行节点任务......
2016-06-03 00:11:18 sys_log : [INFO] click -> [info = UIAButton,首页,首页,1,/0/0/7/2], [depth = 2]207671ea47676d5677555f7f09affeb9-2,520-76,48-//UIAApplication[1]/UIAWindow[1]/UIATabBar[1]/UIAButton[1]
2016-06-03 00:11:26 sys_log : [INFO] 报告主人,有1个节点任务出栈并加入黑名单 -> 现在还有14个任务待运行, [UIAButton,金融旗舰店,金融旗舰店,,/0/0/7/3], 207671ea47676d5677555f7f09affeb9-82,520-76,48-//UIAApplication[1]/UIAWindow[1]/UIATabBar[1]/UIAButton[2]
2016-06-03 00:11:32 sys_log : [INFO] 当前节点任务所属窗口是否就是当前窗口 -> true
2016-06-03 00:11:32 sys_log : [INFO] [UIAButton,金融旗舰店,金融旗舰店,,/0/0/7/3], 207671ea47676d5677555f7f09affeb9 >> 开始执行节点任务......
2016-06-03 00:11:38 sys_log : [INFO] click -> [info = UIAButton,金融旗舰店,金融旗舰店,,/0/0/7/3], [depth = 2]207671ea47676d5677555f7f09affeb9-82,520-76,48-//UIAApplication[1]/UIAWindow[1]/UIATabBar[1]/UIAButton[2]
2016-06-03 00:11:43 sys_log : [INFO] 报告主人,有1个节点任务出栈并加入黑名单 -> 现在还有13个任务待运行, [UIAButton,财经快讯,财经快讯,,/0/0/7/4], 207671ea47676d5677555f7f09affeb9-162,520-76,48-//UIAApplication[1]/UIAWindow[1]/UIATabBar[1]/UIAButton[3]
2016-06-03 00:11:45 sys_log : [INFO] 当前节点任务所属窗口是否就是当前窗口 -> false
2016-06-03 00:11:45 sys_log : [INFO] 207671ea47676d5677555f7f09affeb9 >> 2a0b6e49d9f77f084b537bdd8062ef84, 窗口迁移至新窗口......
2016-06-03 00:11:45 sys_log : [INFO] 相同窗口执行次数 -> 0
2016-06-03 00:11:47 sys_log : [INFO] 7个新任务准备入栈......
2016-06-03 00:11:47 sys_log : [INFO] 7个新任务允许入栈......
2016-06-03 00:11:47 sys_log : [INFO] 任务栈已更新, 7个新任务允许入栈, 现在还有21个任务待运行......
2016-06-03 00:11:47 sys_log : [INFO] 任务栈已更新,现在还有20个任务待运行......
2016-06-03 00:11:47 sys_log : [INFO] [UIATableCell,一账通宝,,,/0/0/1/0/3], 2a0b6e49d9f77f084b537bdd8062ef84 >> 开始执行节点任务......
2016-06-03 00:11:50 sys_log : [INFO] click -> [info = UIATableCell,一账通宝,,,/0/0/1/0/3], [depth = 3]2a0b6e49d9f77f084b537bdd8062ef84-0,335.1000061035156-320,137-//UIAApplication[1]/UIAWindow[1]/UIAScrollView[1]/UIATableView[1]/UIATableCell[1]
2016-06-03 00:11:55 sys_log : [INFO] 报告主人,有1个节点任务出栈并加入黑名单 -> 现在还有19个任务待运行, [UIATableCell,倒计时测试,,,/0/0/1/0/6], 2a0b6e49d9f77f084b537bdd8062ef84-0,515.0999755859375-320,137-//UIAApplication[1]/UIAWindow[1]/UIAScrollView[1]/UIATableView[1]/UIATableCell[2]
2016-06-03 00:11:57 sys_log : [INFO] 当前节点任务所属窗口是否就是当前窗口 -> true
2016-06-03 00:11:57 sys_log : [INFO] [UIATableCell,倒计时测试,,,/0/0/1/0/6], 2a0b6e49d9f77f084b537bdd8062ef84 >> 开始执行节点任务......
2016-06-03 00:12:00 sys_log : [INFO] click -> [info = UIATableCell,倒计时测试,,,/0/0/1/0/6], [depth = 3]2a0b6e49d9f77f084b537bdd8062ef84-0,515.0999755859375-320,137-//UIAApplication[1]/UIAWindow[1]/UIAScrollView[1]/UIATableView[1]/UIATableCell[2]
2016-06-03 00:12:07 sys_log : [INFO] 报告主人,有1个节点任务出栈并加入黑名单 -> 现在还有18个任务待运行, [UIAImage,,,,/0/0/3/1], 2a0b6e49d9f77f084b537bdd8062ef84-0,519-320,49-//UIAApplication[1]/UIAWindow[1]/UIATabBar[1]/UIAImage[2]
2016-06-03 00:12:13 sys_log : [INFO] 当前节点任务所属窗口是否就是当前窗口 -> false
2016-06-03 00:12:13 sys_log : [INFO] 2a0b6e49d9f77f084b537bdd8062ef84 >> 207671ea47676d5677555f7f09affeb9, 窗口迁移至老窗口,获取到窗口任务列表 -> 2
2016-06-03 00:12:13 sys_log : [INFO] 任务栈已更新,现在还有18个任务待运行......
2016-06-03 00:12:13 sys_log : [INFO] [UIAImage,,,,/0/0/3/1], 2a0b6e49d9f77f084b537bdd8062ef84 >> 开始执行节点任务......
2016-06-03 00:12:19 sys_log : [INFO] click -> [info = UIAImage,,,,/0/0/3/1], [depth = 3]2a0b6e49d9f77f084b537bdd8062ef84-0,519-320,49-//UIAApplication[1]/UIAWindow[1]/UIATabBar[1]/UIAImage[2]
2016-06-03 00:12:27 sys_log : [INFO] 报告主人,有1个节点任务出栈并加入黑名单 -> 现在还有17个任务待运行, [UIAButton,财经快讯,财经快讯,,/0/0/7/4], 207671ea47676d5677555f7f09affeb9-162,520-76,48-//UIAApplication[1]/UIAWindow[1]/UIATabBar[1]/UIAButton[3]
2016-06-03 00:12:32 sys_log : [INFO] 当前节点任务所属窗口是否就是当前窗口 -> true
2016-06-03 00:12:32 sys_log : [INFO] [UIAButton,财经快讯,财经快讯,,/0/0/7/4], 207671ea47676d5677555f7f09affeb9 >> 开始执行节点任务......
2016-06-03 00:12:38 sys_log : [INFO] click -> [info = UIAButton,财经快讯,财经快讯,,/0/0/7/4], [depth = 2]207671ea47676d5677555f7f09affeb9-162,520-76,48-//UIAApplication[1]/UIAWindow[1]/UIATabBar[1]/UIAButton[3]
2016-06-03 00:12:46 sys_log : [INFO] 报告主人,有1个节点任务出栈并加入黑名单 -> 现在还有16个任务待运行, [UIAButton,我,我,,/0/0/7/5], 207671ea47676d5677555f7f09affeb9-242,520-76,48-//UIAApplication[1]/UIAWindow[1]/UIATabBar[1]/UIAButton[4]
2016-06-03 00:12:50 sys_log : [INFO] 当前节点任务所属窗口是否就是当前窗口 -> false
2016-06-03 00:12:50 sys_log : [INFO] 207671ea47676d5677555f7f09affeb9 >> a2a685defe19443b7d6a0a237621a965, 窗口迁移至新窗口......
2016-06-03 00:12:50 sys_log : [INFO] 相同窗口执行次数 -> 0
2016-06-03 00:12:55 sys_log : [INFO] 7个新任务准备入栈......
2016-06-03 00:12:55 sys_log : [INFO] 7个新任务允许入栈......
2016-06-03 00:12:55 sys_log : [INFO] 任务栈已更新, 7个新任务允许入栈, 现在还有24个任务待运行......
2016-06-03 00:12:55 sys_log : [INFO] 任务栈已更新,现在还有23个任务待运行......
2016-06-03 00:12:55 sys_log : [INFO] [UIAButton,专题,专题,,/0/0/3], a2a685defe19443b7d6a0a237621a965 >> 开始执行节点任务......
2016-06-03 00:13:01 sys_log : [INFO] click -> [info = UIAButton,专题,专题,,/0/0/3], [depth = 3]a2a685defe19443b7d6a0a237621a965-160,64-80,38-//UIAApplication[1]/UIAWindow[1]/UIAButton[3]
2016-06-03 00:13:14 sys_log : [INFO] 报告主人,有1个节点任务出栈并加入黑名单 -> 现在还有22个任务待运行, [UIAButton,选股,选股,,/0/0/4], a2a685defe19443b7d6a0a237621a965-240,64-80,38-//UIAApplication[1]/UIAWindow[1]/UIAButton[4]
2016-06-03 00:13:28 sys_log : [INFO] 当前节点任务所属窗口是否就是当前窗口 -> false
2016-06-03 00:13:28 sys_log : [INFO] a2a685defe19443b7d6a0a237621a965 >> 45b48f2c537969b568b8835376e137c1, 窗口迁移至新窗口......
2016-06-03 00:13:28 sys_log : [INFO] 相同窗口执行次数 -> 0
2016-06-03 00:13:28 sys_log : [INFO] [UIAButton,选股,选股,,/0/0/4], a2a685defe19443b7d6a0a237621a965 >> 45b48f2c537969b568b8835376e137c1, 窗口虽然发生迁移,但已达到最大遍历深度 -> 3, 点击返回......
2016-06-03 00:14:14 sys_log : [INFO] [UIAButton,选股,选股,,/0/0/4], a2a685defe19443b7d6a0a237621a965 >> 开始执行节点任务......
2016-06-03 00:14:24 sys_log : [INFO] click -> [info = UIAButton,选股,选股,,/0/0/4], [depth = 3]a2a685defe19443b7d6a0a237621a965-240,64-80,38-//UIAApplication[1]/UIAWindow[1]/UIAButton[4]
2016-06-03 00:14:43 sys_log : [INFO] 报告主人,有1个节点任务出栈并加入黑名单 -> 现在还有21个任务待运行, [UIAImage,,,,/0/0/11/1], a2a685defe19443b7d6a0a237621a965-0,519-320,49-//UIAApplication[1]/UIAWindow[1]/UIATabBar[1]/UIAImage[2]
2016-06-03 00:15:04 sys_log : [INFO] 当前节点任务所属窗口是否就是当前窗口 -> false
2016-06-03 00:15:04 sys_log : [INFO] a2a685defe19443b7d6a0a237621a965 >> 46ca3ea09b2cbdbdce1f0bb8571ac912, 窗口迁移至新窗口......
2016-06-03 00:15:04 sys_log : [INFO] 相同窗口执行次数 -> 0
2016-06-03 00:15:04 sys_log : [INFO] [UIAImage,,,,/0/0/11/1], a2a685defe19443b7d6a0a237621a965 >> 46ca3ea09b2cbdbdce1f0bb8571ac912, 窗口虽然发生迁移,但已达到最大遍历深度 -> 3, 点击返回......
2016-06-03 00:16:21 sys_log : [INFO] [UIAImage,,,,/0/0/11/1], a2a685defe19443b7d6a0a237621a965 >> 开始执行节点任务......
2016-06-03 00:16:38 sys_log : [INFO] click -> [info = UIAImage,,,,/0/0/11/1], [depth = 3]a2a685defe19443b7d6a0a237621a965-0,519-320,49-//UIAApplication[1]/UIAWindow[1]/UIATabBar[1]/UIAImage[2]
2016-06-03 00:16:45 sys_log : [INFO] 报告主人,有1个节点任务出栈并加入黑名单 -> 现在还有20个任务待运行, [UIAButton,首页,首页,,/0/0/11/2], a2a685defe19443b7d6a0a237621a965-2,520-76,48-//UIAApplication[1]/UIAWindow[1]/UIATabBar[1]/UIAButton[1]
2016-06-03 00:16:54 sys_log : [INFO] 当前节点任务所属窗口是否就是当前窗口 -> false
2016-06-03 00:16:54 sys_log : [INFO] a2a685defe19443b7d6a0a237621a965 >> 207671ea47676d5677555f7f09affeb9, 窗口迁移至老窗口,获取到窗口任务列表 -> 1
2016-06-03 00:16:54 sys_log : [INFO] 任务栈已更新,现在还有20个任务待运行......
2016-06-03 00:16:54 sys_log : [INFO] [UIAButton,首页,首页,,/0/0/11/2], a2a685defe19443b7d6a0a237621a965 >> 开始执行节点任务......
2016-06-03 00:17:00 sys_log : [INFO] click -> [info = UIAButton,首页,首页,,/0/0/11/2], [depth = 3]a2a685defe19443b7d6a0a237621a965-2,520-76,48-//UIAApplication[1]/UIAWindow[1]/UIATabBar[1]/UIAButton[1]
2016-06-03 00:17:08 sys_log : [INFO] 报告主人,有1个节点任务出栈并加入黑名单 -> 现在还有19个任务待运行, [UIAButton,我,我,,/0/0/7/5], 207671ea47676d5677555f7f09affeb9-242,520-76,48-//UIAApplication[1]/UIAWindow[1]/UIATabBar[1]/UIAButton[4]
2016-06-03 00:17:13 sys_log : [INFO] 当前节点任务所属窗口是否就是当前窗口 -> true
2016-06-03 00:17:13 sys_log : [INFO] [UIAButton,我,我,,/0/0/7/5], 207671ea47676d5677555f7f09affeb9 >> 开始执行节点任务......
2016-06-03 00:17:20 sys_log : [INFO] click -> [info = UIAButton,我,我,,/0/0/7/5], [depth = 2]207671ea47676d5677555f7f09affeb9-242,520-76,48-//UIAApplication[1]/UIAWindow[1]/UIATabBar[1]/UIAButton[4]
2016-06-03 00:17:24 sys_log : [INFO] 报告主人,有1个节点任务出栈并加入黑名单 -> 现在还有18个任务待运行, [UIAButton,金融旗舰店,金融旗舰店,,/0/0/11/3], a2a685defe19443b7d6a0a237621a965-82,520-76,48-//UIAApplication[1]/UIAWindow[1]/UIATabBar[1]/UIAButton[2]
2016-06-03 00:17:26 sys_log : [INFO] 当前节点任务所属窗口是否就是当前窗口 -> false
2016-06-03 00:17:26 sys_log : [INFO] a2a685defe19443b7d6a0a237621a965 >> cddc0507d9286a9cf3eea00c731644aa, 窗口迁移至新窗口......
2016-06-03 00:17:26 sys_log : [INFO] 相同窗口执行次数 -> 0
2016-06-03 00:17:26 sys_log : [INFO] [UIAButton,金融旗舰店,金融旗舰店,,/0/0/11/3], a2a685defe19443b7d6a0a237621a965 >> cddc0507d9286a9cf3eea00c731644aa, 窗口虽然发生迁移,但已达到最大遍历深度 -> 3, 点击返回......
2016-06-03 00:17:35 sys_log : [INFO] [UIAButton,金融旗舰店,金融旗舰店,,/0/0/11/3], a2a685defe19443b7d6a0a237621a965 >> 开始执行节点任务......
2016-06-03 00:17:38 sys_log : [INFO] click -> [info = UIAButton,金融旗舰店,金融旗舰店,,/0/0/11/3], [depth = 3]a2a685defe19443b7d6a0a237621a965-82,520-76,48-//UIAApplication[1]/UIAWindow[1]/UIATabBar[1]/UIAButton[2]
2016-06-03 00:17:42 sys_log : [INFO] 报告主人,有1个节点任务出栈并加入黑名单 -> 现在还有17个任务待运行, [UIAButton,财经快讯,财经快讯,1,/0/0/11/4], a2a685defe19443b7d6a0a237621a965-162,520-76,48-//UIAApplication[1]/UIAWindow[1]/UIATabBar[1]/UIAButton[3]
2016-06-03 00:17:45 sys_log : [INFO] 当前节点任务所属窗口是否就是当前窗口 -> false
2016-06-03 00:17:45 sys_log : [INFO] a2a685defe19443b7d6a0a237621a965 >> 2a0b6e49d9f77f084b537bdd8062ef84, 窗口迁移至老窗口,获取到窗口任务列表 -> 4
2016-06-03 00:17:45 sys_log : [INFO] 任务栈已更新,现在还有17个任务待运行......
2016-06-03 00:17:45 sys_log : [INFO] [UIAButton,财经快讯,财经快讯,1,/0/0/11/4], a2a685defe19443b7d6a0a237621a965 >> 开始执行节点任务......
2016-06-03 00:17:48 sys_log : [INFO] click -> [info = UIAButton,财经快讯,财经快讯,1,/0/0/11/4], [depth = 3]a2a685defe19443b7d6a0a237621a965-162,520-76,48-//UIAApplication[1]/UIAWindow[1]/UIATabBar[1]/UIAButton[3]
2016-06-03 00:18:05 sys_log : [INFO] 报告主人,有1个节点任务出栈并加入黑名单 -> 现在还有16个任务待运行, [UIAButton,首页,首页,,/0/0/3/2], 2a0b6e49d9f77f084b537bdd8062ef84-2,520-76,48-//UIAApplication[1]/UIAWindow[1]/UIATabBar[1]/UIAButton[1]
2016-06-03 00:18:21 sys_log : [INFO] 当前节点任务所属窗口是否就是当前窗口 -> false
2016-06-03 00:18:21 sys_log : [INFO] 2a0b6e49d9f77f084b537bdd8062ef84 >> 46ca3ea09b2cbdbdce1f0bb8571ac912, 窗口迁移至新窗口......
2016-06-03 00:18:21 sys_log : [INFO] 相同窗口执行次数 -> 0
2016-06-03 00:18:21 sys_log : [INFO] [UIAButton,首页,首页,,/0/0/3/2], 2a0b6e49d9f77f084b537bdd8062ef84 >> 46ca3ea09b2cbdbdce1f0bb8571ac912, 窗口虽然发生迁移,但已达到最大遍历深度 -> 3, 点击返回......
2016-06-03 00:19:39 sys_log : [INFO] [UIAButton,首页,首页,,/0/0/3/2], 2a0b6e49d9f77f084b537bdd8062ef84 >> 开始执行节点任务......
2016-06-03 00:19:55 sys_log : [INFO] click -> [info = UIAButton,首页,首页,,/0/0/3/2], [depth = 3]2a0b6e49d9f77f084b537bdd8062ef84-2,520-76,48-//UIAApplication[1]/UIAWindow[1]/UIATabBar[1]/UIAButton[1]
2016-06-03 00:20:03 sys_log : [INFO] 报告主人,有1个节点任务出栈并加入黑名单 -> 现在还有15个任务待运行, [UIAButton,金融旗舰店,金融旗舰店,1,/0/0/3/3], 2a0b6e49d9f77f084b537bdd8062ef84-82,520-76,48-//UIAApplication[1]/UIAWindow[1]/UIATabBar[1]/UIAButton[2]
2016-06-03 00:20:11 sys_log : [INFO] 当前节点任务所属窗口是否就是当前窗口 -> false
2016-06-03 00:20:11 sys_log : [INFO] 2a0b6e49d9f77f084b537bdd8062ef84 >> 207671ea47676d5677555f7f09affeb9, 窗口迁移至新窗口......
2016-06-03 00:20:11 sys_log : [INFO] 相同窗口执行次数 -> 0
2016-06-03 00:20:11 sys_log : [INFO] [UIAButton,金融旗舰店,金融旗舰店,1,/0/0/3/3], 2a0b6e49d9f77f084b537bdd8062ef84 >> 207671ea47676d5677555f7f09affeb9, 窗口虽然发生迁移,但已达到最大遍历深度 -> 3, 点击返回......
2016-06-03 00:20:46 sys_log : [INFO] [UIAButton,金融旗舰店,金融旗舰店,1,/0/0/3/3], 2a0b6e49d9f77f084b537bdd8062ef84 >> 开始执行节点任务......
2016-06-03 00:20:53 sys_log : [INFO] click -> [info = UIAButton,金融旗舰店,金融旗舰店,1,/0/0/3/3], [depth = 3]2a0b6e49d9f77f084b537bdd8062ef84-82,520-76,48-//UIAApplication[1]/UIAWindow[1]/UIATabBar[1]/UIAButton[2]
2016-06-03 00:20:57 sys_log : [INFO] 报告主人,有1个节点任务出栈并加入黑名单 -> 现在还有14个任务待运行, [UIAButton,财经快讯,财经快讯,,/0/0/3/4], 2a0b6e49d9f77f084b537bdd8062ef84-162,520-76,48-//UIAApplication[1]/UIAWindow[1]/UIATabBar[1]/UIAButton[3]
2016-06-03 00:20:59 sys_log : [INFO] 当前节点任务所属窗口是否就是当前窗口 -> true
2016-06-03 00:20:59 sys_log : [INFO] [UIAButton,财经快讯,财经快讯,,/0/0/3/4], 2a0b6e49d9f77f084b537bdd8062ef84 >> 开始执行节点任务......
2016-06-03 00:21:02 sys_log : [INFO] click -> [info = UIAButton,财经快讯,财经快讯,,/0/0/3/4], [depth = 3]2a0b6e49d9f77f084b537bdd8062ef84-162,520-76,48-//UIAApplication[1]/UIAWindow[1]/UIATabBar[1]/UIAButton[3]
2016-06-03 00:21:20 sys_log : [INFO] 报告主人,有1个节点任务出栈并加入黑名单 -> 现在还有13个任务待运行, [UIAButton,我,我,,/0/0/3/5], 2a0b6e49d9f77f084b537bdd8062ef84-242,520-76,48-//UIAApplication[1]/UIAWindow[1]/UIATabBar[1]/UIAButton[4]
2016-06-03 00:21:36 sys_log : [INFO] 当前节点任务所属窗口是否就是当前窗口 -> false
2016-06-03 00:21:36 sys_log : [INFO] 2a0b6e49d9f77f084b537bdd8062ef84 >> 46ca3ea09b2cbdbdce1f0bb8571ac912, 窗口迁移至新窗口......
2016-06-03 00:21:36 sys_log : [INFO] 相同窗口执行次数 -> 0
2016-06-03 00:21:36 sys_log : [INFO] [UIAButton,我,我,,/0/0/3/5], 2a0b6e49d9f77f084b537bdd8062ef84 >> 46ca3ea09b2cbdbdce1f0bb8571ac912, 窗口虽然发生迁移,但已达到最大遍历深度 -> 3, 点击返回......
2016-06-03 00:22:53 sys_log : [INFO] [UIAButton,我,我,,/0/0/3/5], 2a0b6e49d9f77f084b537bdd8062ef84 >> 开始执行节点任务......
2016-06-03 00:23:09 sys_log : [INFO] click -> [info = UIAButton,我,我,,/0/0/3/5], [depth = 3]2a0b6e49d9f77f084b537bdd8062ef84-242,520-76,48-//UIAApplication[1]/UIAWindow[1]/UIATabBar[1]/UIAButton[4]
2016-06-03 00:23:14 sys_log : [INFO] 报告主人,有1个节点任务出栈并加入黑名单 -> 现在还有12个任务待运行, [UIAButton,我,我,,/0/0/11/5], a2a685defe19443b7d6a0a237621a965-242,520-76,48-//UIAApplication[1]/UIAWindow[1]/UIATabBar[1]/UIAButton[4]
2016-06-03 00:23:15 sys_log : [INFO] 当前节点任务所属窗口是否就是当前窗口 -> false
2016-06-03 00:23:15 sys_log : [INFO] a2a685defe19443b7d6a0a237621a965 >> cddc0507d9286a9cf3eea00c731644aa, 窗口迁移至新窗口......
2016-06-03 00:23:15 sys_log : [INFO] 相同窗口执行次数 -> 0
2016-06-03 00:23:15 sys_log : [INFO] [UIAButton,我,我,,/0/0/11/5], a2a685defe19443b7d6a0a237621a965 >> cddc0507d9286a9cf3eea00c731644aa, 窗口虽然发生迁移,但已达到最大遍历深度 -> 3, 点击返回......
2016-06-03 00:23:25 sys_log : [INFO] [UIAButton,我,我,,/0/0/11/5], a2a685defe19443b7d6a0a237621a965 >> 开始执行节点任务......
2016-06-03 00:23:28 sys_log : [INFO] click -> [info = UIAButton,我,我,,/0/0/11/5], [depth = 3]a2a685defe19443b7d6a0a237621a965-242,520-76,48-//UIAApplication[1]/UIAWindow[1]/UIATabBar[1]/UIAButton[4]
2016-06-03 00:23:32 sys_log : [INFO] 报告主人,有1个节点任务出栈并加入黑名单 -> 现在还有11个任务待运行, [UIAImage,home_bg_night,,,/0/0/4], 187ea068ebc93a06192abbb8b02caca5-0,0-320,519-//UIAApplication[1]/UIAWindow[1]/UIAImage[2]
2016-06-03 00:23:34 sys_log : [INFO] 当前节点任务所属窗口是否就是当前窗口 -> false
2016-06-03 00:23:34 sys_log : [INFO] 187ea068ebc93a06192abbb8b02caca5 >> cddc0507d9286a9cf3eea00c731644aa, 窗口迁移至新窗口......
2016-06-03 00:23:34 sys_log : [INFO] 相同窗口执行次数 -> 1
2016-06-03 00:23:36 sys_log : [INFO] 10个新任务准备入栈......
2016-06-03 00:23:36 sys_log : [INFO] 10个新任务允许入栈......
2016-06-03 00:23:36 sys_log : [INFO] 任务栈已更新, 10个新任务允许入栈, 现在还有22个任务待运行......
2016-06-03 00:23:36 sys_log : [INFO] 任务栈已更新,现在还有21个任务待运行......
2016-06-03 00:23:36 sys_log : [INFO] [UIAImage,defaultProfile,,,/0/0/1/0], cddc0507d9286a9cf3eea00c731644aa >> 开始执行节点任务......
2016-06-03 00:23:39 sys_log : [INFO] click -> [info = UIAImage,defaultProfile,,,/0/0/1/0], [depth = 2]cddc0507d9286a9cf3eea00c731644aa-125,76-70,70-//UIAApplication[1]/UIAWindow[1]/UIATableView[1]/UIAImage[1]
2016-06-03 00:23:43 sys_log : [INFO] 报告主人,有1个节点任务出栈并加入黑名单 -> 现在还有20个任务待运行, [UIAButton,,,,/0/0/1/0/0], cddc0507d9286a9cf3eea00c731644aa-125,76-70,70-//UIAApplication[1]/UIAWindow[1]/UIATableView[1]/UIAImage[1]/UIAButton[1]
2016-06-03 00:23:45 sys_log : [INFO] 当前节点任务所属窗口是否就是当前窗口 -> false
2016-06-03 00:23:45 sys_log : [INFO] cddc0507d9286a9cf3eea00c731644aa >> f982f4e1d88d2f827c92c16ff1155c6, 窗口迁移至新窗口......
2016-06-03 00:23:45 sys_log : [INFO] 相同窗口执行次数 -> 0
2016-06-03 00:23:47 sys_log : [INFO] 8个新任务准备入栈......
2016-06-03 00:23:47 sys_log : [INFO] 8个新任务允许入栈......
2016-06-03 00:23:47 sys_log : [INFO] 任务栈已更新, 8个新任务允许入栈, 现在还有29个任务待运行......
2016-06-03 00:23:47 sys_log : [INFO] 任务栈已更新,现在还有28个任务待运行......
2016-06-03 00:23:47 sys_log : [INFO] [UIATableCell,头像,,,/0/0/1/1], f982f4e1d88d2f827c92c16ff1155c6 >> 开始执行节点任务......
2016-06-03 00:23:49 sys_log : [INFO] click -> [info = UIATableCell,头像,,,/0/0/1/1], [depth = 3]f982f4e1d88d2f827c92c16ff1155c6-0,74-320,64-//UIAApplication[1]/UIAWindow[1]/UIATableView[1]/UIATableCell[1]
2016-06-03 00:23:53 sys_log : [INFO] 报告主人,有1个节点任务出栈并加入黑名单 -> 现在还有27个任务待运行, [UIATableCell,昵称,,,/0/0/1/2], f982f4e1d88d2f827c92c16ff1155c6-0,138-320,44-//UIAApplication[1]/UIAWindow[1]/UIATableView[1]/UIATableCell[2]
2016-06-03 00:23:55 sys_log : [INFO] 当前节点任务所属窗口是否就是当前窗口 -> false
2016-06-03 00:23:55 sys_log : [INFO] f982f4e1d88d2f827c92c16ff1155c6 >> b86fbf810bee1dea4876151417103981, 窗口迁移至新窗口......
2016-06-03 00:23:55 sys_log : [INFO] 相同窗口执行次数 -> 0
2016-06-03 00:23:55 sys_log : [INFO] [UIATableCell,昵称,,,/0/0/1/2], f982f4e1d88d2f827c92c16ff1155c6 >> b86fbf810bee1dea4876151417103981, 窗口虽然发生迁移,但已达到最大遍历深度 -> 3, 点击返回......
2016-06-03 00:25:10 sys_log : [INFO] [UIATableCell,昵称,,,/0/0/1/2], f982f4e1d88d2f827c92c16ff1155c6 >> 开始执行节点任务......
2016-06-03 00:25:13 sys_log : [INFO] click -> [info = UIATableCell,昵称,,,/0/0/1/2], [depth = 3]f982f4e1d88d2f827c92c16ff1155c6-0,138-320,44-//UIAApplication[1]/UIAWindow[1]/UIATableView[1]/UIATableCell[2]
2016-06-03 00:25:17 sys_log : [INFO] 报告主人,有1个节点任务出栈并加入黑名单 -> 现在还有26个任务待运行, [UIATableCell,首页背景设置,,,/0/0/1/3], f982f4e1d88d2f827c92c16ff1155c6-0,182-320,44-//UIAApplication[1]/UIAWindow[1]/UIATableView[1]/UIATableCell[3]
2016-06-03 00:25:18 sys_log : [INFO] 当前节点任务所属窗口是否就是当前窗口 -> false
2016-06-03 00:25:18 sys_log : [INFO] f982f4e1d88d2f827c92c16ff1155c6 >> b86fbf810bee1dea4876151417103981, 窗口迁移至新窗口......
2016-06-03 00:25:18 sys_log : [INFO] 相同窗口执行次数 -> 1
2016-06-03 00:25:18 sys_log : [INFO] [UIATableCell,首页背景设置,,,/0/0/1/3], f982f4e1d88d2f827c92c16ff1155c6 >> b86fbf810bee1dea4876151417103981, 窗口虽然发生迁移,但已达到最大遍历深度 -> 3, 点击返回......
2016-06-03 00:26:33 sys_log : [INFO] [UIATableCell,首页背景设置,,,/0/0/1/3], f982f4e1d88d2f827c92c16ff1155c6 >> 开始执行节点任务......
2016-06-03 00:26:36 sys_log : [INFO] click -> [info = UIATableCell,首页背景设置,,,/0/0/1/3], [depth = 3]f982f4e1d88d2f827c92c16ff1155c6-0,182-320,44-//UIAApplication[1]/UIAWindow[1]/UIATableView[1]/UIATableCell[3]
2016-06-03 00:26:40 sys_log : [INFO] 报告主人,有1个节点任务出栈并加入黑名单 -> 现在还有25个任务待运行, [UIATableCell,姓名,,,/0/0/1/6], f982f4e1d88d2f827c92c16ff1155c6-0,271.0010070800781-320,44-//UIAApplication[1]/UIAWindow[1]/UIATableView[1]/UIATableCell[4]
2016-06-03 00:26:42 sys_log : [INFO] 当前节点任务所属窗口是否就是当前窗口 -> false
2016-06-03 00:26:42 sys_log : [INFO] f982f4e1d88d2f827c92c16ff1155c6 >> a27a665a01995e954fcd471c2eb1c7b, 窗口迁移至新窗口......
2016-06-03 00:26:42 sys_log : [INFO] 相同窗口执行次数 -> 0
2016-06-03 00:26:42 sys_log : [INFO] [UIATableCell,姓名,,,/0/0/1/6], f982f4e1d88d2f827c92c16ff1155c6 >> a27a665a01995e954fcd471c2eb1c7b, 窗口虽然发生迁移,但已达到最大遍历深度 -> 3, 点击返回......
2016-06-03 00:26:58 sys_log : [INFO] [UIATableCell,姓名,,,/0/0/1/6], f982f4e1d88d2f827c92c16ff1155c6 >> 开始执行节点任务......
2016-06-03 00:27:01 sys_log : [INFO] click -> [info = UIATableCell,姓名,,,/0/0/1/6], [depth = 3]f982f4e1d88d2f827c92c16ff1155c6-0,271.0010070800781-320,44-//UIAApplication[1]/UIAWindow[1]/UIATableView[1]/UIATableCell[4]
2016-06-03 00:27:06 sys_log : [INFO] 报告主人,有1个节点任务出栈并加入黑名单 -> 现在还有24个任务待运行, [UIATableCell,身份证,,,/0/0/1/7], f982f4e1d88d2f827c92c16ff1155c6-0,315.0010070800781-320,44-//UIAApplication[1]/UIAWindow[1]/UIATableView[1]/UIATableCell[5]
2016-06-03 00:27:08 sys_log : [INFO] 当前节点任务所属窗口是否就是当前窗口 -> false
2016-06-03 00:27:08 sys_log : [INFO] f982f4e1d88d2f827c92c16ff1155c6 >> feb18b869b4fa4412c0ad2fabceaa3a7, 窗口迁移至新窗口......
2016-06-03 00:27:08 sys_log : [INFO] 相同窗口执行次数 -> 0
2016-06-03 00:27:08 sys_log : [INFO] [UIATableCell,身份证,,,/0/0/1/7], f982f4e1d88d2f827c92c16ff1155c6 >> feb18b869b4fa4412c0ad2fabceaa3a7, 窗口虽然发生迁移,但已达到最大遍历深度 -> 3, 点击返回......
2016-06-03 00:28:24 sys_log : [INFO] [UIATableCell,身份证,,,/0/0/1/7], f982f4e1d88d2f827c92c16ff1155c6 >> 开始执行节点任务......
2016-06-03 00:28:27 sys_log : [INFO] click -> [info = UIATableCell,身份证,,,/0/0/1/7], [depth = 3]f982f4e1d88d2f827c92c16ff1155c6-0,315.0010070800781-320,44-//UIAApplication[1]/UIAWindow[1]/UIATableView[1]/UIATableCell[5]
2016-06-03 00:28:32 sys_log : [INFO] 报告主人,有1个节点任务出栈并加入黑名单 -> 现在还有23个任务待运行, [UIATableCell,名片,,,/0/0/1/8], f982f4e1d88d2f827c92c16ff1155c6-0,359.0010070800781-320,44-//UIAApplication[1]/UIAWindow[1]/UIATableView[1]/UIATableCell[6]
2016-06-03 00:28:34 sys_log : [INFO] 当前节点任务所属窗口是否就是当前窗口 -> false
2016-06-03 00:28:34 sys_log : [INFO] f982f4e1d88d2f827c92c16ff1155c6 >> feb18b869b4fa4412c0ad2fabceaa3a7, 窗口迁移至新窗口......
2016-06-03 00:28:34 sys_log : [INFO] 相同窗口执行次数 -> 1
2016-06-03 00:28:34 sys_log : [INFO] [UIATableCell,名片,,,/0/0/1/8], f982f4e1d88d2f827c92c16ff1155c6 >> feb18b869b4fa4412c0ad2fabceaa3a7, 窗口虽然发生迁移,但已达到最大遍历深度 -> 3, 点击返回......
2016-06-03 00:29:51 sys_log : [INFO] [UIATableCell,名片,,,/0/0/1/8], f982f4e1d88d2f827c92c16ff1155c6 >> 开始执行节点任务......
2016-06-03 00:29:54 sys_log : [INFO] click -> [info = UIATableCell,名片,,,/0/0/1/8], [depth = 3]f982f4e1d88d2f827c92c16ff1155c6-0,359.0010070800781-320,44-//UIAApplication[1]/UIAWindow[1]/UIATableView[1]/UIATableCell[6]
2016-06-03 00:29:58 sys_log : [INFO] 报告主人,有1个节点任务出栈并加入黑名单 -> 现在还有22个任务待运行, [UIATableCell,绑定邮箱,,,/0/0/1/9], f982f4e1d88d2f827c92c16ff1155c6-0,403.0010070800781-320,44-//UIAApplication[1]/UIAWindow[1]/UIATableView[1]/UIATableCell[7]
2016-06-03 00:30:00 sys_log : [INFO] 当前节点任务所属窗口是否就是当前窗口 -> false
2016-06-03 00:30:00 sys_log : [INFO] f982f4e1d88d2f827c92c16ff1155c6 >> a802eaf419c263d8e5666d1a324c906b, 窗口迁移至新窗口......
2016-06-03 00:30:00 sys_log : [INFO] 相同窗口执行次数 -> 0
2016-06-03 00:30:00 sys_log : [INFO] [UIATableCell,绑定邮箱,,,/0/0/1/9], f982f4e1d88d2f827c92c16ff1155c6 >> a802eaf419c263d8e5666d1a324c906b, 窗口虽然发生迁移,但已达到最大遍历深度 -> 3, 点击返回......
2016-06-03 00:31:17 sys_log : [INFO] [UIATableCell,绑定邮箱,,,/0/0/1/9], f982f4e1d88d2f827c92c16ff1155c6 >> 开始执行节点任务......
2016-06-03 00:31:19 sys_log : [INFO] click -> [info = UIATableCell,绑定邮箱,,,/0/0/1/9], [depth = 3]f982f4e1d88d2f827c92c16ff1155c6-0,403.0010070800781-320,44-//UIAApplication[1]/UIAWindow[1]/UIATableView[1]/UIATableCell[7]
2016-06-03 00:31:24 sys_log : [INFO] 报告主人,有1个节点任务出栈并加入黑名单 -> 现在还有21个任务待运行, [UIATableCell,绑定手机号,,,/0/0/1/10], f982f4e1d88d2f827c92c16ff1155c6-0,447.0010070800781-320,44-//UIAApplication[1]/UIAWindow[1]/UIATableView[1]/UIATableCell[8]
2016-06-03 00:31:25 sys_log : [INFO] 当前节点任务所属窗口是否就是当前窗口 -> true
2016-06-03 00:31:25 sys_log : [INFO] [UIATableCell,绑定手机号,,,/0/0/1/10], f982f4e1d88d2f827c92c16ff1155c6 >> 开始执行节点任务......
2016-06-03 00:31:28 sys_log : [INFO] click -> [info = UIATableCell,绑定手机号,,,/0/0/1/10], [depth = 3]f982f4e1d88d2f827c92c16ff1155c6-0,447.0010070800781-320,44-//UIAApplication[1]/UIAWindow[1]/UIATableView[1]/UIATableCell[8]
2016-06-03 00:31:32 sys_log : [INFO] f982f4e1d88d2f827c92c16ff1155c6 == f982f4e1d88d2f827c92c16ff1155c6, 窗口未发生迁移,并且本窗口节点任务已遍历完毕,点击返回......
2016-06-03 00:32:48 sys_log : [INFO] 报告主人,有1个节点任务出栈并加入黑名单 -> 现在还有20个任务待运行, [UIAButton,,,,/0/0/1/0/0], cddc0507d9286a9cf3eea00c731644aa-125,76-70,70-//UIAApplication[1]/UIAWindow[1]/UIATableView[1]/UIAImage[1]/UIAButton[1]
2016-06-03 00:32:49 sys_log : [INFO] 当前节点任务所属窗口是否就是当前窗口 -> true
2016-06-03 00:32:49 sys_log : [INFO] [UIAButton,,,,/0/0/1/0/0], cddc0507d9286a9cf3eea00c731644aa >> 开始执行节点任务......
2016-06-03 00:32:52 sys_log : [INFO] click -> [info = UIAButton,,,,/0/0/1/0/0], [depth = 2]cddc0507d9286a9cf3eea00c731644aa-125,76-70,70-//UIAApplication[1]/UIAWindow[1]/UIATableView[1]/UIAImage[1]/UIAButton[1]
2016-06-03 00:32:57 sys_log : [INFO] 报告主人,有1个节点任务出栈并加入黑名单 -> 现在还有19个任务待运行, [UIATableCell,安全中心,,,/0/0/1/21], cddc0507d9286a9cf3eea00c731644aa-0,420-320,44-//UIAApplication[1]/UIAWindow[1]/UIATableView[1]/UIATableCell[1]
2016-06-03 00:32:58 sys_log : [INFO] 当前节点任务所属窗口是否就是当前窗口 -> false
2016-06-03 00:32:58 sys_log : [INFO] cddc0507d9286a9cf3eea00c731644aa >> f982f4e1d88d2f827c92c16ff1155c6, 窗口迁移至新窗口......
2016-06-03 00:32:58 sys_log : [INFO] 相同窗口执行次数 -> 0
2016-06-03 00:33:00 sys_log : [INFO] 8个新任务准备入栈......
2016-06-03 00:33:00 sys_log : [INFO] cddc0507d9286a9cf3eea00c731644aa >> f982f4e1d88d2f827c92c16ff1155c6, 窗口虽然发生迁移,但没有新任务加入, 并且本窗口节点任务已遍历完毕,点击返回......
2016-06-03 00:34:17 sys_log : [INFO] [UIATableCell,安全中心,,,/0/0/1/21], cddc0507d9286a9cf3eea00c731644aa >> 开始执行节点任务......
2016-06-03 00:34:19 sys_log : [INFO] click -> [info = UIATableCell,安全中心,,,/0/0/1/21], [depth = 2]cddc0507d9286a9cf3eea00c731644aa-0,420-320,44-//UIAApplication[1]/UIAWindow[1]/UIATableView[1]/UIATableCell[1]
2016-06-03 00:34:23 sys_log : [INFO] 报告主人,有1个节点任务出栈并加入黑名单 -> 现在还有18个任务待运行, [UIATableCell,我的收藏,,,/0/0/1/22], cddc0507d9286a9cf3eea00c731644aa-0,464-320,44-//UIAApplication[1]/UIAWindow[1]/UIATableView[1]/UIATableCell[2]
2016-06-03 00:34:25 sys_log : [INFO] 当前节点任务所属窗口是否就是当前窗口 -> false
2016-06-03 00:34:25 sys_log : [INFO] cddc0507d9286a9cf3eea00c731644aa >> c8de4d3029fb584470c1b16a9fd001f6, 窗口迁移至新窗口......
2016-06-03 00:34:25 sys_log : [INFO] 相同窗口执行次数 -> 0
2016-06-03 00:34:26 sys_log : [INFO] 3个新任务准备入栈......
2016-06-03 00:34:26 sys_log : [INFO] 3个新任务允许入栈......
2016-06-03 00:34:26 sys_log : [INFO] 任务栈已更新, 3个新任务允许入栈, 现在还有22个任务待运行......
2016-06-03 00:34:26 sys_log : [INFO] 任务栈已更新,现在还有21个任务待运行......
2016-06-03 00:34:26 sys_log : [INFO] [UIATableCell,登录密码,,,/0/0/1/1], c8de4d3029fb584470c1b16a9fd001f6 >> 开始执行节点任务......
2016-06-03 00:34:29 sys_log : [INFO] click -> [info = UIATableCell,登录密码,,,/0/0/1/1], [depth = 3]c8de4d3029fb584470c1b16a9fd001f6-0,74-320,44-//UIAApplication[1]/UIAWindow[1]/UIATableView[1]/UIATableCell[1]
2016-06-03 00:34:33 sys_log : [INFO] 报告主人,有1个节点任务出栈并加入黑名单 -> 现在还有20个任务待运行, [UIATableCell,手势密码,,,/0/0/1/2], c8de4d3029fb584470c1b16a9fd001f6-0,118-320,44-//UIAApplication[1]/UIAWindow[1]/UIATableView[1]/UIATableCell[2]
2016-06-03 00:34:35 sys_log : [INFO] 当前节点任务所属窗口是否就是当前窗口 -> false
2016-06-03 00:34:35 sys_log : [INFO] c8de4d3029fb584470c1b16a9fd001f6 >> 17849081d2e14a27ddc30c0fa1e8f239, 窗口迁移至新窗口......
2016-06-03 00:34:35 sys_log : [INFO] 相同窗口执行次数 -> 0
2016-06-03 00:34:35 sys_log : [INFO] [UIATableCell,手势密码,,,/0/0/1/2], c8de4d3029fb584470c1b16a9fd001f6 >> 17849081d2e14a27ddc30c0fa1e8f239, 窗口虽然发生迁移,但已达到最大遍历深度 -> 3, 点击返回......
2016-06-03 00:35:49 sys_log : [INFO] [UIATableCell,手势密码,,,/0/0/1/2], c8de4d3029fb584470c1b16a9fd001f6 >> 开始执行节点任务......
2016-06-03 00:35:51 sys_log : [INFO] click -> [info = UIATableCell,手势密码,,,/0/0/1/2], [depth = 3]c8de4d3029fb584470c1b16a9fd001f6-0,118-320,44-//UIAApplication[1]/UIAWindow[1]/UIATableView[1]/UIATableCell[2]
2016-06-03 00:35:55 sys_log : [INFO] 报告主人,有1个节点任务出栈并加入黑名单 -> 现在还有19个任务待运行, [UIATableCell,人脸识别,,,/0/0/1/3], c8de4d3029fb584470c1b16a9fd001f6-0,162-320,44-//UIAApplication[1]/UIAWindow[1]/UIATableView[1]/UIATableCell[3]
2016-06-03 00:35:56 sys_log : [INFO] 当前节点任务所属窗口是否就是当前窗口 -> false
2016-06-03 00:35:56 sys_log : [INFO] c8de4d3029fb584470c1b16a9fd001f6 >> 9dd2994405f81be027c8d49194f71915, 窗口迁移至新窗口......
2016-06-03 00:35:56 sys_log : [INFO] 相同窗口执行次数 -> 0
2016-06-03 00:35:56 sys_log : [INFO] [UIATableCell,人脸识别,,,/0/0/1/3], c8de4d3029fb584470c1b16a9fd001f6 >> 9dd2994405f81be027c8d49194f71915, 窗口虽然发生迁移,但已达到最大遍历深度 -> 3, 点击返回......
2016-06-03 00:37:09 sys_log : [INFO] [UIATableCell,人脸识别,,,/0/0/1/3], c8de4d3029fb584470c1b16a9fd001f6 >> 开始执行节点任务......
2016-06-03 00:37:12 sys_log : [INFO] click -> [info = UIATableCell,人脸识别,,,/0/0/1/3], [depth = 3]c8de4d3029fb584470c1b16a9fd001f6-0,162-320,44-//UIAApplication[1]/UIAWindow[1]/UIATableView[1]/UIATableCell[3]
2016-06-03 00:37:16 sys_log : [INFO] 报告主人,有1个节点任务出栈并加入黑名单 -> 现在还有18个任务待运行, [UIATableCell,我的收藏,,,/0/0/1/22], cddc0507d9286a9cf3eea00c731644aa-0,464-320,44-//UIAApplication[1]/UIAWindow[1]/UIATableView[1]/UIATableCell[2]
2016-06-03 00:37:17 sys_log : [INFO] 当前节点任务所属窗口是否就是当前窗口 -> false
2016-06-03 00:37:17 sys_log : [INFO] cddc0507d9286a9cf3eea00c731644aa >> 3c7d544641263c7b66ecf464bd49f6f2, 窗口迁移至新窗口......
2016-06-03 00:37:17 sys_log : [INFO] 相同窗口执行次数 -> 0
2016-06-03 00:37:18 sys_log : [INFO] 1个新任务准备入栈......
2016-06-03 00:37:18 sys_log : [INFO] 1个新任务允许入栈......
2016-06-03 00:37:18 sys_log : [INFO] 任务栈已更新, 1个新任务允许入栈, 现在还有20个任务待运行......
2016-06-03 00:37:18 sys_log : [INFO] 任务栈已更新,现在还有19个任务待运行......
2016-06-03 00:37:18 sys_log : [INFO] [UIASwitch,,,0,/0/0/2], 3c7d544641263c7b66ecf464bd49f6f2 >> 开始执行节点任务......
2016-06-03 00:37:21 sys_log : [INFO] click -> [info = UIASwitch,,,0,/0/0/2], [depth = 3]3c7d544641263c7b66ecf464bd49f6f2-255,81.5-51,31-//UIAApplication[1]/UIAWindow[1]/UIASwitch[1]
2016-06-03 00:37:25 sys_log : [INFO] 3c7d544641263c7b66ecf464bd49f6f2 == 3c7d544641263c7b66ecf464bd49f6f2, 窗口未发生迁移,并且本窗口节点任务已遍历完毕,点击返回......
2016-06-03 00:38:40 sys_log : [INFO] 报告主人,有1个节点任务出栈并加入黑名单 -> 现在还有18个任务待运行, [UIATableCell,我的收藏,,,/0/0/1/22], cddc0507d9286a9cf3eea00c731644aa-0,464-320,44-//UIAApplication[1]/UIAWindow[1]/UIATableView[1]/UIATableCell[2]
2016-06-03 00:38:42 sys_log : [INFO] 当前节点任务所属窗口是否就是当前窗口 -> false
2016-06-03 00:38:42 sys_log : [INFO] cddc0507d9286a9cf3eea00c731644aa >> c8de4d3029fb584470c1b16a9fd001f6, 窗口迁移至新窗口......
2016-06-03 00:38:42 sys_log : [INFO] 相同窗口执行次数 -> 0
2016-06-03 00:38:45 sys_log : [INFO] 3个新任务准备入栈......
2016-06-03 00:38:45 sys_log : [INFO] cddc0507d9286a9cf3eea00c731644aa >> c8de4d3029fb584470c1b16a9fd001f6, 窗口虽然发生迁移,但没有新任务加入, 并且本窗口节点任务已遍历完毕,点击返回......
2016-06-03 00:40:00 sys_log : [INFO] [UIATableCell,我的收藏,,,/0/0/1/22], cddc0507d9286a9cf3eea00c731644aa >> 开始执行节点任务......
2016-06-03 00:40:03 sys_log : [INFO] click -> [info = UIATableCell,我的收藏,,,/0/0/1/22], [depth = 2]cddc0507d9286a9cf3eea00c731644aa-0,464-320,44-//UIAApplication[1]/UIAWindow[1]/UIATableView[1]/UIATableCell[2]
2016-06-03 00:40:07 sys_log : [INFO] 报告主人,有1个节点任务出栈并加入黑名单 -> 现在还有17个任务待运行, [UIATableCell,客服电话,,,/0/0/1/23], cddc0507d9286a9cf3eea00c731644aa-0,508-320,44-//UIAApplication[1]/UIAWindow[1]/UIATableView[1]/UIATableCell[3]
2016-06-03 00:40:09 sys_log : [INFO] 当前节点任务所属窗口是否就是当前窗口 -> false
2016-06-03 00:40:09 sys_log : [INFO] cddc0507d9286a9cf3eea00c731644aa >> 1d9a943dcfe71177fefab65387a0d6ab, 窗口迁移至新窗口......
2016-06-03 00:40:09 sys_log : [INFO] 相同窗口执行次数 -> 0
2016-06-03 00:40:10 sys_log : [INFO] 1个新任务准备入栈......
2016-06-03 00:40:10 sys_log : [INFO] 1个新任务允许入栈......
2016-06-03 00:40:10 sys_log : [INFO] 任务栈已更新, 1个新任务允许入栈, 现在还有19个任务待运行......
2016-06-03 00:40:10 sys_log : [INFO] 任务栈已更新,现在还有18个任务待运行......
2016-06-03 00:40:10 sys_log : [INFO] [UIAImage,empty set background image,,,/0/0/2/0], 1d9a943dcfe71177fefab65387a0d6ab >> 开始执行节点任务......
2016-06-03 00:40:13 sys_log : [INFO] click -> [info = UIAImage,empty set background image,,,/0/0/2/0], [depth = 3]1d9a943dcfe71177fefab65387a0d6ab-102.5,155-115.5,115.5-//UIAApplication[1]/UIAWindow[1]/UIAScrollView[1]/UIAImage[1]
2016-06-03 00:40:16 sys_log : [INFO] 1d9a943dcfe71177fefab65387a0d6ab == 1d9a943dcfe71177fefab65387a0d6ab, 窗口未发生迁移,并且本窗口节点任务已遍历完毕,点击返回......
2016-06-03 00:41:31 sys_log : [INFO] 报告主人,有1个节点任务出栈并加入黑名单 -> 现在还有17个任务待运行, [UIATableCell,客服电话,,,/0/0/1/23], cddc0507d9286a9cf3eea00c731644aa-0,508-320,44-//UIAApplication[1]/UIAWindow[1]/UIATableView[1]/UIATableCell[3]
2016-06-03 00:41:33 sys_log : [INFO] 当前节点任务所属窗口是否就是当前窗口 -> true
2016-06-03 00:41:33 sys_log : [INFO] [UIATableCell,客服电话,,,/0/0/1/23], cddc0507d9286a9cf3eea00c731644aa >> 开始执行节点任务......
2016-06-03 00:41:36 sys_log : [INFO] click -> [info = UIATableCell,客服电话,,,/0/0/1/23], [depth = 2]cddc0507d9286a9cf3eea00c731644aa-0,508-320,44-//UIAApplication[1]/UIAWindow[1]/UIATableView[1]/UIATableCell[3]
2016-06-03 00:41:43 sys_log : [INFO] 报告主人,有1个节点任务出栈并加入黑名单 -> 现在还有16个任务待运行, [UIAImage,,,,/0/0/2/1], cddc0507d9286a9cf3eea00c731644aa-0,519-320,49-//UIAApplication[1]/UIAWindow[1]/UIATabBar[1]/UIAImage[2]
2016-06-03 00:41:49 sys_log : [INFO] 当前节点任务所属窗口是否就是当前窗口 -> false
2016-06-03 00:41:49 sys_log : [INFO] cddc0507d9286a9cf3eea00c731644aa >> 207671ea47676d5677555f7f09affeb9, 窗口迁移至新窗口......
2016-06-03 00:41:49 sys_log : [INFO] 相同窗口执行次数 -> 0
2016-06-03 00:41:54 sys_log : [INFO] 24个新任务准备入栈......
2016-06-03 00:41:54 sys_log : [INFO] cddc0507d9286a9cf3eea00c731644aa >> 207671ea47676d5677555f7f09affeb9, 窗口虽然发生迁移,但没有新任务加入, 并且本窗口节点任务已遍历完毕,点击返回......
2016-06-03 00:42:29 sys_log : [INFO] [UIAImage,,,,/0/0/2/1], cddc0507d9286a9cf3eea00c731644aa >> 开始执行节点任务......
2016-06-03 00:42:36 sys_log : [INFO] click -> [info = UIAImage,,,,/0/0/2/1], [depth = 2]cddc0507d9286a9cf3eea00c731644aa-0,519-320,49-//UIAApplication[1]/UIAWindow[1]/UIATabBar[1]/UIAImage[2]
2016-06-03 00:42:43 sys_log : [INFO] 报告主人,有1个节点任务出栈并加入黑名单 -> 现在还有15个任务待运行, [UIAButton,首页,首页,,/0/0/2/2], cddc0507d9286a9cf3eea00c731644aa-2,520-76,48-//UIAApplication[1]/UIAWindow[1]/UIATabBar[1]/UIAButton[1]
2016-06-03 00:42:48 sys_log : [INFO] 当前节点任务所属窗口是否就是当前窗口 -> false
2016-06-03 00:42:48 sys_log : [INFO] cddc0507d9286a9cf3eea00c731644aa >> 207671ea47676d5677555f7f09affeb9, 窗口迁移至新窗口......
2016-06-03 00:42:48 sys_log : [INFO] 相同窗口执行次数 -> 1
2016-06-03 00:42:54 sys_log : [INFO] 24个新任务准备入栈......
2016-06-03 00:42:54 sys_log : [INFO] cddc0507d9286a9cf3eea00c731644aa >> 207671ea47676d5677555f7f09affeb9, 窗口虽然发生迁移,但没有新任务加入, 并且本窗口节点任务已遍历完毕,点击返回......
2016-06-03 00:43:29 sys_log : [INFO] [UIAButton,首页,首页,,/0/0/2/2], cddc0507d9286a9cf3eea00c731644aa >> 开始执行节点任务......
2016-06-03 00:43:35 sys_log : [INFO] click -> [info = UIAButton,首页,首页,,/0/0/2/2], [depth = 2]cddc0507d9286a9cf3eea00c731644aa-2,520-76,48-//UIAApplication[1]/UIAWindow[1]/UIATabBar[1]/UIAButton[1]
2016-06-03 00:43:43 sys_log : [INFO] 报告主人,有1个节点任务出栈并加入黑名单 -> 现在还有14个任务待运行, [UIAButton,金融旗舰店,金融旗舰店,,/0/0/2/3], cddc0507d9286a9cf3eea00c731644aa-82,520-76,48-//UIAApplication[1]/UIAWindow[1]/UIATabBar[1]/UIAButton[2]
2016-06-03 00:43:49 sys_log : [INFO] 当前节点任务所属窗口是否就是当前窗口 -> false
2016-06-03 00:43:49 sys_log : [INFO] cddc0507d9286a9cf3eea00c731644aa >> 207671ea47676d5677555f7f09affeb9, 窗口迁移至新窗口......
2016-06-03 00:43:49 sys_log : [INFO] 相同窗口执行次数 -> 2
2016-06-03 00:43:55 sys_log : [INFO] 24个新任务准备入栈......
2016-06-03 00:43:55 sys_log : [INFO] cddc0507d9286a9cf3eea00c731644aa >> 207671ea47676d5677555f7f09affeb9, 窗口虽然发生迁移,但没有新任务加入, 并且本窗口节点任务已遍历完毕,点击返回......
2016-06-03 00:44:30 sys_log : [INFO] [UIAButton,金融旗舰店,金融旗舰店,,/0/0/2/3], cddc0507d9286a9cf3eea00c731644aa >> 开始执行节点任务......
2016-06-03 00:44:36 sys_log : [INFO] click -> [info = UIAButton,金融旗舰店,金融旗舰店,,/0/0/2/3], [depth = 2]cddc0507d9286a9cf3eea00c731644aa-82,520-76,48-//UIAApplication[1]/UIAWindow[1]/UIATabBar[1]/UIAButton[2]
2016-06-03 00:44:40 sys_log : [INFO] 报告主人,有1个节点任务出栈并加入黑名单 -> 现在还有13个任务待运行, [UIAButton,财经快讯,财经快讯,,/0/0/2/4], cddc0507d9286a9cf3eea00c731644aa-162,520-76,48-//UIAApplication[1]/UIAWindow[1]/UIATabBar[1]/UIAButton[3]
2016-06-03 00:44:43 sys_log : [INFO] 当前节点任务所属窗口是否就是当前窗口 -> false
2016-06-03 00:44:43 sys_log : [INFO] cddc0507d9286a9cf3eea00c731644aa >> 2a0b6e49d9f77f084b537bdd8062ef84, 窗口迁移至新窗口......
2016-06-03 00:44:43 sys_log : [INFO] 相同窗口执行次数 -> 0
2016-06-03 00:44:45 sys_log : [INFO] 7个新任务准备入栈......
2016-06-03 00:44:45 sys_log : [INFO] 1个新任务允许入栈......
2016-06-03 00:44:45 sys_log : [INFO] 任务栈已更新, 1个新任务允许入栈, 现在还有15个任务待运行......
2016-06-03 00:44:45 sys_log : [INFO] 任务栈已更新,现在还有14个任务待运行......
2016-06-03 00:44:45 sys_log : [INFO] [UIATableCell,一账通宝,,1,/0/0/1/0/3], 2a0b6e49d9f77f084b537bdd8062ef84 >> 开始执行节点任务......
2016-06-03 00:44:48 sys_log : [INFO] click -> [info = UIATableCell,一账通宝,,1,/0/0/1/0/3], [depth = 3]2a0b6e49d9f77f084b537bdd8062ef84-0,335.1000061035156-320,137-//UIAApplication[1]/UIAWindow[1]/UIAScrollView[1]/UIATableView[1]/UIATableCell[1]
2016-06-03 00:44:52 sys_log : [INFO] 2a0b6e49d9f77f084b537bdd8062ef84 == 2a0b6e49d9f77f084b537bdd8062ef84, 窗口未发生迁移,并且本窗口节点任务已遍历完毕,点击返回......
2016-06-03 00:45:03 sys_log : [INFO] 报告主人,有1个节点任务出栈并加入黑名单 -> 现在还有13个任务待运行, [UIAButton,财经快讯,财经快讯,,/0/0/2/4], cddc0507d9286a9cf3eea00c731644aa-162,520-76,48-//UIAApplication[1]/UIAWindow[1]/UIATabBar[1]/UIAButton[3]
2016-06-03 00:45:05 sys_log : [INFO] 当前节点任务所属窗口是否就是当前窗口 -> false
2016-06-03 00:45:05 sys_log : [INFO] cddc0507d9286a9cf3eea00c731644aa >> 2a0b6e49d9f77f084b537bdd8062ef84, 窗口迁移至新窗口......
2016-06-03 00:45:05 sys_log : [INFO] 相同窗口执行次数 -> 1
2016-06-03 00:45:07 sys_log : [INFO] 7个新任务准备入栈......
2016-06-03 00:45:07 sys_log : [INFO] cddc0507d9286a9cf3eea00c731644aa >> 2a0b6e49d9f77f084b537bdd8062ef84, 窗口虽然发生迁移,但没有新任务加入, 并且本窗口节点任务已遍历完毕,点击返回......
2016-06-03 00:45:18 sys_log : [INFO] [UIAButton,财经快讯,财经快讯,,/0/0/2/4], cddc0507d9286a9cf3eea00c731644aa >> 开始执行节点任务......
2016-06-03 00:45:21 sys_log : [INFO] click -> [info = UIAButton,财经快讯,财经快讯,,/0/0/2/4], [depth = 2]cddc0507d9286a9cf3eea00c731644aa-162,520-76,48-//UIAApplication[1]/UIAWindow[1]/UIATabBar[1]/UIAButton[3]
2016-06-03 00:45:40 sys_log : [INFO] 报告主人,有1个节点任务出栈并加入黑名单 -> 现在还有12个任务待运行, [UIAButton,我,我,1,/0/0/2/5], cddc0507d9286a9cf3eea00c731644aa-242,520-76,48-//UIAApplication[1]/UIAWindow[1]/UIATabBar[1]/UIAButton[4]
2016-06-03 00:46:02 sys_log : [INFO] 当前节点任务所属窗口是否就是当前窗口 -> false
2016-06-03 00:46:02 sys_log : [INFO] cddc0507d9286a9cf3eea00c731644aa >> 46ca3ea09b2cbdbdce1f0bb8571ac912, 窗口迁移至新窗口......
2016-06-03 00:46:02 sys_log : [INFO] 相同窗口执行次数 -> 0
2016-06-03 00:46:19 sys_log : [INFO] 10个新任务准备入栈......
2016-06-03 00:46:19 sys_log : [INFO] 4个新任务允许入栈......
2016-06-03 00:46:19 sys_log : [INFO] 任务栈已更新, 4个新任务允许入栈, 现在还有17个任务待运行......
2016-06-03 00:46:19 sys_log : [INFO] 任务栈已更新,现在还有16个任务待运行......
2016-06-03 00:46:19 sys_log : [INFO] [UIAButton,选股,选股,1,/0/0/4], 46ca3ea09b2cbdbdce1f0bb8571ac912 >> 开始执行节点任务......
2016-06-03 00:46:36 sys_log : [INFO] click -> [info = UIAButton,选股,选股,1,/0/0/4], [depth = 3]46ca3ea09b2cbdbdce1f0bb8571ac912-240,64-80,38-//UIAApplication[1]/UIAWindow[1]/UIAButton[4]
2016-06-03 00:46:56 sys_log : [INFO] 报告主人,有1个节点任务出栈并加入黑名单 -> 现在还有15个任务待运行, [UIAImage,,,,/0/0/8/3/0/1], 46ca3ea09b2cbdbdce1f0bb8571ac912-23,198-25,20-//UIAApplication[1]/UIAWindow[1]/UIAScrollView[4]/UIAWebView[1]/UIALink[1]/UIAImage[1]
2016-06-03 00:47:17 sys_log : [INFO] 当前节点任务所属窗口是否就是当前窗口 -> true
2016-06-03 00:47:17 sys_log : [INFO] [UIAImage,,,,/0/0/8/3/0/1], 46ca3ea09b2cbdbdce1f0bb8571ac912 >> 开始执行节点任务......
2016-06-03 00:47:34 sys_log : [INFO] click -> [info = UIAImage,,,,/0/0/8/3/0/1], [depth = 3]46ca3ea09b2cbdbdce1f0bb8571ac912-23,198-25,20-//UIAApplication[1]/UIAWindow[1]/UIAScrollView[4]/UIAWebView[1]/UIALink[1]/UIAImage[1]
2016-06-03 00:47:38 sys_log : [INFO] 报告主人,有1个节点任务出栈并加入黑名单 -> 现在还有14个任务待运行, [UIAImage,,,,/0/0/8/3/1/1], 46ca3ea09b2cbdbdce1f0bb8571ac912-23,321-25,20-//UIAApplication[1]/UIAWindow[1]/UIAScrollView[4]/UIAWebView[1]/UIALink[2]/UIAImage[1]
2016-06-03 00:47:43 sys_log : [INFO] 当前节点任务所属窗口是否就是当前窗口 -> false
2016-06-03 00:47:43 sys_log : [INFO] 46ca3ea09b2cbdbdce1f0bb8571ac912 >> c48d1157960f3388a21973e5d0cd95b8, 窗口迁移至新窗口......
2016-06-03 00:47:43 sys_log : [INFO] 相同窗口执行次数 -> 0
2016-06-03 00:47:43 sys_log : [INFO] [UIAImage,,,,/0/0/8/3/1/1], 46ca3ea09b2cbdbdce1f0bb8571ac912 >> c48d1157960f3388a21973e5d0cd95b8, 窗口虽然发生迁移,但已达到最大遍历深度 -> 3, 点击返回......
2016-06-03 00:49:16 sys_log : [INFO] [UIAImage,,,,/0/0/8/3/1/1], 46ca3ea09b2cbdbdce1f0bb8571ac912 >> 开始执行节点任务......
2016-06-03 00:49:34 sys_log : [INFO] click -> [info = UIAImage,,,,/0/0/8/3/1/1], [depth = 3]46ca3ea09b2cbdbdce1f0bb8571ac912-23,321-25,20-//UIAApplication[1]/UIAWindow[1]/UIAScrollView[4]/UIAWebView[1]/UIALink[2]/UIAImage[1]
2016-06-03 00:49:38 sys_log : [INFO] 报告主人,有1个节点任务出栈并加入黑名单 -> 现在还有13个任务待运行, [UIAImage,,,,/0/0/8/3/2/1], 46ca3ea09b2cbdbdce1f0bb8571ac912-23,465-25,20-//UIAApplication[1]/UIAWindow[1]/UIAScrollView[4]/UIAWebView[1]/UIALink[3]/UIAImage[1]
2016-06-03 00:49:43 sys_log : [INFO] 当前节点任务所属窗口是否就是当前窗口 -> false
2016-06-03 00:49:43 sys_log : [INFO] 46ca3ea09b2cbdbdce1f0bb8571ac912 >> c48d1157960f3388a21973e5d0cd95b8, 窗口迁移至新窗口......
2016-06-03 00:49:43 sys_log : [INFO] 相同窗口执行次数 -> 1
2016-06-03 00:49:43 sys_log : [INFO] [UIAImage,,,,/0/0/8/3/2/1], 46ca3ea09b2cbdbdce1f0bb8571ac912 >> c48d1157960f3388a21973e5d0cd95b8, 窗口虽然发生迁移,但已达到最大遍历深度 -> 3, 点击返回......
2016-06-03 00:51:23 sys_log : [INFO] [UIAImage,,,,/0/0/8/3/2/1], 46ca3ea09b2cbdbdce1f0bb8571ac912 >> 开始执行节点任务......
2016-06-03 00:51:40 sys_log : [INFO] click -> [info = UIAImage,,,,/0/0/8/3/2/1], [depth = 3]46ca3ea09b2cbdbdce1f0bb8571ac912-23,465-25,20-//UIAApplication[1]/UIAWindow[1]/UIAScrollView[4]/UIAWebView[1]/UIALink[3]/UIAImage[1]
2016-06-03 00:51:45 sys_log : [INFO] 报告主人,有1个节点任务出栈并加入黑名单 -> 现在还有12个任务待运行, [UIAButton,我,我,1,/0/0/2/5], cddc0507d9286a9cf3eea00c731644aa-242,520-76,48-//UIAApplication[1]/UIAWindow[1]/UIATabBar[1]/UIAButton[4]
2016-06-03 00:51:50 sys_log : [INFO] 当前节点任务所属窗口是否就是当前窗口 -> false
2016-06-03 00:51:50 sys_log : [INFO] cddc0507d9286a9cf3eea00c731644aa >> c48d1157960f3388a21973e5d0cd95b8, 窗口迁移至新窗口......
2016-06-03 00:51:50 sys_log : [INFO] 相同窗口执行次数 -> 2
2016-06-03 00:51:52 sys_log : [INFO] 2个新任务准备入栈......
2016-06-03 00:51:52 sys_log : [INFO] 2个新任务允许入栈......
2016-06-03 00:51:52 sys_log : [INFO] 任务栈已更新, 2个新任务允许入栈, 现在还有15个任务待运行......
2016-06-03 00:51:52 sys_log : [INFO] 任务栈已更新,现在还有14个任务待运行......
2016-06-03 00:51:52 sys_log : [INFO] [UIAButton,today shoucang,today shoucang,,/0/0/0/3], c48d1157960f3388a21973e5d0cd95b8 >> 开始执行节点任务......
2016-06-03 00:51:55 sys_log : [INFO] click -> [info = UIAButton,today shoucang,today shoucang,,/0/0/0/3], [depth = 3]c48d1157960f3388a21973e5d0cd95b8-236,29-30,25-//UIAApplication[1]/UIAWindow[1]/UIANavigationBar[1]/UIAButton[3]
2016-06-03 00:52:00 sys_log : [INFO] 报告主人,有1个节点任务出栈并加入黑名单 -> 现在还有13个任务待运行, [UIAButton,share,share,,/0/0/0/4], c48d1157960f3388a21973e5d0cd95b8-274,29-30,25-//UIAApplication[1]/UIAWindow[1]/UIANavigationBar[1]/UIAButton[4]
2016-06-03 00:52:02 sys_log : [INFO] 当前节点任务所属窗口是否就是当前窗口 -> true
2016-06-03 00:52:02 sys_log : [INFO] [UIAButton,share,share,,/0/0/0/4], c48d1157960f3388a21973e5d0cd95b8 >> 开始执行节点任务......
2016-06-03 00:52:06 sys_log : [INFO] click -> [info = UIAButton,share,share,,/0/0/0/4], [depth = 3]c48d1157960f3388a21973e5d0cd95b8-274,29-30,25-//UIAApplication[1]/UIAWindow[1]/UIANavigationBar[1]/UIAButton[4]
2016-06-03 00:52:10 sys_log : [INFO] c48d1157960f3388a21973e5d0cd95b8 == c48d1157960f3388a21973e5d0cd95b8, 窗口未发生迁移,并且本窗口节点任务已遍历完毕,点击返回......
2016-06-03 00:53:31 sys_log : [INFO] 报告主人,有1个节点任务出栈并加入黑名单 -> 现在还有12个任务待运行, [UIAButton,我,我,1,/0/0/2/5], cddc0507d9286a9cf3eea00c731644aa-242,520-76,48-//UIAApplication[1]/UIAWindow[1]/UIATabBar[1]/UIAButton[4]
2016-06-03 00:53:33 sys_log : [INFO] 当前节点任务所属窗口是否就是当前窗口 -> false
2016-06-03 00:53:33 sys_log : [INFO] cddc0507d9286a9cf3eea00c731644aa >> c48d1157960f3388a21973e5d0cd95b8, 窗口迁移至新窗口......
2016-06-03 00:53:33 sys_log : [INFO] 相同窗口执行次数 -> 3
2016-06-03 00:53:35 sys_log : [INFO] 2个新任务准备入栈......
2016-06-03 00:53:35 sys_log : [INFO] 1个新任务允许入栈......
2016-06-03 00:53:35 sys_log : [INFO] 任务栈已更新, 1个新任务允许入栈, 现在还有14个任务待运行......
2016-06-03 00:53:35 sys_log : [INFO] 任务栈已更新,现在还有13个任务待运行......
2016-06-03 00:53:35 sys_log : [INFO] [UIAButton,today YiShouCang,today YiShouCang,,/0/0/0/3], c48d1157960f3388a21973e5d0cd95b8 >> 开始执行节点任务......
2016-06-03 00:53:39 sys_log : [INFO] click -> [info = UIAButton,today YiShouCang,today YiShouCang,,/0/0/0/3], [depth = 3]c48d1157960f3388a21973e5d0cd95b8-236,29-30,25-//UIAApplication[1]/UIAWindow[1]/UIANavigationBar[1]/UIAButton[3]
2016-06-03 00:53:43 sys_log : [INFO] c48d1157960f3388a21973e5d0cd95b8 == c48d1157960f3388a21973e5d0cd95b8, 窗口未发生迁移,并且本窗口节点任务已遍历完毕,点击返回......
2016-06-03 00:55:22 sys_log : [INFO] 报告主人,有1个节点任务出栈并加入黑名单 -> 现在还有12个任务待运行, [UIAButton,我,我,1,/0/0/2/5], cddc0507d9286a9cf3eea00c731644aa-242,520-76,48-//UIAApplication[1]/UIAWindow[1]/UIATabBar[1]/UIAButton[4]
2016-06-03 00:55:44 sys_log : [INFO] 当前节点任务所属窗口是否就是当前窗口 -> false
2016-06-03 00:55:44 sys_log : [INFO] cddc0507d9286a9cf3eea00c731644aa >> 46ca3ea09b2cbdbdce1f0bb8571ac912, 窗口迁移至新窗口......
2016-06-03 00:55:44 sys_log : [INFO] 相同窗口执行次数 -> 0
2016-06-03 00:56:00 sys_log : [INFO] 10个新任务准备入栈......
2016-06-03 00:56:00 sys_log : [INFO] cddc0507d9286a9cf3eea00c731644aa >> 46ca3ea09b2cbdbdce1f0bb8571ac912, 窗口虽然发生迁移,但没有新任务加入, 并且本窗口节点任务已遍历完毕,点击返回......
2016-06-03 00:57:22 sys_log : [INFO] [UIAButton,我,我,1,/0/0/2/5], cddc0507d9286a9cf3eea00c731644aa >> 开始执行节点任务......
2016-06-03 00:57:39 sys_log : [INFO] click -> [info = UIAButton,我,我,1,/0/0/2/5], [depth = 2]cddc0507d9286a9cf3eea00c731644aa-242,520-76,48-//UIAApplication[1]/UIAWindow[1]/UIATabBar[1]/UIAButton[4]
2016-06-03 00:57:43 sys_log : [INFO] cddc0507d9286a9cf3eea00c731644aa == cddc0507d9286a9cf3eea00c731644aa, 窗口未发生迁移,并且本窗口节点任务已遍历完毕,点击返回......
2016-06-03 00:57:52 sys_log : [INFO] 报告主人,有1个节点任务出栈并加入黑名单 -> 现在还有11个任务待运行, [UIAImage,home_bg_night,,,/0/0/4], 187ea068ebc93a06192abbb8b02caca5-0,0-320,519-//UIAApplication[1]/UIAWindow[1]/UIAImage[2]
2016-06-03 00:57:57 sys_log : [INFO] 当前节点任务所属窗口是否就是当前窗口 -> false
2016-06-03 00:57:57 sys_log : [INFO] 187ea068ebc93a06192abbb8b02caca5 >> cddc0507d9286a9cf3eea00c731644aa, 窗口迁移至新窗口......
2016-06-03 00:57:57 sys_log : [INFO] 相同窗口执行次数 -> 0
2016-06-03 00:57:59 sys_log : [INFO] 10个新任务准备入栈......
2016-06-03 00:57:59 sys_log : [INFO] 187ea068ebc93a06192abbb8b02caca5 >> cddc0507d9286a9cf3eea00c731644aa, 窗口虽然发生迁移,但没有新任务加入, 并且本窗口节点任务已遍历完毕,点击返回......
2016-06-03 00:58:09 sys_log : [INFO] [UIAImage,home_bg_night,,,/0/0/4], 187ea068ebc93a06192abbb8b02caca5 >> 开始执行节点任务......
2016-06-03 00:59:10 sys_log : [ERROR]   节点任务 -> [info = UIAImage,home_bg_night,,,/0/0/4], NoSuchElementException, 弹出下一个节点任务, 187ea068ebc93a06192abbb8b02caca5-0,0-320,519-//UIAApplication[1]/UIAWindow[1]/UIAImage[2]
2016-06-03 00:59:10 sys_log : [INFO] 报告主人,有1个节点任务出栈并加入黑名单 -> 现在还有10个任务待运行, [UIAButton,PA01100000001_02_WDCX,PA01100000001_02_WDCX,,/0/0/5/0/2], 187ea068ebc93a06192abbb8b02caca5-31.5,435-84,84-//UIAApplication[1]/UIAWindow[1]/UIAScrollView[1]/UIAScrollView[1]/UIAButton[1]
2016-06-03 00:59:12 sys_log : [INFO] 当前节点任务所属窗口是否就是当前窗口 -> false
2016-06-03 00:59:12 sys_log : [INFO] 187ea068ebc93a06192abbb8b02caca5 >> cddc0507d9286a9cf3eea00c731644aa, 窗口迁移至新窗口......
2016-06-03 00:59:12 sys_log : [INFO] 相同窗口执行次数 -> 1
2016-06-03 00:59:14 sys_log : [INFO] 10个新任务准备入栈......
2016-06-03 00:59:14 sys_log : [INFO] 187ea068ebc93a06192abbb8b02caca5 >> cddc0507d9286a9cf3eea00c731644aa, 窗口虽然发生迁移,但没有新任务加入, 并且本窗口节点任务已遍历完毕,点击返回......
2016-06-03 00:59:23 sys_log : [INFO] [UIAButton,PA01100000001_02_WDCX,PA01100000001_02_WDCX,,/0/0/5/0/2], 187ea068ebc93a06192abbb8b02caca5 >> 开始执行节点任务......
2016-06-03 01:00:24 sys_log : [ERROR]   节点任务 -> [info = UIAButton,PA01100000001_02_WDCX,PA01100000001_02_WDCX,,/0/0/5/0/2], NoSuchElementException, 弹出下一个节点任务, 187ea068ebc93a06192abbb8b02caca5-31.5,435-84,84-//UIAApplication[1]/UIAWindow[1]/UIAScrollView[1]/UIAScrollView[1]/UIAButton[1]
2016-06-03 01:00:24 sys_log : [INFO] 报告主人,有1个节点任务出栈并加入黑名单 -> 现在还有9个任务待运行, [UIAButton,PA02100000001_02_JF,PA02100000001_02_JF,,/0/0/5/0/8], 187ea068ebc93a06192abbb8b02caca5-116.9000015258789,435-83.99999237060547,84-//UIAApplication[1]/UIAWindow[1]/UIAScrollView[1]/UIAScrollView[1]/UIAButton[2]
2016-06-03 01:00:26 sys_log : [INFO] 当前节点任务所属窗口是否就是当前窗口 -> false
2016-06-03 01:00:26 sys_log : [INFO] 187ea068ebc93a06192abbb8b02caca5 >> cddc0507d9286a9cf3eea00c731644aa, 窗口迁移至新窗口......
2016-06-03 01:00:26 sys_log : [INFO] 相同窗口执行次数 -> 2
2016-06-03 01:00:28 sys_log : [INFO] 10个新任务准备入栈......
2016-06-03 01:00:28 sys_log : [INFO] 187ea068ebc93a06192abbb8b02caca5 >> cddc0507d9286a9cf3eea00c731644aa, 窗口虽然发生迁移,但没有新任务加入, 并且本窗口节点任务已遍历完毕,点击返回......
2016-06-03 01:00:38 sys_log : [INFO] [UIAButton,PA02100000001_02_JF,PA02100000001_02_JF,,/0/0/5/0/8], 187ea068ebc93a06192abbb8b02caca5 >> 开始执行节点任务......
2016-06-03 01:01:40 sys_log : [ERROR]   节点任务 -> [info = UIAButton,PA02100000001_02_JF,PA02100000001_02_JF,,/0/0/5/0/8], NoSuchElementException, 弹出下一个节点任务, 187ea068ebc93a06192abbb8b02caca5-116.9000015258789,435-83.99999237060547,84-//UIAApplication[1]/UIAWindow[1]/UIAScrollView[1]/UIAScrollView[1]/UIAButton[2]
2016-06-03 01:01:40 sys_log : [INFO] 报告主人,有1个节点任务出栈并加入黑名单 -> 现在还有8个任务待运行, [UIAButton,SZDBK00000000_02_ZHCX,SZDBK00000000_02_ZHCX,,/0/0/5/0/15], 187ea068ebc93a06192abbb8b02caca5-202.3000030517578,435-83.99998474121094,84-//UIAApplication[1]/UIAWindow[1]/UIAScrollView[1]/UIAScrollView[1]/UIAButton[3]
2016-06-03 01:01:42 sys_log : [INFO] 当前节点任务所属窗口是否就是当前窗口 -> false
2016-06-03 01:01:42 sys_log : [INFO] 187ea068ebc93a06192abbb8b02caca5 >> cddc0507d9286a9cf3eea00c731644aa, 窗口迁移至新窗口......
2016-06-03 01:01:42 sys_log : [INFO] 相同窗口执行次数 -> 3
2016-06-03 01:01:44 sys_log : [INFO] 10个新任务准备入栈......
2016-06-03 01:01:44 sys_log : [INFO] 187ea068ebc93a06192abbb8b02caca5 >> cddc0507d9286a9cf3eea00c731644aa, 窗口虽然发生迁移,但没有新任务加入, 并且本窗口节点任务已遍历完毕,点击返回......
2016-06-03 01:01:53 sys_log : [INFO] [UIAButton,SZDBK00000000_02_ZHCX,SZDBK00000000_02_ZHCX,,/0/0/5/0/15], 187ea068ebc93a06192abbb8b02caca5 >> 开始执行节点任务......
2016-06-03 01:02:54 sys_log : [ERROR]   节点任务 -> [info = UIAButton,SZDBK00000000_02_ZHCX,SZDBK00000000_02_ZHCX,,/0/0/5/0/15], NoSuchElementException, 弹出下一个节点任务, 187ea068ebc93a06192abbb8b02caca5-202.3000030517578,435-83.99998474121094,84-//UIAApplication[1]/UIAWindow[1]/UIAScrollView[1]/UIAScrollView[1]/UIAButton[3]
2016-06-03 01:02:54 sys_log : [INFO] 报告主人,有1个节点任务出栈并加入黑名单 -> 现在还有7个任务待运行, [UIAButton,SZDBK00000000_02_XYKWS,SZDBK00000000_02_XYKWS,,/0/0/5/0/20], 187ea068ebc93a06192abbb8b02caca5-287.70001220703125,435-84,84-//UIAApplication[1]/UIAWindow[1]/UIAScrollView[1]/UIAScrollView[1]/UIAButton[4]
2016-06-03 01:02:56 sys_log : [INFO] 当前节点任务所属窗口是否就是当前窗口 -> false
2016-06-03 01:02:56 sys_log : [INFO] 187ea068ebc93a06192abbb8b02caca5 >> cddc0507d9286a9cf3eea00c731644aa, 窗口迁移至新窗口......
2016-06-03 01:02:56 sys_log : [INFO] 相同窗口执行次数 -> 4
2016-06-03 01:02:58 sys_log : [INFO] 10个新任务准备入栈......
2016-06-03 01:02:58 sys_log : [INFO] 187ea068ebc93a06192abbb8b02caca5 >> cddc0507d9286a9cf3eea00c731644aa, 窗口虽然发生迁移,但没有新任务加入, 并且本窗口节点任务已遍历完毕,点击返回......
2016-06-03 01:03:08 sys_log : [INFO] [UIAButton,SZDBK00000000_02_XYKWS,SZDBK00000000_02_XYKWS,,/0/0/5/0/20], 187ea068ebc93a06192abbb8b02caca5 >> 开始执行节点任务......
2016-06-03 01:04:09 sys_log : [ERROR]   节点任务 -> [info = UIAButton,SZDBK00000000_02_XYKWS,SZDBK00000000_02_XYKWS,,/0/0/5/0/20], NoSuchElementException, 弹出下一个节点任务, 187ea068ebc93a06192abbb8b02caca5-287.70001220703125,435-84,84-//UIAApplication[1]/UIAWindow[1]/UIAScrollView[1]/UIAScrollView[1]/UIAButton[4]
2016-06-03 01:04:09 sys_log : [INFO] 报告主人,有1个节点任务出栈并加入黑名单 -> 现在还有6个任务待运行, [UIAButton,,,,/0/0/5/3], 187ea068ebc93a06192abbb8b02caca5-19.974987030029297,464.92498779296875-24.14999771118164,24.149993896484375-//UIAApplication[1]/UIAWindow[1]/UIAScrollView[1]/UIAButton[1]
2016-06-03 01:04:10 sys_log : [INFO] 当前节点任务所属窗口是否就是当前窗口 -> false
2016-06-03 01:04:10 sys_log : [INFO] 187ea068ebc93a06192abbb8b02caca5 >> cddc0507d9286a9cf3eea00c731644aa, 窗口迁移至新窗口......
2016-06-03 01:04:10 sys_log : [INFO] 相同窗口执行次数 -> 5
2016-06-03 01:04:12 sys_log : [INFO] 10个新任务准备入栈......
2016-06-03 01:04:12 sys_log : [INFO] 187ea068ebc93a06192abbb8b02caca5 >> cddc0507d9286a9cf3eea00c731644aa, 窗口虽然发生迁移,但没有新任务加入, 并且本窗口节点任务已遍历完毕,点击返回......
2016-06-03 01:04:22 sys_log : [INFO] [UIAButton,,,,/0/0/5/3], 187ea068ebc93a06192abbb8b02caca5 >> 开始执行节点任务......
2016-06-03 01:05:23 sys_log : [ERROR]   节点任务 -> [info = UIAButton,,,,/0/0/5/3], NoSuchElementException, 弹出下一个节点任务, 187ea068ebc93a06192abbb8b02caca5-19.974987030029297,464.92498779296875-24.14999771118164,24.149993896484375-//UIAApplication[1]/UIAWindow[1]/UIAScrollView[1]/UIAButton[1]
2016-06-03 01:05:23 sys_log : [INFO] 报告主人,有1个节点任务出栈并加入黑名单 -> 现在还有5个任务待运行, [UIAButton,,,,/0/0/6/17], 187ea068ebc93a06192abbb8b02caca5-122.5,60-75,53.5-//UIAApplication[1]/UIAWindow[1]/UIATableView[1]/UIAButton[4]
2016-06-03 01:05:25 sys_log : [INFO] 当前节点任务所属窗口是否就是当前窗口 -> false
2016-06-03 01:05:25 sys_log : [INFO] 187ea068ebc93a06192abbb8b02caca5 >> cddc0507d9286a9cf3eea00c731644aa, 窗口迁移至新窗口......
2016-06-03 01:05:25 sys_log : [INFO] 相同窗口执行次数 -> 6
2016-06-03 01:05:27 sys_log : [INFO] 10个新任务准备入栈......
2016-06-03 01:05:27 sys_log : [INFO] 187ea068ebc93a06192abbb8b02caca5 >> cddc0507d9286a9cf3eea00c731644aa, 窗口虽然发生迁移,但没有新任务加入, 并且本窗口节点任务已遍历完毕,点击返回......
2016-06-03 01:05:36 sys_log : [INFO] [UIAButton,,,,/0/0/6/17], 187ea068ebc93a06192abbb8b02caca5 >> 开始执行节点任务......
2016-06-03 01:09:25 sys_log : [ERROR]   节点任务 -> [info = UIAButton,,,,/0/0/6/17], 发生未知异常, 弹出下一个节点任务, 187ea068ebc93a06192abbb8b02caca5-122.5,60-75,53.5-//UIAApplication[1]/UIAWindow[1]/UIATableView[1]/UIAButton[4]
2016-06-03 01:09:25 sys_log : [ERROR]   org.openqa.selenium.WebDriverException: Instruments died while responding to command, please check appium logs (WARNING: The server did not provide any stacktrace information)
Command duration or timeout: 228.24 seconds
Build info: version: '2.53.0', revision: '35ae25b', time: '2016-03-15 17:00:58'
System info: host: 'macdeMBP', ip: '192.168.1.7', os.name: 'Mac OS X', os.arch: 'x86_64', os.version: '10.10.5', java.version: '1.8.0_74'
Driver info: io.appium.java_client.ios.IOSDriver
Capabilities [{app=/Users/mac/Desktop/apk/PANewToapAPP.app, networkConnectionEnabled=false, noReset=false, warnings={}, appiumVersion=1.0, bundleId=com.pingan.yizhangtong, language=zh-Hans, databaseEnabled=false, deviceName=iPhone 5, platform=MAC, desired={app=/Users/mac/Desktop/apk/PANewToapAPP.app, noReset=false, autoLaunch=true, appiumVersion=1.0, platformVersion=8.2, bundleId=com.pingan.yizhangtong, language=zh-Hans, udid=d32975a39224bc409796bcdc75956cd6530edbdb, platformName=iOS, deviceName=iPhone 5, autoAcceptAlerts=true}, autoLaunch=true, platformVersion=8.2, webStorageEnabled=false, locationContextEnabled=false, browserName=iOS, takesScreenshot=true, javascriptEnabled=true, udid=d32975a39224bc409796bcdc75956cd6530edbdb, platformName=iOS, autoAcceptAlerts=true}]
Session ID: 61a5b3cb-17f1-44a6-900e-d0f624a3b02f
*** Element info: {Using=xpath, value=//UIAApplication[1]/UIAWindow[1]/UIATableView[1]/UIAButton[4]}
2016-06-03 01:09:25 sys_log : [INFO] 报告主人,有1个节点任务出栈并加入黑名单 -> 现在还有4个任务待运行, [UIAImage,,,,/0/0/7/1], 187ea068ebc93a06192abbb8b02caca5-0,519-320,49-//UIAApplication[1]/UIAWindow[1]/UIATabBar[1]/UIAImage[2]
2016-06-03 01:09:25 sys_log : [ERROR]   会话丢失,退出 >> 节点任务 -> [info = UIAImage,,,,/0/0/7/1], NoSuchSessionException, 弹出下一个节点任务, 187ea068ebc93a06192abbb8b02caca5-0,519-320,49-//UIAApplication[1]/UIAWindow[1]/UIATabBar[1]/UIAImage[2]
2016-06-03 01:09:26 sys_log : [INFO] 开始创建视频......
