2016-06-03 10:14:52 sys_log : [INFO] 遍历测试持续时间 -> 50.02s
2016-06-03 10:15:02 sys_log : [INFO] 遍历测试持续时间 -> 1.00m
2016-06-03 10:15:12 sys_log : [INFO] click -> com.pingan.yzt:id/btnnext
2016-06-03 10:15:12 sys_log : [INFO] 遍历测试持续时间 -> 1.17m
2016-06-03 10:15:20 sys_log : [INFO] click -> com.pingan.yzt:id/text_home_head_login
2016-06-03 10:15:22 sys_log : [INFO] 遍历测试持续时间 -> 1.33m
2016-06-03 10:15:25 sys_log : [INFO] click -> com.pingan.yzt:id/otp_tv_login_with_username
2016-06-03 10:15:30 sys_log : [INFO] input -> com.pingan.yzt:id/tv_loginAccount, sendKeys -> 15618971003
2016-06-03 10:15:32 sys_log : [INFO] 遍历测试持续时间 -> 1.50m
2016-06-03 10:15:42 sys_log : [INFO] 遍历测试持续时间 -> 1.67m
2016-06-03 10:15:43 sys_log : [INFO] input -> com.pingan.yzt:id/loginPassword, sendKeys -> qwer2015
2016-06-03 10:15:52 sys_log : [INFO] 遍历测试持续时间 -> 1.83m
2016-06-03 10:15:53 sys_log : [INFO] click -> com.pingan.yzt:id/tv_login
2016-06-03 10:15:58 sys_log : [INFO] input -> com.pingan.yzt:id/et_input, sendKeys -> 8888
2016-06-03 10:16:02 sys_log : [INFO] 遍历测试持续时间 -> 2.00m
2016-06-03 10:16:11 sys_log : [INFO] click -> com.pingan.yzt:id/tv_ok
2016-06-03 10:16:12 sys_log : [INFO] 遍历测试持续时间 -> 2.17m
2016-06-03 10:16:15 sys_log : [INFO] gesture -> //android.widget.FrameLayout[@resource-id='com.pingan.yzt:id/gesture_container']//android.view.View[1]//android.widget.ImageView
2016-06-03 10:16:22 sys_log : [INFO] 遍历测试持续时间 -> 2.33m
2016-06-03 10:16:32 sys_log : [INFO] 遍历测试持续时间 -> 2.50m
2016-06-03 10:16:36 sys_log : [INFO] ########################### 开始执行探索性遍历测试 ###########################
2016-06-03 10:16:37 sys_log : [INFO] 报告主人,有1个节点任务出栈并加入黑名单 -> 现在还有25个任务待运行, [android.widget.LinearLayout,,,], c29913d121585440515d6262d03d1140-0,50-720,170-//android.widget.FrameLayout[1]/android.widget.LinearLayout[1]/android.widget.FrameLayout[1]/android.widget.LinearLayout[1]/android.widget.FrameLayout[1]/android.widget.FrameLayout[1]/android.widget.FrameLayout[1]/android.widget.ListView[1]/android.widget.LinearLayout[1]
2016-06-03 10:16:41 sys_log : [INFO] 当前节点任务所属窗口是否就是当前窗口 -> true
2016-06-03 10:16:41 sys_log : [INFO] [android.widget.LinearLayout,,,], c29913d121585440515d6262d03d1140 >> 开始执行节点任务......
2016-06-03 10:16:41 sys_log : [INFO] click -> [info = android.widget.LinearLayout,,,], [depth = 1]c29913d121585440515d6262d03d1140-0,50-720,170-//android.widget.FrameLayout[1]/android.widget.LinearLayout[1]/android.widget.FrameLayout[1]/android.widget.LinearLayout[1]/android.widget.FrameLayout[1]/android.widget.FrameLayout[1]/android.widget.FrameLayout[1]/android.widget.ListView[1]/android.widget.LinearLayout[1]
2016-06-03 10:16:42 sys_log : [INFO] 遍历测试持续时间 -> 2.67m
2016-06-03 10:16:48 sys_log : [INFO] 报告主人,有1个节点任务出栈并加入黑名单 -> 现在还有24个任务待运行, [android.widget.TextView,我的资产,,com.pingan.yzt:id/text_home_head_title], c29913d121585440515d6262d03d1140-280,170-440,258-//android.widget.FrameLayout[1]/android.widget.LinearLayout[1]/android.widget.FrameLayout[1]/android.widget.LinearLayout[1]/android.widget.FrameLayout[1]/android.widget.FrameLayout[1]/android.widget.FrameLayout[1]/android.widget.ListView[1]/android.widget.RelativeLayout[1]/android.widget.FrameLayout[1]/android.widget.LinearLayout[1]/android.widget.RelativeLayout[1]/android.widget.TextView[1]
2016-06-03 10:16:50 sys_log : [INFO] 当前节点任务所属窗口是否就是当前窗口 -> true
2016-06-03 10:16:50 sys_log : [INFO] [android.widget.TextView,我的资产,,com.pingan.yzt:id/text_home_head_title], c29913d121585440515d6262d03d1140 >> 开始执行节点任务......
2016-06-03 10:16:51 sys_log : [INFO] click -> [info = android.widget.TextView,我的资产,,com.pingan.yzt:id/text_home_head_title], [depth = 1]c29913d121585440515d6262d03d1140-280,170-440,258-//android.widget.FrameLayout[1]/android.widget.LinearLayout[1]/android.widget.FrameLayout[1]/android.widget.LinearLayout[1]/android.widget.FrameLayout[1]/android.widget.FrameLayout[1]/android.widget.FrameLayout[1]/android.widget.ListView[1]/android.widget.RelativeLayout[1]/android.widget.FrameLayout[1]/android.widget.LinearLayout[1]/android.widget.RelativeLayout[1]/android.widget.TextView[1]
2016-06-03 10:16:52 sys_log : [INFO] 遍历测试持续时间 -> 2.83m
2016-06-03 10:16:58 sys_log : [INFO] 报告主人,有1个节点任务出栈并加入黑名单 -> 现在还有23个任务待运行, [android.widget.TextView,0.,,com.pingan.yzt:id/text_home_asset], c29913d121585440515d6262d03d1140-279,272-351,389-//android.widget.FrameLayout[1]/android.widget.LinearLayout[1]/android.widget.FrameLayout[1]/android.widget.LinearLayout[1]/android.widget.FrameLayout[1]/android.widget.FrameLayout[1]/android.widget.FrameLayout[1]/android.widget.ListView[1]/android.widget.RelativeLayout[1]/android.widget.FrameLayout[1]/android.widget.LinearLayout[1]/android.widget.RelativeLayout[1]/android.widget.RelativeLayout[1]/android.widget.LinearLayout[1]/android.widget.TextView[1]
2016-06-03 10:17:01 sys_log : [INFO] 当前节点任务所属窗口是否就是当前窗口 -> true
2016-06-03 10:17:01 sys_log : [INFO] [android.widget.TextView,0.,,com.pingan.yzt:id/text_home_asset], c29913d121585440515d6262d03d1140 >> 开始执行节点任务......
2016-06-03 10:17:01 sys_log : [INFO] click -> [info = android.widget.TextView,0.,,com.pingan.yzt:id/text_home_asset], [depth = 1]c29913d121585440515d6262d03d1140-279,272-351,389-//android.widget.FrameLayout[1]/android.widget.LinearLayout[1]/android.widget.FrameLayout[1]/android.widget.LinearLayout[1]/android.widget.FrameLayout[1]/android.widget.FrameLayout[1]/android.widget.FrameLayout[1]/android.widget.ListView[1]/android.widget.RelativeLayout[1]/android.widget.FrameLayout[1]/android.widget.LinearLayout[1]/android.widget.RelativeLayout[1]/android.widget.RelativeLayout[1]/android.widget.LinearLayout[1]/android.widget.TextView[1]
2016-06-03 10:17:02 sys_log : [INFO] 遍历测试持续时间 -> 3.00m
2016-06-03 10:17:05 sys_log : [INFO] 报告主人,有1个节点任务出栈并加入黑名单 -> 现在还有22个任务待运行, [android.widget.TextView,00元,,com.pingan.yzt:id/text_home_asset2], c29913d121585440515d6262d03d1140-351,335-441,373-//android.widget.FrameLayout[1]/android.widget.LinearLayout[1]/android.widget.FrameLayout[1]/android.widget.LinearLayout[1]/android.widget.FrameLayout[1]/android.widget.FrameLayout[1]/android.widget.FrameLayout[1]/android.widget.ListView[1]/android.widget.RelativeLayout[1]/android.widget.FrameLayout[1]/android.widget.LinearLayout[1]/android.widget.RelativeLayout[1]/android.widget.RelativeLayout[1]/android.widget.LinearLayout[1]/android.widget.TextView[2]
2016-06-03 10:17:06 sys_log : [ERROR]   节点任务 -> [info = android.widget.TextView,00元,,com.pingan.yzt:id/text_home_asset2], 发生未知异常, 弹出下一个节点任务, c29913d121585440515d6262d03d1140-351,335-441,373-//android.widget.FrameLayout[1]/android.widget.LinearLayout[1]/android.widget.FrameLayout[1]/android.widget.LinearLayout[1]/android.widget.FrameLayout[1]/android.widget.FrameLayout[1]/android.widget.FrameLayout[1]/android.widget.ListView[1]/android.widget.RelativeLayout[1]/android.widget.FrameLayout[1]/android.widget.LinearLayout[1]/android.widget.RelativeLayout[1]/android.widget.RelativeLayout[1]/android.widget.LinearLayout[1]/android.widget.TextView[2]
2016-06-03 10:17:06 sys_log : [ERROR]   org.openqa.selenium.WebDriverException: An unknown server-side error occurred while processing the command. (WARNING: The server did not provide any stacktrace information)
Command duration or timeout: 10 milliseconds
Build info: version: '2.53.0', revision: '35ae25b', time: '2016-03-15 17:00:58'
System info: host: 'macdeMacBook-Pro.local', ip: '172.18.17.224', os.name: 'Mac OS X', os.arch: 'x86_64', os.version: '10.10.5', java.version: '1.8.0_74'
Driver info: io.appium.java_client.android.AndroidDriver
Capabilities [{app=/Users/mac/Desktop/apk/yizhangtong.apk, appPackage=com.pingan.yzt, networkConnectionEnabled=true, noReset=false, noSign=true, warnings={}, appiumVersion=1.0, language=zh-Hans, databaseEnabled=false, deviceName=eccb30368643, platform=LINUX, appActivity=com.pingan.yzt.SplashActivityPro, desired={app=/Users/mac/Desktop/apk/yizhangtong.apk, appPackage=com.pingan.yzt, noReset=false, noSign=true, appiumVersion=1.0, language=zh-Hans, deviceName=Mi4, appActivity=com.pingan.yzt.SplashActivityPro, autoLaunch=true, platformVersion=4.3, unicodeKeyboard=true, udid=eccb30368643, platformName=Android, resetKeyboard=true}, autoLaunch=true, platformVersion=4.3, webStorageEnabled=false, locationContextEnabled=false, browserName=Android, takesScreenshot=true, javascriptEnabled=true, unicodeKeyboard=true, udid=eccb30368643, platformName=Android, resetKeyboard=true}]
Session ID: 48fc8e36-8264-4730-b626-579ef21c9b29
2016-06-03 10:17:06 sys_log : [INFO] 报告主人,有1个节点任务出栈并加入黑名单 -> 现在还有21个任务待运行, [android.widget.TextView,榜单就差你了,,com.pingan.yzt:id/text_home_title_transcend], c29913d121585440515d6262d03d1140-96,525-264,563-//android.widget.FrameLayout[1]/android.widget.LinearLayout[1]/android.widget.FrameLayout[1]/android.widget.LinearLayout[1]/android.widget.FrameLayout[1]/android.widget.FrameLayout[1]/android.widget.FrameLayout[1]/android.widget.ListView[1]/android.widget.RelativeLayout[1]/android.widget.FrameLayout[1]/android.widget.LinearLayout[1]/android.widget.RelativeLayout[1]/android.widget.LinearLayout[1]/android.widget.LinearLayout[1]/android.widget.TextView[1]
2016-06-03 10:17:08 sys_log : [ERROR]   节点任务 -> [info = android.widget.TextView,榜单就差你了,,com.pingan.yzt:id/text_home_title_transcend], 发生未知异常, 弹出下一个节点任务, c29913d121585440515d6262d03d1140-96,525-264,563-//android.widget.FrameLayout[1]/android.widget.LinearLayout[1]/android.widget.FrameLayout[1]/android.widget.LinearLayout[1]/android.widget.FrameLayout[1]/android.widget.FrameLayout[1]/android.widget.FrameLayout[1]/android.widget.ListView[1]/android.widget.RelativeLayout[1]/android.widget.FrameLayout[1]/android.widget.LinearLayout[1]/android.widget.RelativeLayout[1]/android.widget.LinearLayout[1]/android.widget.LinearLayout[1]/android.widget.TextView[1]
2016-06-03 10:17:08 sys_log : [ERROR]   org.openqa.selenium.WebDriverException: An unknown server-side error occurred while processing the command. (WARNING: The server did not provide any stacktrace information)
Command duration or timeout: 5 milliseconds
Build info: version: '2.53.0', revision: '35ae25b', time: '2016-03-15 17:00:58'
System info: host: 'macdeMacBook-Pro.local', ip: '172.18.17.224', os.name: 'Mac OS X', os.arch: 'x86_64', os.version: '10.10.5', java.version: '1.8.0_74'
Driver info: io.appium.java_client.android.AndroidDriver
Capabilities [{app=/Users/mac/Desktop/apk/yizhangtong.apk, appPackage=com.pingan.yzt, networkConnectionEnabled=true, noReset=false, noSign=true, warnings={}, appiumVersion=1.0, language=zh-Hans, databaseEnabled=false, deviceName=eccb30368643, platform=LINUX, appActivity=com.pingan.yzt.SplashActivityPro, desired={app=/Users/mac/Desktop/apk/yizhangtong.apk, appPackage=com.pingan.yzt, noReset=false, noSign=true, appiumVersion=1.0, language=zh-Hans, deviceName=Mi4, appActivity=com.pingan.yzt.SplashActivityPro, autoLaunch=true, platformVersion=4.3, unicodeKeyboard=true, udid=eccb30368643, platformName=Android, resetKeyboard=true}, autoLaunch=true, platformVersion=4.3, webStorageEnabled=false, locationContextEnabled=false, browserName=Android, takesScreenshot=true, javascriptEnabled=true, unicodeKeyboard=true, udid=eccb30368643, platformName=Android, resetKeyboard=true}]
Session ID: 48fc8e36-8264-4730-b626-579ef21c9b29
2016-06-03 10:17:08 sys_log : [INFO] 报告主人,有1个节点任务出栈并加入黑名单 -> 现在还有20个任务待运行, [android.widget.LinearLayout,,,com.pingan.yzt:id/ll_home_title_accelerate], c29913d121585440515d6262d03d1140-461,471-619,509-//android.widget.FrameLayout[1]/android.widget.LinearLayout[1]/android.widget.FrameLayout[1]/android.widget.LinearLayout[1]/android.widget.FrameLayout[1]/android.widget.FrameLayout[1]/android.widget.FrameLayout[1]/android.widget.ListView[1]/android.widget.RelativeLayout[1]/android.widget.FrameLayout[1]/android.widget.LinearLayout[1]/android.widget.RelativeLayout[1]/android.widget.LinearLayout[1]/android.widget.LinearLayout[2]/android.widget.LinearLayout[1]
2016-06-03 10:17:09 sys_log : [INFO] 开始统计异常信息...
2016-06-03 10:17:09 sys_log : [INFO] 统计异常信息完毕!
2016-06-03 10:17:09 sys_log : [INFO] 开始创建视频......
2016-06-03 10:17:10 sys_log : [ERROR]   会话丢失,退出 >> 节点任务 -> [info = android.widget.LinearLayout,,,com.pingan.yzt:id/ll_home_title_accelerate], NoSuchSessionException, 弹出下一个节点任务, c29913d121585440515d6262d03d1140-461,471-619,509-//android.widget.FrameLayout[1]/android.widget.LinearLayout[1]/android.widget.FrameLayout[1]/android.widget.LinearLayout[1]/android.widget.FrameLayout[1]/android.widget.FrameLayout[1]/android.widget.FrameLayout[1]/android.widget.ListView[1]/android.widget.RelativeLayout[1]/android.widget.FrameLayout[1]/android.widget.LinearLayout[1]/android.widget.RelativeLayout[1]/android.widget.LinearLayout[1]/android.widget.LinearLayout[2]/android.widget.LinearLayout[1]
2016-06-03 10:17:12 sys_log : [INFO] 创建视频完毕!
